TN:
SF:/src/contracts/interfaces/INofeeswap.sol
DA:1,0
end_of_record

SF:/src/contracts/interfaces/ISentinel.sol
end_of_record

SF:/src/contracts/interfaces/IStorageAccess.sol
end_of_record

SF:/src/contracts/interfaces/ITransientAccess.sol
end_of_record

SF:/src/contracts/utilities/Calldata.sol
DA:401,2
DA:411,5
DA:415,4
DA:416,3
DA:419,4
DA:425,4
DA:426,3
DA:429,19
DA:430,18
DA:431,4
DA:437,4
DA:440,5
DA:443,5
DA:447,5
DA:450,5
DA:452,28
DA:482,4
DA:483,4
DA:484,5
DA:485,13
DA:486,1
DA:488,8
DA:489,4
DA:490,4
end_of_record

SF:/src/contracts/utilities/Curve.sol
DA:61,0
end_of_record

SF:/src/contracts/utilities/Errors.sol
end_of_record

SF:/src/contracts/utilities/Events.sol
end_of_record

SF:/src/contracts/utilities/FullMath.sol
DA:9,0
end_of_record

SF:/src/contracts/utilities/Index.sol
DA:121,0
end_of_record

SF:/src/contracts/utilities/Kernel.sol
DA:86,0
end_of_record

SF:/src/contracts/utilities/KernelCompact.sol
DA:73,0
end_of_record

SF:/src/contracts/utilities/Memory.sol
DA:42,30
DA:5470,167
DA:5527,2
DA:5530,2
DA:5565,2
DA:5568,2
DA:5573,2
DA:5576,12
DA:5595,2
DA:5598,2
DA:5980,2
DA:5983,2
DA:5996,2
DA:5999,2
DA:6056,2
DA:6059,12
DA:6500,2
DA:6503,2
end_of_record

SF:/src/contracts/utilities/PoolId.sol
end_of_record

SF:/src/contracts/utilities/Price.sol
DA:8,0
end_of_record

SF:/src/contracts/utilities/SentinelCalls.sol
end_of_record

SF:/src/contracts/utilities/Storage.sol
end_of_record

SF:/src/contracts/utilities/Tag.sol
DA:99,0
end_of_record

SF:/src/contracts/utilities/X111.sol
DA:127,0
end_of_record

SF:/src/contracts/utilities/X127.sol
DA:155,0
end_of_record

SF:/src/contracts/utilities/X15.sol
end_of_record

SF:/src/contracts/utilities/X208.sol
DA:111,0
end_of_record

SF:/src/contracts/utilities/X216.sol
DA:320,0
end_of_record

SF:/src/contracts/utilities/X23.sol
end_of_record

SF:/src/contracts/utilities/X47.sol
end_of_record

SF:/src/contracts/utilities/X59.sol
DA:154,0
end_of_record

SF:/src/contracts/utilities/X74.sol
DA:62,0
end_of_record

SF:/src/echidna/ReadDonateInputTest.sol
DA:23,450
DA:26,2
DA:27,9
DA:31,4
DA:32,5
DA:33,5
DA:34,5
DA:35,5
DA:36,5
DA:37,5
DA:38,22
DA:48,38
DA:49,4
DA:50,4
DA:51,4
DA:52,4
DA:53,4
DA:54,10
DA:60,0
DA:64,9
DA:70,63
DA:73,16
DA:74,22
DA:82,5
DA:83,12
DA:84,22
DA:86,6
DA:87,35
DA:88,59
DA:91,29
DA:95,6
DA:96,13
DA:114,8
DA:115,26
DA:118,11
DA:125,4
DA:126,5
DA:127,5
DA:128,5
DA:130,5
DA:131,5
DA:132,5
DA:133,5
DA:137,12
DA:139,12
DA:141,28
DA:142,6
DA:143,1
DA:144,1
DA:145,1
DA:146,6
DA:152,1380
DA:156,2
DA:157,43
DA:160,6
DA:169,5
DA:174,10
DA:178,17
DA:182,28
DA:184,6
DA:187,14
DA:193,18
DA:197,19
DA:198,18
DA:201,9
DA:202,13
DA:204,12
DA:205,55
DA:206,8
DA:209,18
DA:210,18
DA:212,18
end_of_record

