TN:
SF:/src/contracts/Nofeeswap.sol
DA:1,0
DA:115,68
DA:119,32
DA:120,11
DA:121,11
DA:122,15
DA:126,0
DA:128,0
DA:131,0
DA:135,0
DA:139,0
DA:141,0
DA:145,0
DA:150,0
DA:152,0
DA:156,0
DA:160,0
DA:162,0
DA:166,0
DA:171,0
DA:173,0
DA:174,0
DA:178,0
DA:184,0
DA:187,0
DA:188,0
DA:189,0
DA:193,0
DA:198,0
DA:200,0
DA:201,0
DA:202,0
DA:206,0
DA:210,0
DA:212,0
DA:213,0
DA:214,0
DA:218,0
DA:223,0
DA:225,0
DA:227,0
DA:228,0
DA:229,0
DA:233,0
DA:235,0
DA:238,0
DA:242,0
DA:248,0
DA:249,0
DA:251,0
DA:253,0
DA:254,0
DA:256,0
DA:260,0
DA:262,0
DA:263,0
DA:267,0
DA:269,0
DA:270,0
DA:271,0
DA:272,0
DA:276,0
DA:280,0
DA:284,0
DA:286,0
DA:287,0
DA:291,0
DA:293,0
DA:294,0
DA:295,0
DA:296,0
DA:300,0
DA:304,0
DA:306,0
DA:307,0
DA:309,0
DA:310,0
DA:311,0
DA:312,0
DA:313,0
DA:314,0
DA:315,0
DA:318,0
DA:319,0
DA:320,0
DA:321,0
DA:322,0
DA:323,0
DA:324,0
DA:330,0
DA:334,0
DA:336,0
DA:356,0
DA:357,0
DA:360,0
DA:363,0
DA:366,0
DA:369,0
DA:372,0
DA:375,0
DA:377,0
DA:378,0
DA:379,0
DA:381,0
DA:383,0
DA:386,0
DA:391,0
DA:393,0
DA:394,0
DA:397,0
DA:398,0
DA:402,0
DA:404,0
DA:407,0
DA:408,0
DA:413,0
DA:416,0
DA:417,0
DA:418,0
DA:419,0
DA:421,0
DA:423,0
DA:427,0
DA:432,0
DA:433,0
DA:434,0
DA:438,0
DA:444,0
DA:445,0
DA:446,0
DA:450,0
DA:457,0
DA:458,0
DA:459,0
DA:463,0
DA:466,0
DA:467,0
DA:471,0
DA:475,0
DA:476,0
DA:477,0
DA:481,0
DA:482,0
DA:483,0
DA:484,0
DA:486,0
DA:487,0
DA:488,0
DA:489,0
DA:490,0
DA:491,0
DA:493,0
DA:494,0
DA:495,0
DA:496,0
DA:497,0
DA:498,0
DA:499,0
DA:500,0
DA:501,0
DA:502,0
DA:504,0
DA:505,0
DA:507,0
DA:508,0
DA:511,0
DA:515,0
DA:520,0
DA:521,0
DA:524,0
DA:526,0
DA:527,0
DA:529,0
DA:534,25
DA:537,1
DA:538,1
DA:540,4
DA:543,4
DA:546,2
DA:549,6
DA:553,3
DA:554,1
DA:555,1
DA:556,1
DA:558,1
DA:559,1
DA:562,1
DA:563,1
DA:566,4
DA:567,3
DA:571,3
DA:576,0
DA:583,0
DA:584,0
DA:585,0
DA:586,0
DA:588,0
DA:592,0
DA:595,0
DA:598,0
DA:599,0
DA:602,0
DA:606,0
DA:609,0
DA:612,0
DA:615,0
DA:616,0
DA:618,0
DA:620,0
DA:621,0
DA:624,0
DA:625,0
DA:627,0
DA:630,0
DA:634,0
DA:635,0
DA:636,0
DA:638,0
DA:639,0
DA:644,0
DA:645,0
DA:650,0
DA:651,0
DA:653,0
DA:655,0
DA:657,0
DA:659,0
DA:663,0
DA:664,0
DA:669,0
DA:670,0
DA:671,0
DA:674,0
DA:675,0
DA:678,0
DA:679,0
DA:682,0
DA:685,0
DA:688,0
DA:692,0
DA:698,0
DA:699,0
DA:703,0
DA:709,0
DA:710,0
DA:713,0
DA:718,0
DA:719,0
DA:722,0
DA:723,0
DA:724,0
DA:727,0
DA:731,0
DA:732,0
DA:734,0
DA:737,0
DA:738,0
DA:742,0
DA:745,0
end_of_record

SF:/src/contracts/NofeeswapDelegatee.sol
DA:194,123
DA:197,31
DA:198,11
DA:203,26
DA:208,31
DA:216,2
DA:220,7
DA:224,7
DA:226,7
DA:230,8
DA:233,5
DA:236,4
DA:240,4
DA:244,4
DA:246,2
DA:249,14
DA:252,5
DA:256,5
DA:260,4
DA:264,6
DA:268,4
DA:271,4
DA:272,4
DA:275,4
DA:276,5
DA:277,4
DA:278,15
DA:281,5
DA:284,4
DA:287,8
DA:291,0
DA:298,0
DA:299,0
DA:300,0
DA:302,0
DA:306,0
DA:309,0
DA:310,0
DA:312,0
DA:313,0
DA:317,0
DA:318,0
DA:321,0
DA:324,0
DA:325,0
DA:329,0
DA:333,0
DA:334,0
DA:336,0
DA:337,0
DA:338,0
DA:339,0
DA:340,0
DA:342,0
DA:343,0
DA:344,0
DA:346,0
DA:347,0
DA:348,0
DA:352,0
DA:353,0
DA:355,0
DA:356,0
DA:361,0
DA:365,0
DA:366,0
DA:369,0
DA:370,0
DA:372,0
DA:373,0
DA:376,0
DA:377,0
DA:380,0
DA:381,0
DA:382,0
DA:383,0
DA:384,0
DA:385,0
DA:386,0
DA:387,0
DA:390,0
DA:393,0
DA:394,0
DA:396,0
DA:399,0
DA:400,0
DA:401,0
DA:402,0
DA:403,0
DA:404,0
DA:405,0
DA:406,0
DA:409,0
DA:412,0
DA:413,0
DA:415,0
DA:420,0
DA:423,0
DA:428,0
DA:429,0
DA:430,0
DA:431,0
DA:434,0
DA:435,0
DA:438,0
DA:441,0
DA:444,0
DA:447,0
DA:448,0
DA:449,0
DA:452,0
DA:453,0
DA:455,0
DA:456,0
DA:461,0
DA:466,0
DA:467,0
DA:468,0
DA:470,0
DA:474,0
DA:477,0
DA:480,0
DA:483,0
DA:484,0
DA:487,0
DA:488,0
DA:491,0
DA:492,0
DA:496,0
DA:497,0
DA:501,0
DA:504,0
DA:507,0
DA:510,0
DA:511,0
DA:512,0
DA:513,0
DA:514,0
DA:515,0
DA:516,0
DA:519,0
DA:520,0
DA:521,0
DA:522,0
DA:523,0
DA:524,0
DA:525,0
DA:532,0
DA:535,0
DA:536,0
DA:537,0
DA:538,0
DA:539,0
DA:541,0
DA:542,0
DA:544,0
DA:545,0
DA:546,0
DA:547,0
DA:549,0
DA:550,0
DA:554,0
DA:555,0
DA:558,0
DA:559,0
DA:560,0
DA:561,0
DA:564,0
DA:567,0
DA:570,0
DA:574,0
DA:578,0
DA:581,0
DA:584,0
DA:587,0
DA:588,0
DA:589,0
DA:593,0
DA:596,0
DA:597,0
DA:600,0
DA:603,0
DA:604,0
DA:610,0
DA:613,0
DA:617,0
DA:621,0
DA:625,0
DA:635,0
DA:636,0
DA:638,0
DA:639,0
DA:643,0
DA:644,0
DA:645,0
DA:646,0
DA:647,0
DA:648,0
DA:649,0
DA:650,0
DA:652,0
DA:655,0
DA:656,0
DA:660,0
DA:663,0
DA:666,0
DA:669,0
DA:673,22
DA:675,3
DA:676,11
DA:677,16
DA:678,3
DA:679,11
DA:683,4
DA:684,1
DA:685,1
DA:686,5
DA:687,5
DA:688,5
DA:689,1
DA:691,5
DA:692,5
DA:693,1
DA:697,5
DA:700,5
DA:704,0
DA:706,0
DA:707,0
DA:708,0
DA:711,0
DA:714,0
DA:717,0
DA:721,0
DA:724,0
DA:725,0
DA:726,0
DA:727,0
DA:728,0
DA:731,0
DA:734,0
DA:738,0
DA:741,0
DA:744,0
DA:747,0
DA:748,0
DA:749,0
DA:753,0
DA:754,0
DA:757,0
DA:758,0
DA:759,0
DA:763,0
DA:766,0
DA:769,0
DA:770,0
DA:774,0
DA:778,0
DA:788,0
DA:789,0
DA:791,0
DA:792,0
DA:793,0
DA:794,0
DA:795,0
DA:796,0
DA:797,0
DA:798,0
DA:799,0
DA:802,0
DA:805,0
DA:806,0
DA:807,0
DA:808,0
DA:809,0
DA:810,0
DA:811,0
DA:812,0
DA:814,0
DA:817,0
DA:820,0
DA:823,0
DA:827,0
DA:829,0
DA:832,0
DA:835,0
DA:836,0
DA:839,0
DA:842,0
DA:843,0
DA:847,0
DA:848,0
DA:852,0
DA:856,0
DA:857,0
DA:859,0
DA:860,0
DA:869,0
DA:870,0
DA:872,0
DA:873,0
DA:874,0
DA:875,0
DA:876,0
DA:877,0
DA:878,0
DA:879,0
DA:880,0
DA:883,0
DA:886,0
DA:887,0
DA:888,0
DA:889,0
DA:890,0
DA:891,0
DA:892,0
DA:893,0
DA:895,0
DA:898,0
DA:902,0
DA:905,0
DA:909,0
DA:912,0
DA:913,0
DA:914,0
DA:917,0
DA:920,0
DA:921,0
DA:924,0
DA:925,0
DA:926,0
DA:928,0
DA:931,0
DA:932,0
DA:937,0
DA:938,0
DA:939,0
DA:940,0
DA:941,0
DA:944,0
DA:945,0
DA:946,0
DA:947,0
DA:948,0
DA:951,0
DA:954,0
DA:958,0
DA:961,0
DA:962,0
DA:963,0
DA:966,0
DA:969,0
DA:970,0
DA:973,0
DA:974,0
DA:975,0
DA:977,0
DA:982,0
DA:983,0
DA:988,0
DA:989,0
DA:990,0
DA:991,0
DA:992,0
DA:995,0
DA:996,0
DA:997,0
DA:998,0
DA:999,0
DA:1002,0
DA:1005,0
DA:1010,0
DA:1011,0
DA:1012,0
DA:1013,0
DA:1014,0
DA:1015,0
DA:1016,0
DA:1017,0
DA:1018,0
DA:1019,0
DA:1020,0
DA:1022,0
DA:1024,0
DA:1025,0
DA:1026,0
DA:1027,0
DA:1028,0
DA:1029,0
DA:1030,0
DA:1031,0
end_of_record

SF:/src/contracts/StorageAccess.sol
DA:7,0
DA:9,0
DA:11,0
DA:15,0
DA:16,0
DA:21,0
DA:24,0
DA:26,0
DA:27,0
DA:30,0
DA:32,0
DA:34,0
DA:36,0
DA:39,0
DA:41,0
DA:43,0
DA:45,0
DA:47,0
DA:50,0
DA:54,0
DA:59,0
DA:61,0
DA:64,0
DA:65,0
DA:67,0
DA:69,0
DA:72,0
DA:76,0
DA:79,0
DA:81,0
DA:84,0
DA:86,0
DA:88,0
DA:91,0
DA:95,0
end_of_record

SF:/src/contracts/TransientAccess.sol
DA:7,0
DA:9,0
DA:11,0
DA:15,0
DA:16,0
DA:21,0
DA:24,0
DA:26,0
DA:27,0
DA:30,0
DA:32,0
DA:34,0
DA:36,0
DA:39,0
DA:41,0
DA:44,0
DA:46,0
DA:48,0
DA:51,0
DA:55,0
DA:60,0
DA:62,0
DA:65,0
DA:66,0
DA:68,0
DA:70,0
DA:73,0
DA:77,0
DA:80,0
DA:82,0
DA:85,0
DA:87,0
DA:89,0
DA:92,0
DA:96,0
end_of_record

SF:/src/contracts/callback/IUnlockCallback.sol
end_of_record

SF:/src/contracts/helpers/Access.sol
DA:62,17
DA:65,0
DA:68,0
DA:70,0
DA:71,0
DA:73,0
DA:74,0
DA:80,0
DA:83,0
DA:85,0
DA:86,0
DA:88,0
DA:89,0
DA:94,0
DA:100,0
DA:102,0
DA:103,0
DA:105,0
DA:106,0
DA:113,0
DA:117,0
DA:119,0
DA:120,0
DA:122,0
DA:123,0
DA:134,0
DA:138,0
DA:139,0
DA:140,0
DA:141,0
DA:143,0
DA:144,0
DA:146,0
DA:147,0
DA:148,0
DA:149,0
DA:150,0
DA:157,0
DA:162,0
DA:164,0
DA:165,0
DA:167,0
DA:168,0
DA:175,0
DA:179,0
DA:181,0
DA:182,0
DA:184,0
DA:185,0
DA:192,0
DA:197,0
DA:199,0
DA:200,0
DA:202,0
DA:203,0
DA:210,0
DA:214,0
DA:215,0
DA:216,0
DA:217,0
DA:218,0
DA:219,0
DA:220,0
DA:221,0
DA:222,0
DA:223,0
DA:225,0
DA:228,0
DA:230,0
DA:233,0
DA:235,0
DA:238,0
DA:240,0
DA:243,0
DA:244,0
DA:245,0
DA:246,0
DA:247,0
DA:248,0
DA:249,0
DA:250,0
DA:256,0
DA:261,0
DA:263,0
DA:265,0
DA:266,0
DA:267,0
DA:268,0
DA:269,0
DA:270,0
DA:271,0
DA:272,0
DA:273,0
DA:274,0
DA:275,0
DA:276,0
DA:277,0
DA:278,0
DA:280,0
DA:281,0
DA:282,0
DA:291,0
DA:296,0
DA:297,0
DA:298,0
DA:299,0
DA:300,0
DA:301,0
DA:303,0
DA:304,0
DA:306,0
DA:307,0
DA:308,0
DA:309,0
DA:310,0
DA:311,0
DA:319,0
DA:324,0
DA:325,0
DA:326,0
DA:327,0
DA:328,0
DA:329,0
DA:330,0
DA:332,0
DA:333,0
DA:335,0
DA:336,0
DA:337,0
DA:338,0
DA:339,0
DA:340,0
DA:341,0
DA:350,0
DA:355,0
DA:357,0
DA:358,0
DA:359,0
DA:360,0
DA:362,0
DA:363,0
DA:365,0
DA:367,0
DA:368,0
DA:369,0
DA:370,0
DA:373,0
DA:374,0
DA:375,0
end_of_record

SF:/src/contracts/interfaces/IHook.sol
end_of_record

SF:/src/contracts/interfaces/INofeeswap.sol
end_of_record

SF:/src/contracts/interfaces/INofeeswapDelegatee.sol
end_of_record

SF:/src/contracts/interfaces/ISentinel.sol
end_of_record

SF:/src/contracts/interfaces/IStorageAccess.sol
end_of_record

SF:/src/contracts/interfaces/ITransientAccess.sol
end_of_record

SF:/src/contracts/utilities/Amount.sol
DA:42,0
DA:65,0
DA:67,0
DA:68,0
DA:70,0
DA:72,0
DA:73,0
DA:77,0
DA:78,0
DA:79,0
DA:81,0
DA:83,0
DA:84,0
DA:88,0
DA:110,0
DA:114,0
DA:116,0
DA:117,0
DA:118,0
DA:125,0
DA:129,0
DA:130,0
DA:134,0
DA:138,0
DA:140,0
DA:148,0
DA:149,0
DA:150,0
DA:156,0
DA:159,0
DA:162,0
DA:163,0
DA:164,0
DA:166,0
DA:170,0
DA:171,0
DA:172,0
DA:178,0
DA:194,0
DA:200,0
DA:201,0
DA:202,0
DA:203,0
DA:204,0
DA:209,0
DA:212,0
DA:217,0
DA:222,0
DA:223,0
DA:227,0
DA:231,0
DA:236,0
DA:251,0
DA:257,0
DA:258,0
DA:259,0
DA:262,0
DA:263,0
DA:264,0
DA:265,0
DA:266,0
DA:268,0
DA:269,0
DA:271,0
DA:272,0
DA:273,0
DA:274,0
DA:275,0
end_of_record

SF:/src/contracts/utilities/Calldata.sol
DA:67,4
DA:83,5
DA:85,2
DA:88,1
DA:89,1
DA:90,1
DA:92,4
DA:94,7
DA:96,5
DA:99,6
DA:102,25
DA:105,11
DA:106,1
DA:110,8
DA:111,31
DA:112,31
DA:116,9
DA:118,13
DA:121,2
DA:123,1
DA:125,4
DA:127,5
DA:130,1
DA:132,4
DA:134,5
DA:137,36
DA:140,1
DA:142,1
DA:144,4
DA:147,25
DA:148,5
DA:149,1
DA:151,5
DA:154,3
DA:156,1
DA:159,1
DA:162,1
DA:165,6
DA:168,3
DA:171,6
DA:181,9
DA:183,5
DA:185,3
DA:188,1
DA:191,1
DA:194,1
DA:197,6
DA:200,5
DA:203,6
DA:205,7
DA:206,5
DA:208,4
DA:210,1
DA:213,1
DA:217,1
DA:220,1
DA:222,1
DA:225,4
DA:229,7
DA:232,4
DA:235,5
DA:239,2
DA:240,5
DA:243,1
DA:244,1
DA:246,3
DA:247,1
DA:249,1
DA:250,1
DA:252,3
DA:253,1
DA:255,1
DA:256,1
DA:258,3
DA:259,1
DA:262,5
DA:263,5
DA:264,6
DA:265,1
DA:267,5
DA:268,5
DA:269,5
DA:277,0
DA:289,0
DA:291,0
DA:293,0
DA:295,0
DA:297,0
DA:300,0
DA:303,0
DA:305,0
DA:307,0
DA:308,0
DA:309,0
DA:310,0
DA:311,0
DA:314,0
DA:316,0
DA:318,0
DA:319,0
DA:320,0
DA:321,0
DA:322,0
DA:325,0
DA:328,0
DA:330,0
DA:333,0
DA:334,0
DA:335,0
DA:336,0
DA:339,0
DA:342,0
DA:345,0
DA:348,0
DA:352,0
DA:355,0
DA:357,0
DA:360,0
DA:364,0
DA:367,0
DA:370,0
DA:373,0
DA:376,0
DA:377,0
DA:380,0
DA:381,0
DA:383,0
DA:384,0
DA:387,0
DA:388,0
DA:389,0
DA:390,0
DA:391,0
DA:393,0
DA:394,0
DA:395,0
DA:401,0
DA:411,0
DA:413,0
DA:415,0
DA:417,0
DA:419,0
DA:422,0
DA:425,0
DA:427,0
DA:429,0
DA:430,0
DA:431,0
DA:434,0
DA:437,0
DA:440,0
DA:443,0
DA:447,0
DA:450,0
DA:452,0
DA:455,0
DA:459,0
DA:462,0
DA:465,0
DA:468,0
DA:471,0
DA:472,0
DA:475,0
DA:476,0
DA:478,0
DA:479,0
DA:482,0
DA:483,0
DA:484,0
DA:485,0
DA:486,0
DA:488,0
DA:489,0
DA:490,0
DA:500,0
DA:511,0
DA:514,0
DA:516,0
DA:518,0
DA:521,0
DA:524,0
DA:527,0
DA:530,0
DA:533,0
DA:536,0
DA:546,0
DA:548,0
DA:551,0
DA:554,0
DA:558,0
DA:561,0
DA:563,0
DA:566,0
DA:569,0
DA:572,0
DA:575,0
DA:579,0
DA:580,0
DA:583,0
DA:584,0
DA:586,0
DA:587,0
DA:589,0
DA:590,0
DA:592,0
DA:593,0
DA:596,0
DA:597,0
DA:598,0
DA:599,0
DA:601,0
DA:602,0
DA:603,0
DA:608,0
DA:616,0
DA:619,0
DA:621,0
DA:623,0
DA:625,0
DA:627,0
DA:629,0
DA:631,0
DA:632,0
DA:633,0
DA:635,0
DA:640,0
DA:643,0
DA:644,0
DA:646,0
DA:649,0
DA:654,0
DA:661,0
DA:663,0
DA:665,0
DA:669,0
DA:672,0
DA:673,0
DA:675,0
DA:678,0
DA:683,0
DA:695,0
DA:698,0
DA:700,0
DA:702,0
DA:706,0
DA:708,0
DA:709,0
DA:710,0
DA:712,0
DA:713,0
DA:715,0
DA:717,0
DA:720,0
DA:722,0
DA:724,0
DA:727,0
DA:729,0
DA:730,0
DA:731,0
DA:734,0
DA:737,0
DA:738,0
DA:739,0
DA:740,0
DA:742,0
DA:745,0
DA:747,0
DA:750,0
DA:753,0
DA:757,0
DA:759,0
DA:762,0
DA:765,0
DA:768,0
DA:771,0
DA:775,0
DA:778,0
DA:779,0
DA:781,0
DA:782,0
DA:785,0
DA:786,0
DA:787,0
DA:788,0
DA:790,0
DA:791,0
DA:792,0
DA:798,0
DA:805,0
DA:807,0
DA:809,0
DA:812,0
end_of_record

SF:/src/contracts/utilities/Curve.sol
DA:61,0
DA:66,6
DA:70,1
DA:86,10
DA:91,5
DA:94,1
DA:95,1
DA:100,12
DA:101,12
DA:107,20
DA:108,2
DA:109,2
DA:113,5
DA:116,1
DA:117,1
DA:118,4
DA:124,13
DA:125,13
DA:130,20
DA:134,9
DA:138,12
DA:142,11
DA:143,7
DA:144,6
DA:145,2
DA:150,7
DA:151,10
DA:152,2
DA:155,3
DA:156,6
DA:159,14
DA:164,11
DA:173,0
DA:174,0
DA:175,0
DA:181,0
DA:182,0
DA:185,0
DA:189,11
DA:193,5
DA:198,5
DA:206,5
DA:212,1
DA:213,1
DA:214,1
DA:216,3
DA:218,3
DA:224,4
DA:231,0
DA:234,0
DA:238,0
DA:239,0
DA:244,0
DA:245,0
DA:246,0
DA:248,0
DA:249,0
DA:250,0
DA:254,0
DA:263,0
DA:264,0
DA:269,0
DA:271,0
DA:272,0
DA:273,0
DA:275,0
DA:277,0
DA:280,0
DA:289,0
DA:293,0
DA:298,0
end_of_record

SF:/src/contracts/utilities/Errors.sol
end_of_record

SF:/src/contracts/utilities/Events.sol
DA:27,0
DA:34,0
DA:37,0
DA:42,0
DA:45,0
DA:51,0
DA:54,0
DA:61,0
DA:62,0
DA:63,0
DA:64,0
DA:65,0
DA:66,0
DA:70,0
DA:76,0
DA:79,0
DA:84,0
DA:87,3
DA:90,24
DA:93,0
DA:97,0
DA:100,0
DA:105,0
DA:108,2
DA:109,7
DA:110,7
DA:111,7
DA:112,7
DA:113,4
DA:114,10
DA:119,3
DA:125,4
DA:126,5
DA:131,4
DA:132,5
DA:139,2
DA:140,3
DA:144,3
DA:145,7
DA:146,7
DA:149,1
DA:156,3
DA:160,3
DA:161,1
DA:162,1
DA:163,1
DA:164,1
DA:168,5
DA:169,5
DA:170,3
DA:174,0
DA:175,0
DA:176,0
DA:177,0
DA:184,0
DA:185,0
DA:187,0
DA:192,0
DA:197,0
DA:198,0
DA:199,0
DA:200,0
DA:204,0
DA:208,0
DA:209,0
DA:210,0
DA:211,0
DA:213,0
DA:214,0
DA:220,0
DA:223,0
DA:227,0
DA:228,0
DA:229,0
DA:230,0
DA:231,0
DA:232,0
DA:234,0
DA:237,0
DA:238,0
DA:240,0
DA:257,0
DA:260,0
DA:261,0
DA:262,0
DA:263,0
DA:267,0
DA:271,0
DA:272,0
DA:273,0
DA:274,0
DA:275,0
DA:280,0
DA:286,0
DA:287,0
DA:292,0
DA:293,0
DA:300,0
DA:301,0
DA:305,0
DA:306,0
DA:307,0
DA:310,0
DA:317,0
DA:321,0
DA:322,0
DA:323,0
DA:324,0
DA:328,0
DA:329,0
DA:330,0
DA:334,0
DA:335,0
DA:336,0
DA:337,0
DA:340,0
DA:341,0
DA:348,0
DA:351,0
DA:355,0
DA:356,0
DA:357,0
DA:358,0
DA:361,0
DA:362,0
DA:370,0
DA:373,0
end_of_record

SF:/src/contracts/utilities/FullMath.sol
DA:9,0
DA:92,7
DA:96,1
DA:97,1
DA:99,1
DA:101,5
DA:104,5
DA:106,3
DA:108,3
DA:133,3
DA:144,7
DA:149,1
DA:152,5
DA:157,3
DA:158,4
DA:161,6
DA:162,1
DA:175,5
DA:178,1
DA:183,7
DA:187,9
DA:188,9
DA:189,9
DA:190,9
DA:191,9
DA:192,9
DA:204,0
DA:209,0
DA:210,0
DA:211,0
DA:225,0
DA:226,0
DA:227,0
DA:228,0
DA:229,0
DA:230,0
DA:234,0
DA:252,0
DA:259,0
DA:261,0
DA:264,0
DA:273,0
DA:276,0
DA:277,0
DA:278,0
DA:282,0
DA:284,0
DA:285,0
DA:286,0
DA:287,0
DA:296,0
DA:297,0
DA:303,0
DA:309,0
DA:310,0
DA:312,0
DA:317,0
DA:318,0
DA:319,0
DA:320,0
DA:321,0
DA:322,0
DA:323,0
DA:324,0
DA:326,0
DA:342,0
DA:346,0
DA:347,0
DA:348,0
DA:353,0
DA:376,0
DA:384,0
DA:385,0
DA:387,0
DA:390,0
DA:399,0
DA:402,0
DA:403,0
DA:404,0
DA:408,0
DA:410,0
DA:411,0
DA:412,0
DA:413,0
DA:422,0
DA:423,0
DA:433,0
DA:437,0
DA:439,0
DA:440,0
DA:441,0
DA:442,0
DA:443,0
DA:444,0
DA:445,0
DA:446,0
DA:448,0
DA:461,0
DA:465,0
DA:466,0
DA:467,0
DA:472,0
DA:482,8
DA:487,1
DA:496,12
DA:503,6
DA:505,0
DA:507,0
DA:518,1
DA:520,6
DA:525,7
DA:526,5
DA:532,8
DA:535,5
DA:541,5
DA:547,9
DA:549,7
DA:560,8
DA:569,5
DA:570,5
end_of_record

SF:/src/contracts/utilities/Growth.sol
DA:24,0
DA:29,0
DA:33,0
DA:34,0
DA:35,0
DA:37,0
DA:54,0
DA:59,0
DA:60,0
DA:62,0
DA:63,0
DA:64,0
DA:65,0
DA:66,0
DA:75,0
DA:86,0
DA:88,0
DA:92,0
DA:93,0
DA:98,0
DA:99,0
DA:106,0
end_of_record

SF:/src/contracts/utilities/GrowthPortion.sol
DA:34,0
DA:39,0
DA:40,0
DA:41,0
DA:43,0
DA:44,0
DA:48,0
DA:50,0
DA:63,0
DA:65,0
DA:66,0
DA:81,0
DA:83,0
DA:85,0
DA:89,0
DA:90,0
DA:93,0
DA:94,0
DA:116,0
DA:133,0
DA:134,0
DA:139,0
DA:141,0
DA:143,0
DA:147,0
DA:148,0
DA:151,0
DA:152,0
DA:160,0
DA:161,0
DA:162,0
DA:167,0
DA:168,0
DA:169,0
DA:172,0
DA:178,0
DA:181,0
DA:185,0
DA:191,0
DA:193,0
DA:200,0
DA:201,0
DA:202,0
end_of_record

SF:/src/contracts/utilities/Hooks.sol
DA:15,4
DA:17,10
DA:21,0
DA:26,0
DA:30,0
DA:33,0
DA:37,0
DA:39,0
DA:41,0
DA:42,0
DA:45,0
DA:53,0
DA:54,0
DA:55,0
DA:56,0
DA:57,0
DA:58,0
DA:59,0
DA:60,0
DA:65,0
DA:66,0
DA:72,0
DA:73,0
DA:77,0
DA:78,0
DA:82,0
DA:83,0
DA:87,0
DA:88,0
DA:92,0
DA:93,0
DA:97,0
DA:98,0
DA:102,0
DA:103,0
DA:107,0
DA:108,0
DA:112,0
DA:113,0
DA:117,0
DA:118,0
DA:122,0
DA:123,0
DA:127,0
DA:128,0
DA:132,0
DA:133,0
DA:137,0
DA:138,0
DA:142,0
DA:143,0
DA:147,0
DA:148,0
DA:152,0
DA:153,0
DA:182,5
DA:183,3
DA:184,36
DA:185,14
DA:187,14
DA:189,14
DA:191,14
DA:193,14
DA:195,14
DA:197,18
DA:202,7
DA:203,7
DA:208,3
DA:209,1
DA:210,1
DA:212,3
DA:218,7
DA:224,7
DA:232,4
DA:233,7
DA:234,1
DA:235,9
DA:240,4
DA:241,7
DA:242,1
DA:243,9
DA:248,0
DA:249,0
DA:250,0
DA:251,0
DA:256,0
DA:257,0
DA:258,0
DA:259,0
DA:264,0
DA:265,0
DA:266,0
DA:267,0
DA:272,0
DA:273,0
DA:274,0
DA:275,0
DA:280,0
DA:281,0
DA:282,0
DA:283,0
DA:288,0
DA:289,0
DA:290,0
DA:291,0
DA:296,0
DA:297,0
DA:298,0
DA:299,0
DA:304,0
DA:305,0
DA:306,0
DA:307,0
DA:312,0
DA:313,0
DA:314,0
DA:315,0
DA:320,4
DA:321,7
DA:322,1
DA:323,9
DA:328,4
DA:329,7
DA:330,1
DA:331,9
DA:336,4
DA:337,7
DA:338,1
DA:339,9
DA:344,4
DA:345,7
DA:346,1
DA:347,9
DA:352,4
DA:353,7
DA:354,1
DA:355,9
DA:360,4
DA:361,7
DA:362,1
DA:363,9
DA:370,4
DA:371,7
DA:372,1
DA:373,9
DA:380,0
DA:381,0
DA:382,0
DA:383,0
DA:390,4
DA:391,7
DA:392,1
DA:393,9
end_of_record

SF:/src/contracts/utilities/Index.sol
DA:7,6
DA:8,9
DA:9,3
DA:11,3
DA:12,1
DA:19,0
DA:23,0
DA:26,0
DA:30,0
DA:34,0
DA:36,0
DA:39,6
DA:43,1
DA:46,5
DA:50,6
DA:54,1
DA:57,5
DA:61,6
DA:65,1
DA:67,9
DA:80,6
DA:84,1
DA:87,5
DA:92,6
DA:96,1
DA:99,5
DA:112,0
DA:116,0
DA:118,0
DA:121,0
DA:126,5
DA:129,1
DA:134,6
DA:143,5
DA:146,1
DA:151,8
DA:152,3
DA:156,5
DA:165,5
DA:168,1
DA:173,8
DA:174,3
DA:178,5
end_of_record

SF:/src/contracts/utilities/Integral.sol
DA:14,0
DA:99,8
DA:105,1
DA:109,5
DA:110,14
DA:111,14
DA:116,5
DA:117,5
DA:118,5
DA:129,3
DA:131,1
DA:133,3
DA:135,1
DA:136,1
DA:137,1
DA:139,1
DA:143,1
DA:147,3
DA:149,5
DA:151,3
DA:154,3
DA:167,5
DA:170,1
DA:176,6
DA:183,4
DA:187,2
DA:191,3
DA:192,2
DA:197,5
DA:200,3
DA:207,4
DA:230,8
DA:237,0
DA:260,0
DA:296,0
DA:300,0
DA:305,0
DA:309,0
DA:314,0
DA:322,0
DA:324,0
DA:338,0
DA:346,0
DA:348,0
DA:366,0
DA:367,0
DA:368,0
DA:373,0
DA:380,0
DA:387,0
DA:389,0
DA:393,0
DA:394,0
DA:417,0
DA:434,0
DA:440,0
DA:443,0
DA:446,0
DA:447,0
DA:449,0
DA:471,0
DA:569,8
DA:574,1
DA:577,1
DA:578,1
DA:579,1
DA:580,1
DA:581,1
DA:582,1
DA:583,5
DA:585,8
DA:586,8
DA:590,10
DA:593,1
DA:595,5
DA:599,7
DA:602,8
DA:606,23
DA:611,8
DA:616,9
DA:617,13
DA:618,13
DA:640,9
DA:642,0
DA:644,0
DA:648,7
DA:665,15
DA:666,40
DA:667,40
DA:673,29
DA:676,11
DA:680,6
DA:685,6
DA:720,1
DA:721,1
DA:722,5
DA:723,3
DA:728,1
DA:735,1
DA:736,1
DA:737,1
DA:738,8
DA:740,1
DA:741,1
DA:742,8
DA:747,3
DA:811,1
DA:820,5
DA:826,1
DA:827,1
DA:830,5
DA:831,1
DA:833,1
DA:870,11
DA:972,8
DA:977,1
DA:980,1
DA:981,1
DA:982,1
DA:983,1
DA:984,1
DA:985,1
DA:986,3
DA:988,8
DA:989,8
DA:993,10
DA:995,1
DA:997,1
DA:999,5
DA:1003,7
DA:1007,20
DA:1010,7
DA:1016,9
DA:1017,14
DA:1018,14
DA:1020,1
DA:1022,8
DA:1044,10
DA:1046,0
DA:1048,0
DA:1054,8
DA:1071,15
DA:1072,20
DA:1073,20
DA:1075,20
DA:1076,20
DA:1084,29
DA:1087,11
DA:1091,6
DA:1096,6
DA:1131,1
DA:1132,1
DA:1133,5
DA:1134,3
DA:1139,1
DA:1146,1
DA:1147,1
DA:1148,1
DA:1149,8
DA:1151,1
DA:1152,1
DA:1153,8
DA:1158,3
DA:1222,1
DA:1231,5
DA:1237,1
DA:1238,1
DA:1241,5
DA:1242,1
DA:1244,1
DA:1289,11
end_of_record

SF:/src/contracts/utilities/Interval.sol
DA:97,5
DA:99,7
DA:107,2
DA:111,11
DA:124,4
DA:125,14
DA:131,11
DA:143,5
DA:148,14
DA:205,24
DA:219,12
DA:220,13
DA:221,13
DA:222,13
DA:223,13
DA:226,13
DA:227,13
DA:238,2
DA:400,13
DA:466,20
DA:473,6
DA:475,4
DA:487,0
DA:629,0
DA:711,0
DA:718,0
DA:725,0
DA:746,6
DA:807,13
DA:808,13
DA:809,30
DA:885,12
DA:888,7
DA:889,9
DA:984,17
DA:991,5
DA:993,1
DA:995,17
DA:1001,1
DA:1003,1
DA:1033,0
DA:1046,0
DA:1065,0
DA:1089,0
DA:1099,0
DA:1100,0
DA:1112,0
DA:1122,0
DA:1146,0
DA:1405,5
DA:1406,1
DA:1407,1
DA:1413,17
DA:1452,18
DA:1462,15
DA:1465,0
DA:1476,0
DA:1477,0
DA:1478,0
DA:1487,0
DA:1495,0
DA:1507,0
DA:1515,0
DA:1516,0
DA:1517,0
DA:1634,0
DA:1635,0
DA:1652,0
DA:1662,0
DA:1663,0
DA:1691,0
DA:1693,0
DA:1765,0
DA:1766,0
DA:1767,0
DA:1779,0
DA:1780,0
DA:1781,0
DA:1783,0
DA:1784,0
DA:1785,0
DA:1786,0
DA:1792,0
DA:1793,0
DA:1796,0
DA:1797,0
DA:1798,0
DA:1802,0
DA:1803,0
DA:1804,0
DA:1809,0
DA:1820,0
DA:1829,0
DA:1842,0
DA:1846,0
DA:1852,0
DA:1863,0
DA:1876,0
DA:1881,0
DA:1883,0
DA:2134,0
DA:2135,0
DA:2136,0
DA:2142,0
DA:2143,0
DA:2182,0
DA:2192,0
DA:2195,0
DA:2206,0
DA:2207,0
DA:2208,0
DA:2217,0
DA:2225,0
DA:2236,0
DA:2244,0
DA:2245,0
DA:2246,0
DA:2296,0
DA:2297,0
DA:2307,0
DA:2308,0
DA:2310,0
DA:2311,0
DA:2323,0
DA:2326,0
DA:2394,0
DA:2395,0
DA:2396,0
DA:2408,0
DA:2409,0
DA:2410,0
DA:2412,0
DA:2413,0
DA:2414,0
DA:2415,0
DA:2421,0
DA:2422,0
DA:2425,0
DA:2426,0
DA:2427,0
DA:2431,0
DA:2432,0
DA:2433,0
DA:2438,0
DA:2449,0
DA:2450,0
DA:2459,0
DA:2472,0
DA:2476,0
DA:2482,0
DA:2493,0
DA:2506,0
DA:2511,0
DA:2513,0
DA:2570,3
DA:2571,1
DA:2572,2
DA:2620,24
DA:2623,7
DA:2754,20
DA:2806,11
DA:2807,22
DA:2812,6
DA:2838,25
DA:2839,13
DA:2861,13
DA:2862,28
DA:2875,1
DA:2876,17
DA:2878,3
DA:2879,4
DA:2885,20
DA:2895,12
DA:2898,1
DA:2900,9
DA:2931,0
DA:2944,0
DA:2976,12
DA:2989,18
DA:3008,12
DA:3013,12
DA:3026,0
DA:3031,0
DA:3038,12
DA:3085,5
DA:3096,7
DA:3097,7
DA:3110,13
DA:3111,1
DA:3113,1
DA:3114,5
DA:3118,12
DA:3139,5
DA:3142,8
DA:3146,4
DA:3150,17
DA:3155,6
DA:3159,5
DA:3160,5
DA:3162,2
DA:3202,7
DA:3203,10
DA:3209,5
DA:3235,1
DA:3238,3
DA:3239,1
DA:3240,5
DA:3243,4
DA:3244,5
DA:3288,8
DA:3289,22
DA:3294,4
DA:3314,5
DA:3318,16
DA:3321,5
DA:3324,13
DA:3327,8
DA:3331,4
DA:3335,17
DA:3340,6
DA:3345,14
DA:3346,6
DA:3347,6
DA:3349,0
DA:3350,0
DA:3352,5
DA:3353,5
DA:3458,0
DA:3462,0
DA:3465,0
DA:3492,0
DA:3493,0
DA:3496,0
DA:3497,0
DA:3500,0
DA:3501,0
DA:3509,0
DA:3510,0
DA:3511,0
DA:3521,0
DA:3522,0
DA:3523,0
DA:3525,0
DA:3528,0
DA:3529,0
DA:3531,0
DA:3622,0
DA:3626,0
DA:3685,0
DA:3734,0
DA:3737,0
DA:3870,0
DA:3920,0
DA:3921,0
DA:3926,0
DA:3952,0
DA:3953,0
DA:3971,0
DA:3972,0
DA:3975,0
DA:3987,0
DA:3988,0
DA:4004,0
DA:4005,0
DA:4031,0
DA:4032,0
DA:4044,0
DA:4049,0
DA:4054,0
DA:4059,0
DA:4065,0
DA:4066,0
DA:4067,0
DA:4068,0
DA:4069,0
DA:4070,0
DA:4071,0
DA:4077,0
DA:4082,0
DA:4084,0
DA:4310,0
DA:4314,0
DA:4315,0
DA:4316,0
DA:4317,0
DA:4318,0
DA:4319,0
DA:4320,0
DA:4321,0
DA:4322,0
DA:4324,0
DA:4325,0
DA:4368,0
DA:4407,0
DA:4415,0
DA:4416,0
DA:4417,0
DA:4418,0
DA:4421,0
DA:4439,0
DA:4440,0
DA:4444,0
DA:4445,0
DA:4446,0
DA:4450,0
DA:4476,0
DA:4477,0
DA:4478,0
DA:4479,0
DA:4482,0
DA:4502,0
DA:4522,0
DA:4555,0
DA:4556,0
DA:4557,0
DA:4584,0
DA:4585,0
DA:4604,0
DA:4605,0
DA:4607,0
DA:4612,0
DA:4613,0
DA:4614,0
DA:4615,0
DA:4617,0
DA:4619,0
DA:4620,0
DA:4622,0
DA:4623,0
DA:4625,0
DA:4627,0
DA:4628,0
DA:4636,0
DA:4637,0
DA:4639,0
DA:4643,0
DA:4649,0
DA:4652,0
DA:4654,0
DA:4656,0
DA:4657,0
DA:4702,0
DA:4706,0
DA:4707,0
DA:4708,0
DA:4709,0
DA:4710,0
DA:4711,0
DA:4712,0
DA:4756,0
DA:4795,0
DA:4813,0
DA:4816,0
DA:4817,0
DA:4820,0
DA:4829,0
DA:4830,0
DA:4831,0
DA:4832,0
DA:4835,0
DA:4859,0
DA:4860,0
DA:4861,0
DA:4862,0
DA:4865,0
DA:4868,0
DA:4869,0
DA:4870,0
DA:4918,0
DA:4922,0
DA:4923,0
DA:4924,0
DA:4925,0
DA:4928,0
DA:4929,0
DA:4930,0
DA:4931,0
DA:4932,0
DA:4933,0
DA:4935,0
DA:4937,0
DA:4938,0
DA:4939,0
DA:4940,0
DA:4955,0
DA:4956,0
DA:4957,0
DA:4965,0
DA:4969,0
DA:4972,0
DA:4974,0
DA:4975,0
DA:4976,0
DA:4981,0
DA:4982,0
DA:4983,0
DA:4984,0
DA:4989,0
DA:4990,0
DA:4991,0
DA:4994,0
DA:4995,0
DA:4996,0
DA:4997,0
DA:5002,0
DA:5003,0
DA:5008,2
DA:5017,1
DA:5018,1
DA:5019,5
DA:5020,3
end_of_record

SF:/src/contracts/utilities/Kernel.sol
DA:86,0
DA:91,9
DA:95,1
DA:96,1
DA:97,1
DA:98,1
DA:103,13
DA:104,1
DA:128,9
DA:133,7
DA:134,7
DA:135,13
DA:136,13
DA:139,2
DA:140,2
DA:141,1
DA:164,7
DA:170,7
DA:172,12
DA:173,11
DA:197,16
DA:198,10
DA:199,16
DA:200,16
DA:202,10
DA:203,16
DA:204,16
DA:209,17
end_of_record

SF:/src/contracts/utilities/KernelCompact.sol
DA:73,0
DA:78,7
DA:82,1
DA:83,1
DA:88,10
DA:89,1
DA:117,9
DA:121,7
DA:122,7
DA:127,3
DA:129,4
DA:130,3
DA:131,1
DA:133,7
DA:155,5
DA:157,7
DA:158,17
DA:165,5
DA:172,17
DA:182,11
DA:194,17
DA:199,7
DA:204,3
DA:206,10
DA:207,9
DA:212,3
DA:216,3
DA:217,3
DA:221,1
DA:222,1
DA:225,17
DA:231,17
DA:238,8
DA:241,8
DA:245,15
DA:250,7
DA:251,6
DA:252,2
DA:256,7
DA:257,10
DA:258,2
DA:266,7
DA:267,32
DA:268,2
DA:276,7
DA:277,6
DA:278,2
DA:285,8
DA:289,5
DA:290,10
DA:291,1
DA:296,5
DA:297,17
DA:298,1
DA:302,3
DA:303,3
DA:304,3
DA:307,3
DA:308,3
DA:309,3
DA:313,7
DA:334,11
DA:339,19
DA:345,11
DA:350,5
end_of_record

SF:/src/contracts/utilities/Memory.sol
DA:2537,0
DA:2929,0
DA:2950,0
DA:4102,1
DA:4142,2
DA:4182,0
DA:4219,7
DA:4248,7
DA:4327,6
DA:4356,6
DA:4462,11
DA:4590,0
DA:4656,7
DA:4657,7
DA:4724,0
DA:4725,0
DA:4745,2
DA:4765,4
DA:4788,1
DA:4811,0
DA:4842,0
DA:4873,3
DA:5249,6
DA:5470,0
DA:5527,3
DA:5531,3
DA:5535,0
DA:5539,0
DA:5540,0
DA:5541,0
DA:5542,0
DA:5543,0
DA:5549,0
DA:5553,0
DA:5557,0
DA:5558,0
DA:5561,0
DA:5565,3
DA:5569,3
DA:5573,3
DA:5577,1
DA:5578,1
DA:5579,1
DA:5580,3
DA:5581,6
DA:5587,3
DA:5588,1
DA:5591,4
DA:5595,3
DA:5599,3
DA:5603,0
DA:5604,0
DA:5607,0
DA:5611,0
DA:5615,0
DA:5616,0
DA:5617,0
DA:5618,0
DA:5619,0
DA:5625,0
DA:5626,0
DA:5629,0
DA:5633,0
DA:5637,0
DA:5641,0
DA:5642,0
DA:5645,0
DA:5649,0
DA:5653,0
DA:5657,3
DA:5658,1
DA:5661,6
DA:5665,3
DA:5669,1
DA:5670,1
DA:5671,1
DA:5672,3
DA:5673,6
DA:5679,3
DA:5680,1
DA:5683,6
DA:5687,3
DA:5691,5
DA:5695,3
DA:5696,1
DA:5699,6
DA:5703,0
DA:5707,0
DA:5711,3
DA:5712,1
DA:5715,6
DA:5719,3
DA:5723,1
DA:5724,1
DA:5725,1
DA:5726,3
DA:5727,6
DA:5733,0
DA:5734,0
DA:5737,0
DA:5741,0
DA:5745,0
DA:5746,0
DA:5747,0
DA:5748,0
DA:5749,0
DA:5755,0
DA:5756,0
DA:5759,0
DA:5763,0
DA:5767,0
DA:5771,0
DA:5772,0
DA:5775,0
DA:5779,0
DA:5783,0
DA:5787,0
DA:5788,0
DA:5791,0
DA:5795,0
DA:5799,0
DA:5803,0
DA:5804,0
DA:5807,0
DA:5811,0
DA:5815,0
DA:5819,3
DA:5820,1
DA:5823,6
DA:5827,3
DA:5831,5
DA:5843,3
DA:5847,1
DA:5848,1
DA:5849,1
DA:5850,3
DA:5851,6
DA:5857,3
DA:5858,1
DA:5861,2
DA:5862,4
DA:5866,3
DA:5870,1
DA:5871,1
DA:5872,1
DA:5873,3
DA:5874,6
DA:5880,0
DA:5881,0
DA:5884,0
DA:5888,0
DA:5892,0
DA:5896,0
DA:5897,0
DA:5900,0
DA:5904,0
DA:5908,0
DA:5912,0
DA:5913,0
DA:5916,0
DA:5920,0
DA:5924,0
DA:5925,0
DA:5926,0
DA:5927,0
DA:5928,0
DA:5934,0
DA:5935,0
DA:5938,0
DA:5942,0
DA:5946,0
DA:5947,0
DA:5948,0
DA:5949,0
DA:5950,0
DA:5956,3
DA:5957,1
DA:5960,4
DA:5964,3
DA:5968,3
DA:5972,3
DA:5973,1
DA:5976,4
DA:5980,3
DA:5984,3
DA:5988,3
DA:5989,1
DA:5992,4
DA:5996,3
DA:6000,3
DA:6004,3
DA:6005,1
DA:6008,6
DA:6012,3
DA:6016,1
DA:6017,1
DA:6018,1
DA:6019,3
DA:6020,6
DA:6026,3
DA:6027,1
DA:6030,6
DA:6034,3
DA:6038,1
DA:6039,1
DA:6040,1
DA:6041,3
DA:6042,6
DA:6056,3
DA:6060,1
DA:6061,1
DA:6062,1
DA:6063,3
DA:6064,6
DA:6070,3
DA:6071,1
DA:6074,2
DA:6075,2
DA:6079,0
DA:6083,0
DA:6084,0
DA:6085,0
DA:6090,0
DA:6091,0
DA:6094,0
DA:6098,3
DA:6102,1
DA:6103,1
DA:6104,1
DA:6105,3
DA:6106,6
DA:6112,0
DA:6113,0
DA:6116,0
DA:6120,3
DA:6124,1
DA:6125,1
DA:6126,1
DA:6127,3
DA:6128,6
DA:6134,0
DA:6135,0
DA:6138,0
DA:6142,3
DA:6146,1
DA:6147,1
DA:6148,1
DA:6149,3
DA:6150,6
DA:6156,0
DA:6157,0
DA:6160,0
DA:6164,0
DA:6168,0
DA:6169,0
DA:6170,0
DA:6171,0
DA:6172,0
DA:6178,0
DA:6179,0
DA:6182,0
DA:6186,3
DA:6190,1
DA:6191,1
DA:6192,1
DA:6193,3
DA:6194,6
DA:6200,3
DA:6201,1
DA:6204,6
DA:6208,3
DA:6212,1
DA:6213,1
DA:6214,1
DA:6215,3
DA:6216,6
DA:6222,3
DA:6226,1
DA:6227,1
DA:6228,1
DA:6229,3
DA:6230,6
DA:6236,3
DA:6237,1
DA:6240,4
DA:6244,3
DA:6248,3
DA:6252,3
DA:6253,1
DA:6256,4
DA:6260,3
DA:6264,3
DA:6268,0
DA:6269,0
DA:6272,0
DA:6276,3
DA:6280,3
DA:6284,0
DA:6285,0
DA:6288,0
DA:6292,3
DA:6296,3
DA:6300,0
DA:6301,0
DA:6304,0
DA:6308,3
DA:6312,1
DA:6313,1
DA:6314,1
DA:6315,3
DA:6316,6
DA:6322,0
DA:6323,0
DA:6326,0
DA:6330,3
DA:6334,3
DA:6338,0
DA:6339,0
DA:6342,0
DA:6346,3
DA:6350,1
DA:6351,1
DA:6352,1
DA:6353,3
DA:6354,6
DA:6360,0
DA:6361,0
DA:6364,0
DA:6368,3
DA:6372,1
DA:6373,1
DA:6374,1
DA:6375,3
DA:6376,6
DA:6382,0
DA:6383,0
DA:6386,0
DA:6390,3
DA:6394,1
DA:6395,1
DA:6396,1
DA:6397,3
DA:6398,6
DA:6404,0
DA:6405,0
DA:6408,0
DA:6412,3
DA:6416,1
DA:6417,1
DA:6418,1
DA:6419,3
DA:6420,6
DA:6426,0
DA:6427,0
DA:6430,0
DA:6434,0
DA:6438,0
DA:6439,0
DA:6440,0
DA:6441,0
DA:6442,0
DA:6448,0
DA:6449,0
DA:6452,0
DA:6456,0
DA:6460,0
DA:6461,0
DA:6462,0
DA:6463,0
DA:6464,0
DA:6470,0
DA:6471,0
DA:6474,0
DA:6478,0
DA:6482,0
DA:6483,0
DA:6484,0
DA:6485,0
DA:6486,0
DA:6492,0
DA:6493,0
DA:6496,0
DA:6500,0
DA:6504,0
DA:6508,0
DA:6509,0
DA:6512,0
DA:6516,0
DA:6520,0
DA:6524,0
DA:6525,0
DA:6528,0
DA:6532,0
DA:6536,0
DA:6548,0
DA:6552,0
DA:6564,0
DA:6568,0
end_of_record

SF:/src/contracts/utilities/PoolId.sol
DA:7,5
DA:10,1
DA:18,11
DA:28,5
DA:31,1
DA:34,5
DA:35,3
DA:36,9
end_of_record

SF:/src/contracts/utilities/Price.sol
DA:8,0
DA:31,6
DA:37,2
DA:41,3
DA:42,2
DA:65,5
DA:86,5
DA:109,5
DA:112,3
DA:137,4
DA:140,2
DA:143,11
DA:154,15
DA:180,7
DA:187,2
DA:191,3
DA:192,2
DA:217,5
DA:241,5
DA:266,5
DA:273,5
DA:276,3
DA:299,5
DA:302,1
DA:329,8
DA:352,5
DA:355,1
DA:361,6
DA:384,6
DA:388,1
DA:437,3
DA:438,1
DA:439,1
DA:440,1
DA:441,6
DA:442,1
DA:465,4
DA:472,4
DA:495,4
DA:522,8
DA:530,0
DA:533,0
DA:534,0
DA:535,0
DA:536,0
DA:538,0
DA:539,0
DA:543,0
DA:546,0
DA:547,0
end_of_record

SF:/src/contracts/utilities/SafeCast.sol
DA:6,0
DA:8,0
DA:9,0
DA:10,0
end_of_record

SF:/src/contracts/utilities/SentinelCalls.sol
DA:15,3
DA:19,4
DA:20,1
DA:21,1
DA:22,1
DA:26,2
DA:27,2
DA:30,7
DA:35,9
DA:40,0
DA:44,0
DA:48,0
DA:50,0
DA:53,0
DA:60,0
DA:61,0
DA:62,0
DA:63,0
DA:64,0
DA:65,0
DA:66,0
DA:67,0
DA:71,0
DA:72,0
DA:77,0
DA:78,0
DA:84,3
DA:86,7
DA:90,9
DA:95,0
DA:99,0
DA:103,0
DA:105,0
DA:109,0
DA:116,0
DA:117,0
DA:118,0
DA:119,0
DA:120,0
DA:121,0
DA:122,0
DA:123,0
DA:127,0
DA:128,0
DA:131,0
DA:135,0
DA:136,0
DA:137,0
DA:144,3
DA:146,7
DA:151,9
DA:156,0
DA:157,0
DA:162,0
DA:166,0
DA:168,0
DA:173,0
DA:180,0
DA:181,0
DA:182,0
DA:183,0
DA:184,0
DA:185,0
DA:186,0
DA:187,0
DA:191,0
DA:192,0
DA:195,0
DA:200,0
DA:201,0
DA:202,0
end_of_record

SF:/src/contracts/utilities/Storage.sol
DA:78,4
DA:80,3
DA:87,6
DA:89,4
DA:97,1
DA:101,0
DA:113,3
DA:114,9
DA:119,3
DA:120,1
DA:122,6
DA:128,5
DA:131,1
DA:139,3
DA:149,5
DA:152,1
DA:153,1
DA:162,5
DA:163,7
DA:169,0
DA:171,0
DA:177,4
DA:179,4
DA:189,4
DA:191,4
DA:192,1
DA:193,1
DA:194,4
DA:198,15
DA:201,4
DA:202,1
DA:203,1
DA:204,8
DA:208,9
DA:209,3
DA:214,9
DA:215,3
DA:220,5
DA:221,5
DA:234,0
DA:238,0
DA:252,0
DA:256,0
DA:259,0
DA:262,0
DA:273,0
DA:277,0
DA:278,0
DA:279,0
DA:282,0
DA:283,0
DA:284,0
DA:286,0
DA:294,0
DA:298,0
DA:299,0
DA:300,0
DA:301,0
DA:302,0
DA:305,0
DA:307,0
DA:324,0
DA:328,0
DA:329,0
DA:338,0
DA:339,0
DA:340,0
DA:341,0
DA:342,0
DA:343,0
DA:344,0
DA:355,0
DA:358,0
DA:359,0
DA:361,0
DA:362,0
DA:363,0
DA:364,0
DA:374,0
DA:379,0
DA:380,0
DA:381,0
DA:396,0
DA:401,0
DA:410,0
DA:412,0
DA:413,0
DA:414,0
DA:415,0
DA:416,0
DA:418,0
DA:420,0
DA:422,0
DA:423,0
DA:438,0
DA:441,0
DA:451,0
DA:452,0
DA:453,0
DA:454,0
DA:470,0
DA:475,0
DA:485,0
DA:486,0
DA:487,0
DA:488,0
DA:489,0
DA:490,0
DA:491,0
DA:492,0
DA:502,0
DA:509,0
DA:512,0
DA:513,0
DA:514,0
DA:515,0
DA:516,0
DA:517,0
DA:519,0
DA:522,0
DA:539,5
DA:541,1
DA:551,3
DA:552,3
DA:553,5
DA:561,0
DA:563,0
DA:564,0
DA:571,0
DA:575,0
DA:588,0
DA:590,0
DA:600,0
DA:601,0
DA:602,0
DA:621,0
DA:622,0
DA:623,0
DA:624,0
DA:625,0
DA:626,0
DA:628,0
DA:629,0
DA:630,0
DA:631,0
DA:632,0
DA:633,0
DA:636,0
DA:637,0
DA:638,0
DA:639,0
DA:644,0
DA:645,0
DA:646,0
DA:647,0
DA:649,0
DA:650,0
DA:651,0
DA:653,0
DA:654,0
DA:656,0
DA:657,0
DA:659,0
DA:660,0
DA:661,0
DA:664,0
DA:680,6
DA:683,1
DA:693,3
DA:694,3
DA:695,3
DA:696,5
DA:704,0
DA:707,0
DA:710,0
DA:750,5
DA:753,1
DA:754,1
DA:757,9
DA:775,12
DA:776,1
DA:777,16
DA:817,5
DA:820,1
DA:821,1
DA:824,9
DA:842,12
DA:843,1
DA:844,16
DA:858,0
DA:861,0
DA:862,0
DA:864,0
DA:867,0
DA:871,0
DA:873,0
DA:876,0
DA:890,0
DA:893,0
DA:894,0
DA:896,0
DA:899,0
DA:903,0
DA:905,0
DA:908,0
DA:918,4
DA:923,3
DA:935,4
DA:938,1
DA:939,7
DA:943,4
DA:944,6
DA:945,5
DA:950,4
DA:951,6
DA:952,5
DA:966,0
DA:969,0
DA:980,0
DA:981,0
DA:982,0
DA:996,0
DA:1000,0
DA:1011,0
DA:1012,0
DA:1013,0
DA:1014,0
DA:1022,0
DA:1025,0
DA:1028,0
DA:1035,0
DA:1038,0
DA:1039,0
DA:1042,0
DA:1043,0
DA:1045,0
DA:1049,0
DA:1050,0
DA:1052,0
DA:1057,0
DA:1058,0
DA:1059,0
DA:1061,0
DA:1062,0
DA:1067,0
DA:1069,0
DA:1070,0
DA:1073,0
DA:1076,0
DA:1089,5
DA:1092,1
DA:1103,3
DA:1104,3
DA:1105,5
DA:1111,0
DA:1113,0
DA:1117,0
DA:1118,0
DA:1119,0
DA:1125,0
DA:1130,0
DA:1131,0
DA:1133,0
DA:1136,0
DA:1137,0
DA:1144,2
DA:1146,11
DA:1151,12
DA:1153,0
DA:1155,0
DA:1157,4
DA:1158,4
DA:1164,1
DA:1165,6
DA:1166,8
DA:1167,8
DA:1181,5
DA:1184,1
DA:1195,3
DA:1196,3
DA:1197,5
DA:1206,0
DA:1207,0
DA:1208,0
DA:1209,0
DA:1211,0
DA:1213,0
DA:1214,0
DA:1217,0
DA:1220,0
DA:1221,0
DA:1222,0
DA:1226,0
DA:1228,0
DA:1232,0
DA:1241,0
DA:1243,0
DA:1244,0
DA:1247,0
DA:1248,0
DA:1251,0
DA:1252,0
DA:1253,0
DA:1254,0
DA:1255,0
DA:1260,0
DA:1261,0
DA:1262,0
DA:1263,0
DA:1264,0
DA:1269,0
DA:1270,0
DA:1271,0
DA:1272,0
DA:1273,0
DA:1276,0
DA:1280,0
DA:1281,0
DA:1285,0
DA:1288,0
DA:1291,0
DA:1295,0
DA:1300,2
DA:1302,11
DA:1306,7
DA:1309,7
DA:1311,4
DA:1313,7
DA:1317,4
DA:1320,8
DA:1322,0
DA:1325,0
DA:1329,0
DA:1341,8
DA:1342,7
DA:1343,1
DA:1347,3
DA:1348,3
DA:1349,5
DA:1354,3
DA:1355,7
DA:1358,10
DA:1361,7
DA:1362,1
DA:1364,3
DA:1365,3
DA:1366,5
DA:1370,9
DA:1372,5
DA:1375,1
DA:1377,3
DA:1378,1
DA:1379,1
DA:1380,1
DA:1381,1
DA:1382,3
DA:1383,1
DA:1384,1
DA:1388,4
DA:1398,0
DA:1401,0
DA:1403,0
DA:1405,0
DA:1407,0
DA:1408,0
DA:1409,0
DA:1410,0
DA:1423,0
DA:1428,0
DA:1430,0
DA:1432,0
DA:1433,0
DA:1434,0
DA:1437,0
DA:1445,0
DA:1446,0
DA:1447,0
DA:1448,0
DA:1451,0
DA:1454,0
DA:1458,0
DA:1459,0
DA:1462,0
DA:1471,0
DA:1475,0
DA:1476,0
DA:1477,0
DA:1478,0
DA:1479,0
DA:1489,0
DA:1491,0
DA:1492,0
DA:1493,0
DA:1494,0
DA:1495,0
DA:1503,0
DA:1506,0
DA:1512,0
DA:1513,0
DA:1514,0
DA:1515,0
DA:1516,0
DA:1517,0
DA:1520,0
DA:1533,0
DA:1540,0
DA:1541,0
DA:1542,0
DA:1543,0
DA:1544,0
DA:1550,0
DA:1551,0
DA:1555,0
DA:1556,0
DA:1560,0
DA:1563,0
DA:1564,0
DA:1568,0
DA:1569,0
DA:1573,0
DA:1574,0
DA:1577,0
DA:1580,0
DA:1582,0
DA:1584,0
DA:1587,0
DA:1588,0
DA:1591,0
DA:1593,0
DA:1594,0
DA:1595,0
DA:1598,0
DA:1602,0
DA:1604,0
DA:1605,0
DA:1607,0
end_of_record

SF:/src/contracts/utilities/Swap.sol
DA:120,0
DA:154,0
DA:155,0
DA:156,0
DA:158,0
DA:165,0
DA:168,0
DA:170,0
DA:171,0
DA:172,0
DA:174,0
DA:175,0
DA:177,0
DA:178,0
DA:181,0
DA:182,0
DA:183,0
DA:184,0
DA:189,0
DA:191,0
DA:195,0
DA:196,0
DA:200,0
DA:201,0
DA:203,0
DA:204,0
DA:205,0
DA:209,0
DA:212,0
DA:217,0
DA:223,0
DA:224,0
DA:225,0
DA:227,0
DA:229,0
DA:230,0
DA:231,0
DA:232,0
DA:236,0
DA:237,0
DA:241,0
DA:246,0
DA:250,0
DA:251,0
DA:252,0
DA:253,0
DA:255,0
DA:256,0
DA:258,0
DA:262,0
DA:263,0
DA:267,0
DA:268,0
DA:272,0
DA:275,0
DA:279,0
DA:280,0
DA:281,0
DA:284,0
DA:289,0
DA:293,0
DA:294,0
DA:295,0
DA:296,0
DA:302,0
DA:303,0
DA:307,0
DA:312,0
DA:319,0
DA:326,0
DA:342,0
DA:343,0
DA:344,0
DA:345,0
DA:346,0
DA:349,0
DA:350,0
DA:351,0
DA:353,0
DA:354,0
DA:356,0
DA:357,0
DA:358,0
DA:359,0
DA:360,0
DA:362,0
DA:363,0
DA:364,0
DA:365,0
DA:366,0
DA:387,0
DA:403,0
DA:405,0
DA:406,0
DA:410,0
DA:411,0
DA:416,0
DA:417,0
DA:418,0
DA:419,0
DA:420,0
DA:424,0
DA:425,0
DA:426,0
DA:428,0
DA:430,0
DA:432,0
DA:433,0
DA:439,0
DA:440,0
DA:441,0
DA:442,0
DA:443,0
DA:447,0
DA:448,0
DA:449,0
DA:451,0
DA:453,0
DA:455,0
DA:456,0
DA:461,0
DA:462,0
DA:463,0
DA:466,0
DA:469,0
DA:470,0
DA:471,0
DA:477,0
DA:485,0
DA:486,0
DA:487,0
DA:488,0
DA:489,0
DA:490,0
DA:492,0
DA:498,0
DA:499,0
DA:500,0
DA:502,0
DA:503,0
DA:504,0
DA:505,0
DA:506,0
DA:508,0
DA:509,0
DA:510,0
DA:511,0
DA:517,0
DA:518,0
DA:519,0
DA:521,0
DA:522,0
DA:523,0
DA:524,0
DA:525,0
DA:527,0
DA:528,0
DA:529,0
DA:534,0
DA:535,0
DA:538,0
DA:543,0
DA:546,0
DA:549,0
DA:550,0
DA:551,0
DA:552,0
DA:553,0
DA:554,0
DA:556,0
DA:557,0
DA:559,0
DA:560,0
DA:564,0
DA:565,0
DA:566,0
DA:567,0
DA:568,0
DA:569,0
DA:571,0
DA:572,0
DA:574,0
DA:575,0
DA:584,0
DA:585,0
DA:586,0
DA:587,0
DA:588,0
DA:593,0
DA:597,0
DA:598,0
DA:602,0
DA:605,0
DA:608,0
DA:613,0
DA:617,0
DA:618,0
DA:619,0
DA:621,0
DA:622,0
DA:623,0
DA:624,0
DA:625,0
DA:626,0
DA:628,0
DA:629,0
DA:630,0
DA:631,0
DA:632,0
DA:635,0
DA:636,0
DA:637,0
DA:638,0
DA:639,0
DA:641,0
DA:642,0
DA:643,0
DA:644,0
DA:645,0
DA:651,0
DA:652,0
DA:653,0
DA:654,0
DA:655,0
DA:661,0
DA:662,0
DA:663,0
DA:664,0
DA:665,0
DA:670,0
DA:673,0
DA:675,0
DA:676,0
DA:677,0
DA:681,0
DA:682,0
DA:683,0
DA:684,0
DA:685,0
DA:687,0
DA:688,0
DA:689,0
DA:690,0
DA:691,0
DA:692,0
DA:693,0
DA:695,0
DA:696,0
DA:701,0
DA:705,0
DA:706,0
DA:709,0
DA:710,0
DA:711,0
DA:712,0
DA:715,0
DA:718,0
DA:721,0
DA:722,0
DA:725,0
DA:728,0
DA:729,0
DA:730,0
DA:731,0
DA:732,0
DA:734,0
DA:735,0
DA:736,0
DA:738,0
DA:742,0
DA:744,0
DA:745,0
DA:746,0
DA:748,0
DA:749,0
DA:750,0
DA:752,0
DA:754,0
DA:759,0
DA:760,0
DA:762,0
DA:763,0
DA:764,0
DA:769,0
DA:770,0
DA:772,0
DA:773,0
DA:779,0
DA:780,0
DA:781,0
DA:784,0
DA:785,0
DA:786,0
DA:787,0
DA:794,0
DA:797,0
DA:798,0
DA:803,0
DA:804,0
DA:807,0
DA:808,0
DA:809,0
DA:810,0
DA:811,0
DA:812,0
DA:813,0
DA:815,0
DA:816,0
end_of_record

SF:/src/contracts/utilities/Tag.sol
DA:30,0
DA:70,6
DA:74,1
DA:77,5
DA:99,0
DA:103,0
DA:106,0
DA:109,0
DA:117,0
DA:121,0
DA:124,0
DA:125,0
DA:126,0
DA:136,0
DA:141,0
DA:143,0
DA:146,0
DA:147,0
DA:148,0
DA:149,0
DA:150,0
DA:152,0
end_of_record

SF:/src/contracts/utilities/Token.sol
DA:11,0
DA:16,0
DA:21,0
DA:25,0
DA:26,0
DA:29,0
DA:30,0
DA:35,0
DA:36,0
DA:39,0
DA:57,0
DA:58,0
DA:59,0
DA:65,0
DA:66,0
DA:67,0
DA:70,0
DA:71,0
DA:74,0
DA:77,0
DA:83,0
DA:87,0
DA:88,0
DA:92,0
DA:99,0
DA:107,0
DA:108,0
DA:110,0
DA:140,0
DA:141,0
DA:142,0
DA:143,0
DA:144,0
DA:145,0
DA:148,0
DA:150,0
DA:153,0
DA:154,0
DA:156,0
DA:159,0
DA:165,0
DA:169,0
DA:172,0
DA:173,0
DA:180,0
DA:187,0
DA:188,0
DA:190,0
DA:208,0
DA:209,0
DA:210,0
DA:211,0
DA:217,0
DA:218,0
DA:219,0
DA:222,0
DA:225,0
DA:230,0
DA:234,0
DA:235,0
DA:241,0
DA:244,0
DA:245,0
DA:247,0
DA:263,0
DA:264,0
DA:268,0
DA:269,0
DA:271,0
DA:275,0
DA:279,0
DA:280,0
DA:283,0
DA:287,0
DA:291,0
DA:295,0
DA:296,0
DA:299,0
DA:300,0
DA:303,0
DA:320,0
DA:321,0
DA:322,0
DA:328,0
DA:329,0
DA:331,0
DA:335,0
DA:339,0
DA:340,0
DA:343,0
DA:345,0
DA:349,0
end_of_record

SF:/src/contracts/utilities/Transient.sol
DA:22,4
DA:24,3
DA:31,0
DA:33,0
DA:40,0
DA:42,0
DA:49,0
DA:51,0
DA:58,0
DA:60,0
DA:61,0
DA:62,0
DA:70,5
DA:72,1
DA:74,4
DA:81,0
DA:83,0
DA:85,0
DA:92,0
DA:94,0
DA:96,0
DA:103,0
DA:105,0
DA:107,0
DA:114,0
DA:116,0
DA:118,0
DA:126,0
DA:130,0
DA:136,0
DA:138,0
DA:139,0
DA:142,0
DA:145,0
DA:149,0
DA:151,0
DA:154,0
DA:158,0
DA:159,0
DA:163,4
DA:164,7
DA:165,1
DA:176,3
DA:179,3
DA:182,5
DA:189,3
DA:191,16
DA:194,6
DA:200,3
DA:201,6
DA:208,0
DA:211,0
DA:212,0
DA:216,0
DA:220,0
DA:226,0
DA:230,0
DA:245,0
DA:248,0
DA:261,0
DA:265,0
DA:268,0
DA:271,0
DA:279,0
DA:282,0
DA:283,0
DA:291,0
DA:295,0
DA:296,0
DA:299,0
DA:302,0
DA:305,0
DA:309,0
DA:310,0
DA:313,0
DA:320,0
DA:324,0
DA:328,0
DA:337,0
DA:338,0
DA:339,0
DA:340,0
DA:341,0
DA:342,0
DA:344,0
DA:347,0
DA:350,0
DA:353,0
DA:355,0
DA:357,0
DA:361,0
DA:369,0
DA:374,0
DA:379,0
DA:381,0
DA:382,0
DA:384,0
DA:392,0
DA:396,0
DA:402,0
DA:407,0
DA:425,0
DA:430,0
DA:431,0
DA:444,0
DA:447,0
DA:451,0
DA:454,0
DA:458,0
DA:461,0
DA:462,0
DA:463,0
DA:464,0
DA:467,0
DA:474,0
DA:488,0
DA:496,0
DA:499,0
DA:503,0
DA:504,0
DA:505,0
DA:510,0
DA:511,0
DA:512,0
DA:517,0
DA:518,0
DA:519,0
DA:524,0
DA:525,0
DA:526,0
DA:531,0
DA:532,0
DA:533,0
DA:538,0
DA:539,0
DA:540,0
DA:545,0
DA:546,0
DA:547,0
DA:551,0
DA:552,0
DA:553,0
DA:554,0
DA:569,0
DA:570,0
DA:571,0
DA:572,0
DA:573,0
DA:574,0
DA:575,0
DA:577,0
DA:592,0
DA:593,0
DA:594,0
DA:595,0
DA:596,0
DA:597,0
DA:598,0
DA:599,0
DA:605,0
DA:606,0
DA:611,0
DA:614,0
DA:615,0
DA:619,0
DA:620,0
DA:625,0
DA:626,0
DA:631,0
DA:632,0
DA:637,0
DA:638,0
DA:643,0
DA:644,0
DA:648,0
DA:649,0
DA:650,0
DA:651,0
DA:652,0
DA:653,0
DA:654,0
DA:655,0
end_of_record

SF:/src/contracts/utilities/X111.sol
DA:13,0
DA:14,1
DA:15,0
DA:25,0
DA:29,0
DA:32,0
DA:36,0
DA:40,0
DA:42,0
DA:45,0
DA:49,0
DA:52,0
DA:56,0
DA:60,0
DA:63,0
DA:67,0
DA:71,0
DA:73,0
DA:76,0
DA:80,0
DA:82,0
DA:86,0
DA:90,0
DA:93,0
DA:98,0
DA:102,0
DA:105,0
DA:118,0
DA:122,0
DA:124,0
DA:127,0
DA:132,0
DA:136,0
DA:140,0
DA:149,0
DA:153,0
DA:157,0
DA:166,0
DA:170,0
DA:171,0
DA:174,0
DA:176,0
DA:178,0
DA:180,0
DA:182,0
end_of_record

SF:/src/contracts/utilities/X127.sol
DA:16,0
DA:19,0
DA:29,0
DA:33,0
DA:36,0
DA:49,0
DA:53,0
DA:56,0
DA:60,0
DA:64,0
DA:67,0
DA:71,0
DA:75,0
DA:77,0
DA:80,0
DA:84,0
DA:86,0
DA:90,0
DA:94,0
DA:97,0
DA:102,0
DA:106,0
DA:109,0
DA:114,0
DA:118,0
DA:121,0
DA:131,0
DA:132,0
DA:133,0
DA:137,0
DA:141,0
DA:143,0
DA:146,0
DA:150,0
DA:152,0
DA:155,0
DA:159,0
DA:163,0
DA:167,0
DA:174,0
DA:179,0
DA:181,0
DA:187,0
DA:188,0
DA:189,0
DA:190,0
DA:198,0
DA:201,0
DA:204,0
DA:212,0
DA:215,0
DA:221,0
end_of_record

SF:/src/contracts/utilities/X15.sol
DA:12,3
DA:13,1
DA:23,6
DA:27,1
DA:30,5
DA:34,6
DA:38,1
DA:40,9
DA:54,6
DA:58,1
DA:61,5
DA:65,6
DA:69,1
DA:71,9
DA:96,6
DA:100,1
DA:103,5
end_of_record

SF:/src/contracts/utilities/X208.sol
DA:13,0
DA:16,2
DA:27,0
DA:31,0
DA:34,0
DA:88,0
DA:92,0
DA:95,0
DA:100,0
DA:104,0
DA:107,0
DA:111,0
DA:115,7
DA:120,1
DA:124,2
DA:125,4
DA:126,1
DA:127,1
DA:128,1
DA:136,0
DA:140,0
DA:141,0
DA:142,0
DA:144,0
DA:145,0
DA:148,0
DA:153,0
end_of_record

SF:/src/contracts/utilities/X216.sol
DA:11,5
DA:12,1
DA:13,2
DA:16,1
DA:29,0
DA:33,0
DA:36,0
DA:40,0
DA:44,0
DA:46,0
DA:49,0
DA:53,0
DA:56,0
DA:60,6
DA:64,1
DA:67,5
DA:71,6
DA:75,1
DA:77,9
DA:80,0
DA:84,0
DA:86,0
DA:90,0
DA:94,0
DA:97,0
DA:102,6
DA:106,1
DA:109,5
DA:116,6
DA:120,1
DA:127,3
DA:128,1
DA:137,1
DA:138,5
DA:139,5
DA:140,2
DA:149,9
DA:150,2
DA:152,3
DA:153,2
DA:160,6
DA:164,1
DA:172,3
DA:173,8
DA:176,12
DA:177,5
DA:191,6
DA:195,1
DA:203,5
DA:204,3
DA:206,1
DA:208,3
DA:210,1
DA:211,1
DA:212,1
DA:213,1
DA:217,1
DA:231,6
DA:235,1
DA:245,5
DA:246,5
DA:247,3
DA:249,1
DA:251,3
DA:253,1
DA:254,1
DA:255,1
DA:257,1
DA:261,1
DA:266,0
DA:270,0
DA:272,0
DA:275,0
DA:279,0
DA:281,0
DA:290,0
DA:296,0
DA:297,0
DA:298,0
DA:299,0
DA:300,0
DA:301,0
DA:302,0
DA:306,0
DA:307,0
DA:308,0
DA:310,0
DA:311,0
DA:312,0
DA:314,0
DA:315,0
DA:316,0
DA:317,0
DA:320,0
DA:324,5
DA:327,1
DA:334,3
DA:336,1
DA:337,1
DA:341,1
DA:343,1
DA:346,1
DA:353,5
DA:356,1
DA:363,3
DA:365,1
DA:366,1
DA:368,1
DA:369,2
DA:372,1
DA:373,1
DA:375,1
DA:384,0
DA:389,0
DA:391,0
DA:395,0
DA:396,0
DA:397,0
DA:398,0
DA:407,0
DA:412,0
DA:414,0
DA:419,0
DA:421,0
DA:422,0
DA:423,0
end_of_record

SF:/src/contracts/utilities/X23.sol
DA:9,0
DA:10,0
DA:27,0
DA:31,0
DA:34,0
end_of_record

SF:/src/contracts/utilities/X47.sol
DA:10,0
DA:12,6
DA:14,6
DA:23,0
DA:27,0
DA:30,0
DA:34,0
DA:38,0
DA:40,0
DA:43,0
DA:47,0
DA:50,0
DA:54,6
DA:58,1
DA:61,5
DA:65,6
DA:69,1
DA:71,9
DA:83,0
DA:87,0
DA:89,0
end_of_record

SF:/src/contracts/utilities/X59.sol
DA:15,3
DA:16,2
DA:18,8
DA:21,0
DA:22,1
DA:23,1
DA:24,1
DA:25,8
DA:26,2
DA:39,6
DA:43,1
DA:46,5
DA:50,6
DA:54,1
DA:56,9
DA:59,6
DA:63,1
DA:66,5
DA:70,6
DA:74,1
DA:77,5
DA:81,6
DA:85,1
DA:87,9
DA:90,6
DA:94,1
DA:96,9
DA:100,6
DA:104,1
DA:107,5
DA:112,6
DA:116,1
DA:119,5
DA:125,0
DA:129,0
DA:132,0
DA:136,6
DA:140,1
DA:142,16
DA:145,6
DA:149,1
DA:151,16
DA:154,0
DA:157,6
DA:161,1
DA:164,5
DA:171,0
DA:176,0
DA:186,0
DA:187,0
DA:188,0
DA:189,0
DA:197,0
DA:202,0
DA:211,0
DA:212,0
DA:214,0
DA:216,0
DA:217,0
DA:218,0
DA:219,0
DA:221,0
DA:223,0
DA:225,0
DA:229,0
DA:250,5
DA:253,1
DA:257,4
DA:260,6
DA:263,6
DA:266,1
DA:274,3
DA:277,12
DA:278,3
DA:279,2
DA:284,1
DA:291,11
DA:297,3
DA:298,13
DA:299,7
DA:300,7
DA:301,7
DA:302,1
DA:307,3
DA:308,13
DA:309,7
DA:310,7
DA:311,1
DA:321,3
DA:324,12
DA:325,3
DA:326,2
DA:336,16
DA:342,3
DA:343,5
DA:344,3
DA:346,11
DA:347,11
DA:348,11
DA:349,11
DA:350,11
DA:351,11
DA:352,11
DA:353,11
DA:354,11
DA:355,11
DA:356,11
DA:357,11
DA:358,11
DA:361,10
DA:370,5
DA:373,1
DA:374,1
DA:375,1
DA:377,8
DA:388,6
DA:390,1
DA:391,1
DA:392,1
DA:397,6
DA:418,5
DA:421,1
DA:425,4
DA:429,17
DA:433,6
DA:439,16
DA:445,3
DA:446,5
DA:447,3
DA:449,11
DA:450,11
DA:451,11
DA:452,11
DA:453,11
DA:454,11
DA:455,11
DA:456,11
DA:457,11
DA:458,11
DA:459,11
DA:460,11
DA:461,11
DA:462,11
DA:463,11
DA:464,11
DA:465,11
DA:466,11
DA:467,11
DA:468,11
DA:469,11
DA:470,11
DA:471,11
DA:472,11
DA:473,11
DA:474,11
DA:475,11
DA:476,11
DA:477,11
DA:478,11
DA:479,11
DA:480,11
DA:481,11
DA:482,11
DA:483,11
DA:484,11
DA:485,11
DA:486,11
DA:487,11
DA:488,11
DA:489,11
DA:490,11
DA:491,11
DA:492,11
DA:493,11
DA:494,11
DA:495,11
DA:498,5
DA:507,5
DA:510,1
DA:517,12
DA:520,1
DA:524,3
DA:526,1
DA:528,5
DA:530,1
DA:531,1
DA:532,3
DA:534,1
DA:538,1
end_of_record

SF:/src/contracts/utilities/X74.sol
DA:39,0
DA:43,0
DA:46,0
DA:51,0
DA:55,0
DA:58,0
DA:62,0
DA:65,0
DA:68,0
DA:72,0
end_of_record

SF:/src/echidna/Initialize_Test.sol
DA:21,0
DA:27,2
DA:28,1
DA:29,8
DA:31,7
DA:33,1
DA:41,7
DA:42,3
DA:43,41
DA:46,17
DA:50,7
DA:52,20
DA:53,7
DA:54,15
DA:60,8
DA:61,2
DA:63,29
DA:64,17
DA:75,6
DA:76,24
DA:82,6
DA:83,30
DA:87,8
DA:88,11
DA:89,24
DA:90,6
DA:91,28
DA:117,6
DA:118,1
DA:119,2
DA:120,10
DA:121,20
DA:123,49
DA:125,34
DA:137,6
DA:138,1
DA:140,49
DA:141,35
DA:146,0
DA:149,7
DA:150,35
DA:151,1
DA:152,1
DA:153,1
DA:154,1
DA:159,1
DA:160,1
DA:172,88
DA:176,10
DA:183,2
DA:184,52
DA:185,15
DA:186,1
DA:187,1
DA:188,1
DA:189,1
DA:190,1
DA:191,1
DA:192,17
DA:194,76
DA:195,59
DA:203,8
DA:205,13
DA:208,52
DA:209,66
DA:211,22
DA:213,45
DA:216,80
DA:217,43
DA:218,15
DA:219,5
DA:220,3
DA:221,3
DA:229,27
DA:236,9
DA:238,52
DA:239,9
DA:240,12
DA:241,8
DA:242,9
DA:244,9
DA:245,9
DA:248,13
DA:249,5
DA:254,27
DA:261,8
DA:262,9
DA:263,12
DA:264,8
DA:265,9
DA:267,9
DA:268,9
DA:270,13
DA:271,5
DA:276,28
DA:284,10
DA:286,52
DA:287,9
DA:288,12
DA:289,8
DA:290,8
DA:291,9
DA:293,9
DA:294,9
DA:296,13
DA:297,5
DA:301,27
DA:308,10
DA:310,52
DA:311,21
DA:312,8
DA:313,9
DA:315,9
DA:316,9
DA:319,13
DA:322,13
DA:323,5
end_of_record

SF:/src/lib/openzeppelin-contracts/contracts/interfaces/IERC1155.sol
end_of_record

SF:/src/lib/openzeppelin-contracts/contracts/interfaces/IERC20.sol
end_of_record

SF:/src/lib/openzeppelin-contracts/contracts/interfaces/draft-IERC6909.sol
end_of_record

SF:/src/lib/openzeppelin-contracts/contracts/token/ERC1155/IERC1155.sol
end_of_record

SF:/src/lib/openzeppelin-contracts/contracts/token/ERC1155/IERC1155Receiver.sol
end_of_record

SF:/src/lib/openzeppelin-contracts/contracts/token/ERC20/IERC20.sol
end_of_record

SF:/src/lib/openzeppelin-contracts/contracts/utils/introspection/IERC165.sol
end_of_record

