TN:
SF:/src/contracts/interfaces/INofeeswap.sol
DA:1,0
end_of_record

SF:/src/contracts/interfaces/ISentinel.sol
end_of_record

SF:/src/contracts/interfaces/IStorageAccess.sol
end_of_record

SF:/src/contracts/interfaces/ITransientAccess.sol
end_of_record

SF:/src/contracts/utilities/Calldata.sol
DA:401,0
DA:411,0
DA:415,0
DA:416,0
DA:419,0
DA:425,0
DA:426,0
DA:429,0
DA:430,0
DA:431,0
DA:437,0
DA:440,0
DA:443,0
DA:447,0
DA:450,0
DA:452,0
DA:482,0
DA:483,0
DA:484,0
DA:485,0
DA:486,0
DA:488,0
DA:489,0
DA:490,0
DA:500,6
DA:511,6
DA:514,4
DA:515,3
DA:518,4
DA:521,4
DA:524,5
DA:527,5
DA:529,19
DA:548,5
DA:551,4
DA:554,5
DA:558,5
DA:561,5
DA:563,33
DA:596,4
DA:597,5
DA:598,13
DA:599,1
DA:601,8
DA:602,4
DA:603,4
end_of_record

SF:/src/contracts/utilities/Curve.sol
DA:61,0
end_of_record

SF:/src/contracts/utilities/Errors.sol
end_of_record

SF:/src/contracts/utilities/Events.sol
end_of_record

SF:/src/contracts/utilities/FullMath.sol
DA:9,0
end_of_record

SF:/src/contracts/utilities/Index.sol
DA:121,0
end_of_record

SF:/src/contracts/utilities/Kernel.sol
DA:86,0
end_of_record

SF:/src/contracts/utilities/KernelCompact.sol
DA:73,0
end_of_record

SF:/src/contracts/utilities/Memory.sol
DA:42,74
DA:5470,160
DA:5527,2
DA:5530,2
DA:5565,2
DA:5568,2
DA:5573,2
DA:5576,12
DA:5595,2
DA:5598,2
DA:5964,2
DA:5967,2
DA:5980,0
DA:5983,0
DA:5996,2
DA:5999,2
DA:6056,2
DA:6059,12
DA:6500,0
DA:6503,0
end_of_record

SF:/src/contracts/utilities/PoolId.sol
end_of_record

SF:/src/contracts/utilities/Price.sol
DA:8,0
end_of_record

SF:/src/contracts/utilities/SentinelCalls.sol
end_of_record

SF:/src/contracts/utilities/Storage.sol
end_of_record

SF:/src/contracts/utilities/Tag.sol
DA:99,0
end_of_record

SF:/src/contracts/utilities/X111.sol
DA:127,0
end_of_record

SF:/src/contracts/utilities/X127.sol
DA:155,0
end_of_record

SF:/src/contracts/utilities/X15.sol
end_of_record

SF:/src/contracts/utilities/X208.sol
DA:111,0
end_of_record

SF:/src/contracts/utilities/X216.sol
DA:320,0
end_of_record

SF:/src/contracts/utilities/X23.sol
end_of_record

SF:/src/contracts/utilities/X47.sol
end_of_record

SF:/src/contracts/utilities/X59.sol
DA:154,0
end_of_record

SF:/src/contracts/utilities/X74.sol
DA:62,0
end_of_record

SF:/src/echidna/ReadDonateInputTest.sol
DA:23,0
DA:26,0
DA:27,0
DA:31,0
DA:32,0
DA:33,0
DA:34,0
DA:35,0
DA:36,0
DA:37,0
DA:38,0
DA:41,0
DA:55,0
DA:56,0
DA:57,0
DA:58,0
DA:59,0
DA:60,0
DA:61,0
DA:62,0
DA:68,0
DA:72,9
DA:78,63
DA:81,16
DA:82,22
DA:90,5
DA:91,12
DA:92,22
DA:94,6
DA:95,35
DA:96,59
DA:99,29
DA:103,6
DA:104,13
DA:109,0
DA:112,0
DA:119,0
DA:122,0
DA:123,0
DA:150,0
DA:151,0
DA:154,0
DA:155,0
DA:158,0
DA:165,0
DA:166,0
DA:167,0
DA:168,0
DA:170,0
DA:171,0
DA:172,0
DA:173,0
DA:177,0
DA:179,0
DA:181,0
DA:182,0
DA:183,0
DA:184,0
DA:185,0
DA:186,0
DA:192,0
DA:196,0
DA:197,0
DA:200,0
DA:209,0
DA:214,0
DA:218,0
DA:222,0
DA:224,0
DA:227,0
DA:234,0
DA:238,0
DA:239,0
DA:242,0
DA:243,0
DA:245,0
DA:246,0
DA:247,0
DA:250,0
DA:251,0
DA:252,0
DA:253,0
DA:254,0
DA:256,0
DA:257,0
DA:261,0
DA:268,0
DA:277,0
DA:282,0
DA:284,0
DA:286,0
DA:290,0
DA:292,0
DA:299,0
DA:308,0
DA:313,0
DA:316,0
DA:317,0
DA:321,0
DA:323,0
DA:328,0
DA:337,0
DA:342,0
DA:345,0
DA:346,0
DA:350,0
DA:352,0
DA:358,0
DA:367,0
DA:372,0
DA:376,0
DA:377,0
DA:378,0
DA:379,0
DA:381,0
DA:384,0
DA:388,0
DA:390,0
end_of_record

SF:/src/echidna/ReadModifyKernelInputTest.sol
DA:20,400
DA:22,2
DA:23,4
DA:25,5
DA:27,4
DA:28,5
DA:29,5
DA:30,5
DA:31,10
DA:38,8
DA:39,7
DA:40,7
DA:41,7
DA:42,7
DA:48,0
DA:63,6
DA:64,22
DA:65,30
DA:67,6
DA:68,33
DA:69,59
DA:72,27
DA:73,2
DA:77,11
DA:84,4
DA:85,5
DA:86,5
DA:87,5
DA:88,5
DA:90,5
DA:91,5
DA:92,5
DA:93,5
DA:94,54
DA:98,9
DA:106,4
DA:109,12
DA:110,18
DA:112,28
DA:113,6
DA:114,1
DA:115,1
DA:116,1
DA:117,6
DA:118,6
DA:129,1547
DA:134,2
DA:135,43
DA:144,6
DA:154,4
DA:158,9
DA:161,18
DA:162,29
DA:165,6
DA:168,4
DA:169,33
DA:170,4
DA:171,4
DA:172,4
DA:173,23
DA:175,25
DA:177,4
DA:178,19
DA:180,4
DA:181,4
DA:182,11
DA:183,23
DA:184,5
DA:185,4
DA:186,56
DA:188,15
DA:189,19
DA:190,9
DA:192,32
DA:193,25
end_of_record

