TN:
SF:/src/contracts/helpers/CalldataWrapper.sol
DA:1,0
DA:14,0
DA:15,0
DA:16,0
DA:18,0
DA:19,0
DA:20,0
DA:25,0
DA:27,0
DA:28,0
DA:33,0
DA:35,0
DA:36,0
DA:41,0
DA:42,0
DA:44,0
DA:45,0
DA:46,0
DA:51,0
DA:53,0
DA:54,0
DA:59,0
DA:61,0
DA:62,0
DA:67,0
DA:69,0
DA:70,0
DA:79,0
DA:81,0
DA:82,0
end_of_record

SF:/src/contracts/interfaces/INofeeswap.sol
end_of_record

SF:/src/contracts/interfaces/ISentinel.sol
end_of_record

SF:/src/contracts/interfaces/IStorageAccess.sol
end_of_record

SF:/src/contracts/interfaces/ITransientAccess.sol
end_of_record

SF:/src/contracts/utilities/Calldata.sol
DA:67,6
DA:83,7
DA:88,4
DA:90,5
DA:91,3
DA:94,5
DA:96,6
DA:99,20
DA:102,5
DA:105,24
DA:106,1
DA:110,5
DA:111,16
DA:112,16
DA:116,11
DA:118,20
DA:123,4
DA:124,3
DA:127,6
DA:130,4
DA:131,3
DA:134,6
DA:137,13
DA:142,4
DA:143,3
DA:147,5
DA:148,10
DA:149,1
DA:151,5
DA:156,4
DA:159,5
DA:162,5
DA:164,20
DA:183,6
DA:188,4
DA:191,5
DA:194,5
DA:196,13
DA:205,21
DA:206,6
DA:210,4
DA:213,5
DA:217,5
DA:220,5
DA:222,39
DA:262,5
DA:263,5
DA:264,15
DA:265,1
DA:267,10
DA:268,5
DA:269,5
DA:277,0
DA:289,0
DA:293,0
DA:294,0
DA:297,0
DA:300,0
DA:303,0
DA:304,0
DA:307,0
DA:308,0
DA:309,0
DA:310,0
DA:311,0
DA:314,0
DA:315,0
DA:318,0
DA:319,0
DA:320,0
DA:321,0
DA:322,0
DA:328,0
DA:329,0
DA:333,0
DA:334,0
DA:335,0
DA:336,0
DA:342,0
DA:345,0
DA:348,0
DA:352,0
DA:355,0
DA:357,0
DA:387,0
DA:388,0
DA:389,0
DA:390,0
DA:391,0
DA:393,0
DA:394,0
DA:395,0
DA:401,0
DA:411,0
DA:415,0
DA:416,0
DA:419,0
DA:425,0
DA:426,0
DA:429,0
DA:430,0
DA:431,0
DA:437,0
DA:440,0
DA:443,0
DA:447,0
DA:450,0
DA:452,0
DA:482,0
DA:483,0
DA:484,0
DA:485,0
DA:486,0
DA:488,0
DA:489,0
DA:490,0
DA:500,0
DA:511,0
DA:514,0
DA:515,0
DA:518,0
DA:521,0
DA:524,0
DA:527,0
DA:529,0
DA:548,0
DA:551,0
DA:554,0
DA:558,0
DA:561,0
DA:563,0
DA:596,0
DA:597,0
DA:598,0
DA:599,0
DA:601,0
DA:602,0
DA:603,0
DA:608,0
DA:616,0
DA:619,0
DA:620,0
DA:623,0
DA:627,0
DA:628,0
DA:631,0
DA:632,0
DA:633,0
DA:635,0
DA:640,0
DA:641,0
DA:646,0
DA:649,0
DA:654,0
DA:661,0
DA:662,0
DA:665,0
DA:669,0
DA:670,0
DA:675,0
DA:678,0
DA:683,0
DA:695,0
DA:698,0
DA:699,0
DA:702,0
DA:706,0
DA:707,0
DA:717,0
DA:720,0
DA:721,0
DA:724,0
DA:727,0
DA:728,0
DA:734,0
DA:737,0
DA:747,0
DA:750,0
DA:753,0
DA:757,0
DA:759,0
DA:785,0
DA:786,0
DA:787,0
DA:788,0
DA:790,0
DA:791,0
DA:792,0
DA:798,0
DA:805,0
DA:806,0
DA:809,0
DA:812,0
end_of_record

SF:/src/contracts/utilities/Curve.sol
DA:61,0
end_of_record

SF:/src/contracts/utilities/Errors.sol
end_of_record

SF:/src/contracts/utilities/Events.sol
end_of_record

SF:/src/contracts/utilities/FullMath.sol
DA:9,0
DA:144,5
DA:149,4
DA:151,15
end_of_record

SF:/src/contracts/utilities/Index.sol
DA:121,0
end_of_record

SF:/src/contracts/utilities/Kernel.sol
DA:86,0
end_of_record

SF:/src/contracts/utilities/KernelCompact.sol
DA:73,0
end_of_record

SF:/src/contracts/utilities/Memory.sol
DA:42,43
DA:2537,0
DA:5470,100
DA:5519,0
DA:5520,0
DA:5522,0
DA:5527,2
DA:5530,2
DA:5557,0
DA:5558,0
DA:5560,0
DA:5565,2
DA:5568,2
DA:5573,2
DA:5576,12
DA:5595,2
DA:5598,2
DA:5611,0
DA:5614,0
DA:5633,0
DA:5636,0
DA:5649,0
DA:5652,0
DA:5964,2
DA:5967,2
DA:5980,2
DA:5983,2
DA:5996,2
DA:5999,2
DA:6056,2
DA:6059,12
DA:6244,2
DA:6247,2
DA:6260,2
DA:6263,2
DA:6276,2
DA:6279,2
DA:6292,2
DA:6295,2
DA:6368,2
DA:6371,12
DA:6456,0
DA:6459,0
DA:6478,0
DA:6481,0
DA:6500,0
DA:6503,0
DA:6516,0
DA:6519,0
DA:6532,0
DA:6535,0
end_of_record

SF:/src/contracts/utilities/PoolId.sol
DA:7,3
DA:10,4
DA:12,9
DA:28,3
DA:31,4
DA:33,15
end_of_record

SF:/src/contracts/utilities/Price.sol
DA:8,0
end_of_record

SF:/src/contracts/utilities/SentinelCalls.sol
end_of_record

SF:/src/contracts/utilities/Storage.sol
DA:87,7
DA:88,2
DA:1089,3
DA:1092,4
DA:1094,9
end_of_record

SF:/src/contracts/utilities/Tag.sol
DA:70,3
DA:74,4
DA:76,2
DA:99,0
end_of_record

SF:/src/contracts/utilities/X111.sol
DA:127,0
end_of_record

SF:/src/contracts/utilities/X127.sol
DA:155,0
end_of_record

SF:/src/contracts/utilities/X15.sol
end_of_record

SF:/src/contracts/utilities/X208.sol
DA:111,0
end_of_record

SF:/src/contracts/utilities/X216.sol
DA:320,0
end_of_record

SF:/src/contracts/utilities/X23.sol
end_of_record

SF:/src/contracts/utilities/X47.sol
DA:12,84
DA:54,3
DA:58,4
DA:60,2
DA:65,3
DA:69,4
DA:71,12
end_of_record

SF:/src/contracts/utilities/X59.sol
DA:15,42
DA:21,0
DA:22,0
DA:25,28
DA:26,8
DA:59,3
DA:63,4
DA:65,2
DA:70,3
DA:74,4
DA:76,2
DA:112,3
DA:116,4
DA:118,2
DA:154,0
DA:418,2
DA:421,4
DA:425,9
DA:429,38
DA:433,11
DA:439,35
DA:444,480
DA:498,2
DA:507,4
DA:510,4
DA:517,13
DA:520,14
end_of_record

SF:/src/contracts/utilities/X74.sol
DA:62,0
end_of_record

SF:/src/echidna/ReadInitializePositiveAssertionTest.sol
DA:21,0
DA:32,9
DA:38,63
DA:41,16
DA:42,22
DA:47,11
DA:50,23
DA:52,46
DA:55,22
DA:62,6
DA:63,13
DA:70,6
DA:71,22
DA:72,30
DA:74,6
DA:75,33
DA:76,59
DA:79,27
DA:80,2
DA:87,6
DA:88,22
DA:89,30
DA:91,6
DA:92,33
DA:93,59
DA:96,27
DA:97,2
DA:104,5
DA:105,12
DA:106,22
DA:108,6
DA:109,35
DA:110,59
DA:113,29
DA:117,6
DA:118,13
DA:124,0
DA:127,0
DA:134,0
DA:137,0
DA:138,0
DA:142,0
DA:144,0
DA:160,0
DA:169,0
DA:170,0
DA:171,0
DA:172,0
DA:173,0
DA:174,0
DA:179,0
DA:180,0
DA:181,0
DA:182,0
DA:184,0
DA:185,0
DA:186,0
DA:187,0
DA:188,0
DA:216,9
DA:226,4
DA:227,5
DA:229,16
DA:230,25
DA:231,14
DA:232,9
DA:233,9
DA:234,9
DA:235,14
DA:237,2
DA:244,9
DA:253,4
DA:254,30
DA:255,6
DA:256,1
DA:257,3
DA:258,3
DA:263,15
DA:264,11
DA:265,18
DA:266,18
DA:268,30
DA:269,13
DA:270,7
DA:271,7
DA:272,6
DA:279,5
DA:285,22
DA:286,5
DA:289,25
DA:297,5
DA:305,21
DA:308,11
DA:309,11
DA:310,11
DA:314,19
DA:315,20
DA:316,14
DA:320,24
DA:332,1
DA:400,0
DA:403,0
DA:405,0
DA:408,0
DA:411,0
DA:416,0
DA:417,0
DA:418,0
DA:422,0
DA:423,0
DA:424,0
DA:428,0
DA:429,0
DA:431,0
DA:432,0
DA:435,0
DA:438,0
DA:439,0
DA:440,0
DA:444,0
DA:445,0
DA:447,0
DA:448,0
DA:451,0
DA:454,0
DA:455,0
DA:456,0
DA:466,0
DA:470,0
DA:471,0
DA:477,0
DA:488,0
DA:489,0
DA:491,0
DA:492,0
DA:498,0
DA:509,0
DA:512,0
DA:513,0
DA:515,0
DA:516,0
DA:523,0
DA:534,0
DA:537,0
DA:539,0
DA:540,0
DA:546,0
DA:557,0
DA:560,0
DA:561,0
DA:563,0
DA:564,0
DA:570,0
DA:581,0
DA:584,0
DA:585,0
DA:587,0
DA:588,0
DA:593,0
DA:604,0
DA:607,0
DA:608,0
DA:609,0
DA:610,0
DA:613,0
DA:614,0
DA:616,0
DA:617,0
DA:628,818
DA:631,2
DA:632,4
DA:633,5
DA:634,5
DA:635,5
DA:636,5
DA:637,5
DA:638,5
DA:639,5
DA:640,5
DA:641,5
DA:642,5
DA:643,5
DA:646,4
DA:647,4
DA:648,5
DA:649,5
DA:651,50
DA:676,8
DA:677,7
DA:678,7
DA:683,2213
DA:688,2
DA:689,43
DA:692,11
DA:703,16
DA:704,67
DA:706,28
DA:709,6
DA:712,28
DA:713,18
DA:717,88
DA:718,17
DA:719,25
DA:720,25
DA:721,25
DA:724,25
DA:725,33
DA:726,11
DA:727,24
DA:728,5
DA:729,15
DA:734,20
DA:735,24
DA:739,6
DA:740,26
DA:741,33
DA:742,11
DA:746,20
DA:751,17
DA:752,12
DA:753,8
DA:754,66
DA:757,19
DA:758,18
DA:759,19
DA:760,18
DA:763,4
DA:764,4
DA:765,10
DA:771,25
DA:773,4
DA:774,4
DA:775,10
DA:778,26
DA:781,3
DA:782,4
DA:783,4
DA:786,26
DA:888,13
DA:900,16
DA:903,4
DA:904,5
DA:906,3
DA:911,13
DA:914,35
DA:920,5
DA:921,5
DA:923,21
DA:933,16
DA:934,15
DA:940,5
end_of_record

