TN:
SF:/src/contracts/interfaces/INofeeswap.sol
DA:1,0
end_of_record

SF:/src/contracts/interfaces/ISentinel.sol
end_of_record

SF:/src/contracts/interfaces/IStorageAccess.sol
end_of_record

SF:/src/contracts/interfaces/ITransientAccess.sol
end_of_record

SF:/src/contracts/utilities/Calldata.sol
DA:401,2
DA:411,5
DA:415,4
DA:416,3
DA:419,4
DA:425,4
DA:426,3
DA:429,19
DA:430,18
DA:431,4
DA:437,4
DA:440,5
DA:443,5
DA:447,5
DA:450,5
DA:452,28
DA:482,4
DA:483,4
DA:484,5
DA:485,13
DA:486,1
DA:488,8
DA:489,4
DA:490,4
end_of_record

SF:/src/contracts/utilities/Curve.sol
DA:61,0
end_of_record

SF:/src/contracts/utilities/Errors.sol
end_of_record

SF:/src/contracts/utilities/Events.sol
end_of_record

SF:/src/contracts/utilities/FullMath.sol
DA:9,0
end_of_record

SF:/src/contracts/utilities/Index.sol
DA:121,0
end_of_record

SF:/src/contracts/utilities/Kernel.sol
DA:86,0
end_of_record

SF:/src/contracts/utilities/KernelCompact.sol
DA:73,0
end_of_record

SF:/src/contracts/utilities/Memory.sol
DA:42,30
DA:5470,167
DA:5527,2
DA:5530,2
DA:5565,2
DA:5568,2
DA:5573,2
DA:5576,12
DA:5595,2
DA:5598,2
DA:5980,2
DA:5983,2
DA:5996,2
DA:5999,2
DA:6056,2
DA:6059,12
DA:6500,2
DA:6503,2
end_of_record

SF:/src/contracts/utilities/PoolId.sol
end_of_record

SF:/src/contracts/utilities/Price.sol
DA:8,0
end_of_record

SF:/src/contracts/utilities/SentinelCalls.sol
end_of_record

SF:/src/contracts/utilities/Storage.sol
end_of_record

SF:/src/contracts/utilities/Tag.sol
DA:99,0
end_of_record

SF:/src/contracts/utilities/X111.sol
DA:127,0
end_of_record

SF:/src/contracts/utilities/X127.sol
DA:155,0
end_of_record

SF:/src/contracts/utilities/X15.sol
end_of_record

SF:/src/contracts/utilities/X208.sol
DA:111,0
end_of_record

SF:/src/contracts/utilities/X216.sol
DA:320,0
end_of_record

SF:/src/contracts/utilities/X23.sol
end_of_record

SF:/src/contracts/utilities/X47.sol
end_of_record

SF:/src/contracts/utilities/X59.sol
DA:154,0
end_of_record

SF:/src/contracts/utilities/X74.sol
DA:62,0
end_of_record

SF:/src/echidna/ReadDonateInputTest.sol
DA:23,390
DA:26,2
DA:27,9
DA:31,4
DA:32,5
DA:33,5
DA:34,5
DA:35,10
DA:42,23
DA:43,4
DA:44,4
DA:45,8
DA:51,0
DA:55,9
DA:61,63
DA:64,16
DA:65,22
DA:73,5
DA:74,12
DA:75,22
DA:77,6
DA:78,35
DA:79,59
DA:82,29
DA:86,6
DA:87,13
DA:102,8
DA:103,26
DA:106,11
DA:113,4
DA:114,5
DA:115,5
DA:116,5
DA:118,5
DA:119,5
DA:120,5
DA:121,5
DA:125,12
DA:127,12
DA:129,28
DA:130,6
DA:131,1
DA:132,1
DA:133,1
DA:134,6
DA:140,1350
DA:144,2
DA:145,43
DA:148,5
DA:157,6
DA:162,10
DA:166,17
DA:170,28
DA:172,6
DA:175,7
DA:178,18
DA:182,19
DA:183,18
DA:186,9
DA:187,14
DA:189,11
DA:190,55
DA:192,18
DA:193,17
end_of_record

