TN:
SF:/src/contracts/interfaces/INofeeswap.sol
DA:1,0
end_of_record

SF:/src/contracts/interfaces/ISentinel.sol
end_of_record

SF:/src/contracts/interfaces/IStorageAccess.sol
end_of_record

SF:/src/contracts/interfaces/ITransientAccess.sol
end_of_record

SF:/src/contracts/utilities/Calldata.sol
DA:608,2
DA:616,5
DA:619,4
DA:620,3
DA:623,4
DA:627,4
DA:628,3
DA:631,5
DA:632,10
DA:633,1
DA:635,4
DA:640,4
DA:641,6
DA:646,4
DA:649,12
end_of_record

SF:/src/contracts/utilities/Curve.sol
DA:61,0
end_of_record

SF:/src/contracts/utilities/Errors.sol
end_of_record

SF:/src/contracts/utilities/Events.sol
end_of_record

SF:/src/contracts/utilities/FullMath.sol
DA:9,0
end_of_record

SF:/src/contracts/utilities/Index.sol
DA:121,0
end_of_record

SF:/src/contracts/utilities/Kernel.sol
DA:86,0
end_of_record

SF:/src/contracts/utilities/KernelCompact.sol
DA:73,0
end_of_record

SF:/src/contracts/utilities/Memory.sol
DA:5470,24
DA:5527,2
DA:5530,2
DA:5565,2
DA:5568,2
DA:5573,2
DA:5576,12
DA:5595,2
DA:5598,2
DA:6368,2
DA:6371,12
end_of_record

SF:/src/contracts/utilities/PoolId.sol
end_of_record

SF:/src/contracts/utilities/Price.sol
DA:8,0
end_of_record

SF:/src/contracts/utilities/SentinelCalls.sol
end_of_record

SF:/src/contracts/utilities/Storage.sol
end_of_record

SF:/src/contracts/utilities/Tag.sol
DA:99,0
end_of_record

SF:/src/contracts/utilities/X111.sol
DA:127,0
end_of_record

SF:/src/contracts/utilities/X127.sol
DA:155,0
end_of_record

SF:/src/contracts/utilities/X15.sol
end_of_record

SF:/src/contracts/utilities/X208.sol
DA:111,0
end_of_record

SF:/src/contracts/utilities/X216.sol
DA:320,0
end_of_record

SF:/src/contracts/utilities/X23.sol
end_of_record

SF:/src/contracts/utilities/X47.sol
DA:12,100
DA:54,3
DA:58,4
DA:60,2
DA:65,3
DA:69,4
DA:71,12
end_of_record

SF:/src/contracts/utilities/X59.sol
DA:154,0
end_of_record

SF:/src/contracts/utilities/X74.sol
DA:62,0
end_of_record

SF:/src/echidna/CallDataUtility.sol
DA:5,0
DA:8,9
DA:14,63
DA:17,16
DA:18,22
DA:23,6
DA:24,13
DA:28,6
DA:30,31
DA:37,0
DA:49,8
DA:51,4
DA:52,5
DA:54,5
DA:55,5
end_of_record

SF:/src/echidna/ReadModifyPoolGrowth.sol
DA:19,322
DA:21,2
DA:22,9
DA:27,4
DA:28,5
DA:29,5
DA:30,5
DA:32,12
DA:41,8
DA:42,7
DA:43,7
DA:44,7
DA:50,882
DA:55,2
DA:56,43
DA:61,6
DA:67,2
DA:68,7
DA:70,27
DA:71,5
DA:72,1
DA:73,1
DA:76,25
DA:78,4
DA:82,6
DA:88,3
DA:89,7
DA:91,5
DA:92,27
DA:93,6
DA:94,1
DA:95,1
DA:98,25
DA:100,9
end_of_record

