TN:
SF:/src/contracts/interfaces/INofeeswap.sol
DA:1,0
end_of_record

SF:/src/contracts/interfaces/ISentinel.sol
end_of_record

SF:/src/contracts/interfaces/IStorageAccess.sol
end_of_record

SF:/src/contracts/interfaces/ITransientAccess.sol
end_of_record

SF:/src/contracts/utilities/Calldata.sol
DA:608,0
DA:616,0
DA:619,0
DA:620,0
DA:623,0
DA:627,0
DA:628,0
DA:631,0
DA:632,0
DA:633,0
DA:635,0
DA:640,0
DA:641,0
DA:646,0
DA:649,0
DA:654,2
DA:661,4
DA:662,3
DA:665,4
DA:669,4
DA:670,6
DA:675,4
DA:678,12
DA:798,0
DA:805,0
DA:806,0
DA:809,0
DA:812,0
end_of_record

SF:/src/contracts/utilities/Curve.sol
DA:61,0
end_of_record

SF:/src/contracts/utilities/Errors.sol
end_of_record

SF:/src/contracts/utilities/Events.sol
end_of_record

SF:/src/contracts/utilities/FullMath.sol
DA:9,0
end_of_record

SF:/src/contracts/utilities/Index.sol
DA:121,0
end_of_record

SF:/src/contracts/utilities/Kernel.sol
DA:86,0
end_of_record

SF:/src/contracts/utilities/KernelCompact.sol
DA:73,0
end_of_record

SF:/src/contracts/utilities/Memory.sol
DA:42,73
DA:2537,0
DA:5470,24
DA:5527,2
DA:5530,2
DA:5565,2
DA:5568,2
DA:5573,0
DA:5576,0
DA:5595,2
DA:5598,2
DA:6368,0
DA:6371,0
end_of_record

SF:/src/contracts/utilities/PoolId.sol
end_of_record

SF:/src/contracts/utilities/Price.sol
DA:8,0
end_of_record

SF:/src/contracts/utilities/SentinelCalls.sol
end_of_record

SF:/src/contracts/utilities/Storage.sol
end_of_record

SF:/src/contracts/utilities/Tag.sol
DA:99,0
end_of_record

SF:/src/contracts/utilities/X111.sol
DA:127,0
end_of_record

SF:/src/contracts/utilities/X127.sol
DA:155,0
end_of_record

SF:/src/contracts/utilities/X15.sol
end_of_record

SF:/src/contracts/utilities/X208.sol
DA:111,0
end_of_record

SF:/src/contracts/utilities/X216.sol
DA:320,0
end_of_record

SF:/src/contracts/utilities/X23.sol
end_of_record

SF:/src/contracts/utilities/X47.sol
DA:12,0
DA:54,0
DA:58,0
DA:60,0
DA:65,0
DA:69,0
DA:71,0
end_of_record

SF:/src/contracts/utilities/X59.sol
DA:154,0
end_of_record

SF:/src/contracts/utilities/X74.sol
DA:62,0
end_of_record

SF:/src/echidna/CallDataUtility.sol
DA:5,0
DA:8,9
DA:14,63
DA:17,16
DA:18,22
DA:23,0
DA:24,0
DA:28,0
DA:30,0
DA:37,0
DA:46,0
DA:48,0
DA:49,0
DA:51,0
DA:52,0
DA:57,0
DA:68,0
end_of_record

SF:/src/echidna/ReadModifyPoolGrowth.sol
DA:19,316
DA:21,0
DA:22,0
DA:27,0
DA:28,0
DA:29,0
DA:30,0
DA:32,0
DA:41,0
DA:42,0
DA:43,0
DA:44,0
DA:49,2
DA:50,9
DA:55,4
DA:56,5
DA:57,5
DA:58,7
DA:64,8
DA:65,7
DA:66,7
DA:70,0
DA:71,0
DA:75,0
DA:76,0
DA:78,0
DA:83,0
DA:84,0
DA:90,0
DA:95,0
DA:96,0
DA:101,0
DA:107,0
DA:108,0
DA:110,0
DA:111,0
DA:112,0
DA:113,0
DA:116,0
DA:117,0
DA:119,0
DA:121,0
DA:122,0
DA:123,0
DA:124,0
DA:125,0
DA:126,0
DA:128,0
DA:129,0
DA:131,0
DA:132,0
DA:134,0
DA:135,0
DA:140,0
DA:146,0
DA:147,0
DA:149,0
DA:150,0
DA:151,0
DA:152,0
DA:153,0
DA:156,0
DA:158,0
DA:164,866
DA:169,2
DA:170,43
DA:179,4
DA:184,4
DA:186,28
DA:187,6
DA:188,1
DA:191,25
DA:193,5
DA:195,4
DA:197,5
DA:198,15
DA:199,6
DA:201,4
DA:202,4
DA:203,17
DA:205,21
DA:207,27
DA:208,8
DA:210,22
DA:211,21
DA:219,0
DA:224,0
DA:225,0
DA:228,0
DA:234,0
DA:236,0
DA:237,0
DA:241,0
DA:243,0
end_of_record

