TN:
SF:/src/contracts/helpers/CalldataWrapper.sol
DA:1,0
DA:14,0
DA:15,0
DA:16,0
DA:18,0
DA:19,0
DA:20,0
DA:25,0
DA:27,0
DA:28,0
DA:33,0
DA:35,0
DA:36,0
DA:41,0
DA:42,0
DA:44,0
DA:45,0
DA:46,0
DA:51,0
DA:53,0
DA:54,0
DA:59,0
DA:61,0
DA:62,0
DA:67,0
DA:69,0
DA:70,0
DA:79,0
DA:81,0
DA:82,0
end_of_record

SF:/src/contracts/interfaces/INofeeswap.sol
end_of_record

SF:/src/contracts/interfaces/ISentinel.sol
end_of_record

SF:/src/contracts/interfaces/IStorageAccess.sol
end_of_record

SF:/src/contracts/interfaces/ITransientAccess.sol
end_of_record

SF:/src/contracts/utilities/Calldata.sol
DA:67,0
DA:83,0
DA:88,0
DA:90,0
DA:91,0
DA:94,0
DA:96,0
DA:99,0
DA:102,0
DA:105,0
DA:106,0
DA:110,0
DA:111,0
DA:112,0
DA:116,0
DA:118,0
DA:123,0
DA:124,0
DA:127,0
DA:130,0
DA:131,0
DA:134,0
DA:137,0
DA:142,0
DA:143,0
DA:147,0
DA:148,0
DA:149,0
DA:151,0
DA:156,0
DA:159,0
DA:162,0
DA:164,0
DA:183,0
DA:188,0
DA:191,0
DA:194,0
DA:196,0
DA:205,0
DA:206,0
DA:210,0
DA:213,0
DA:217,0
DA:220,0
DA:222,0
DA:262,0
DA:263,0
DA:264,0
DA:265,0
DA:267,0
DA:268,0
DA:269,0
DA:277,0
DA:289,0
DA:293,0
DA:294,0
DA:297,0
DA:300,0
DA:303,0
DA:304,0
DA:307,0
DA:308,0
DA:309,0
DA:310,0
DA:311,0
DA:314,0
DA:315,0
DA:318,0
DA:319,0
DA:320,0
DA:321,0
DA:322,0
DA:328,0
DA:329,0
DA:333,0
DA:334,0
DA:335,0
DA:336,0
DA:342,0
DA:345,0
DA:348,0
DA:352,0
DA:355,0
DA:357,0
DA:387,0
DA:388,0
DA:389,0
DA:390,0
DA:391,0
DA:393,0
DA:394,0
DA:395,0
DA:401,0
DA:411,0
DA:415,0
DA:416,0
DA:419,0
DA:425,0
DA:426,0
DA:429,0
DA:430,0
DA:431,0
DA:437,0
DA:440,0
DA:443,0
DA:447,0
DA:450,0
DA:452,0
DA:482,0
DA:483,0
DA:484,0
DA:485,0
DA:486,0
DA:488,0
DA:489,0
DA:490,0
DA:500,0
DA:511,0
DA:514,0
DA:515,0
DA:518,0
DA:521,0
DA:524,0
DA:527,0
DA:529,0
DA:548,0
DA:551,0
DA:554,0
DA:558,0
DA:561,0
DA:563,0
DA:596,0
DA:597,0
DA:598,0
DA:599,0
DA:601,0
DA:602,0
DA:603,0
DA:608,0
DA:616,0
DA:619,0
DA:620,0
DA:623,0
DA:627,0
DA:628,0
DA:631,0
DA:632,0
DA:633,0
DA:635,0
DA:640,0
DA:641,0
DA:646,0
DA:649,0
DA:654,0
DA:661,0
DA:662,0
DA:665,0
DA:669,0
DA:670,0
DA:675,0
DA:678,0
DA:683,0
DA:695,0
DA:698,0
DA:699,0
DA:702,0
DA:706,0
DA:707,0
DA:717,0
DA:720,0
DA:721,0
DA:724,0
DA:727,0
DA:728,0
DA:734,0
DA:737,0
DA:747,0
DA:750,0
DA:753,0
DA:757,0
DA:759,0
DA:785,0
DA:786,0
DA:787,0
DA:788,0
DA:790,0
DA:791,0
DA:792,0
DA:798,0
DA:805,0
DA:806,0
DA:809,0
DA:812,0
end_of_record

SF:/src/contracts/utilities/Curve.sol
DA:61,0
end_of_record

SF:/src/contracts/utilities/Errors.sol
end_of_record

SF:/src/contracts/utilities/Events.sol
end_of_record

SF:/src/contracts/utilities/FullMath.sol
DA:9,0
DA:144,0
DA:149,0
DA:151,0
end_of_record

SF:/src/contracts/utilities/Index.sol
DA:121,0
end_of_record

SF:/src/contracts/utilities/Kernel.sol
DA:86,0
end_of_record

SF:/src/contracts/utilities/KernelCompact.sol
DA:73,0
end_of_record

SF:/src/contracts/utilities/Memory.sol
DA:42,22
DA:2537,0
DA:5470,38
DA:5519,0
DA:5520,0
DA:5522,0
DA:5527,0
DA:5530,0
DA:5557,0
DA:5558,0
DA:5560,0
DA:5565,0
DA:5568,0
DA:5573,0
DA:5576,0
DA:5595,0
DA:5598,0
DA:5611,0
DA:5614,0
DA:5633,0
DA:5636,0
DA:5649,0
DA:5652,0
DA:5964,0
DA:5967,0
DA:5980,0
DA:5983,0
DA:5996,0
DA:5999,0
DA:6056,0
DA:6059,0
DA:6244,0
DA:6247,0
DA:6260,0
DA:6263,0
DA:6276,0
DA:6279,0
DA:6292,0
DA:6295,0
DA:6368,0
DA:6371,0
DA:6456,0
DA:6459,0
DA:6478,0
DA:6481,0
DA:6500,0
DA:6503,0
DA:6516,0
DA:6519,0
DA:6532,0
DA:6535,0
end_of_record

SF:/src/contracts/utilities/PoolId.sol
DA:7,0
DA:10,0
DA:12,0
DA:28,0
DA:31,0
DA:33,0
end_of_record

SF:/src/contracts/utilities/Price.sol
DA:8,0
end_of_record

SF:/src/contracts/utilities/SentinelCalls.sol
end_of_record

SF:/src/contracts/utilities/Storage.sol
DA:87,0
DA:88,0
DA:1089,0
DA:1092,0
DA:1094,0
end_of_record

SF:/src/contracts/utilities/Tag.sol
DA:70,0
DA:74,0
DA:76,0
DA:99,0
end_of_record

SF:/src/contracts/utilities/X111.sol
DA:127,0
end_of_record

SF:/src/contracts/utilities/X127.sol
DA:155,0
end_of_record

SF:/src/contracts/utilities/X15.sol
end_of_record

SF:/src/contracts/utilities/X208.sol
DA:111,0
end_of_record

SF:/src/contracts/utilities/X216.sol
DA:320,0
end_of_record

SF:/src/contracts/utilities/X23.sol
end_of_record

SF:/src/contracts/utilities/X47.sol
DA:12,0
DA:54,0
DA:58,0
DA:60,0
DA:65,0
DA:69,0
DA:71,0
end_of_record

SF:/src/contracts/utilities/X59.sol
DA:15,0
DA:21,0
DA:22,0
DA:25,0
DA:26,0
DA:59,0
DA:63,0
DA:65,0
DA:70,0
DA:74,0
DA:76,0
DA:112,0
DA:116,0
DA:118,0
DA:154,0
DA:418,0
DA:421,0
DA:425,0
DA:429,0
DA:433,0
DA:439,0
DA:444,0
DA:498,0
DA:507,0
DA:510,0
DA:517,0
DA:520,0
end_of_record

SF:/src/contracts/utilities/X74.sol
DA:62,0
end_of_record

SF:/src/echidna/ReadInitializePositiveAssertionTest.sol
DA:21,0
DA:26,9
DA:32,63
DA:35,16
DA:36,22
DA:41,11
DA:44,23
DA:46,46
DA:49,22
DA:56,6
DA:57,13
DA:64,6
DA:65,22
DA:66,30
DA:68,6
DA:69,33
DA:70,59
DA:73,27
DA:74,2
DA:81,6
DA:82,22
DA:83,30
DA:85,6
DA:86,33
DA:87,59
DA:90,27
DA:91,2
DA:98,5
DA:99,12
DA:100,22
DA:102,6
DA:103,35
DA:104,59
DA:107,29
DA:111,6
DA:112,13
DA:118,0
DA:121,0
DA:128,0
DA:131,0
DA:132,0
DA:136,0
DA:138,0
DA:154,0
DA:163,0
DA:164,0
DA:165,0
DA:166,0
DA:167,0
DA:168,0
DA:173,0
DA:174,0
DA:175,0
DA:176,0
DA:178,0
DA:179,0
DA:180,0
DA:181,0
DA:182,0
DA:199,9
DA:209,4
DA:210,5
DA:212,16
DA:213,25
DA:214,14
DA:215,9
DA:216,9
DA:217,9
DA:218,14
DA:220,2
DA:227,9
DA:236,4
DA:237,30
DA:238,6
DA:239,1
DA:240,3
DA:241,3
DA:246,15
DA:247,11
DA:248,18
DA:249,18
DA:251,30
DA:252,13
DA:253,7
DA:254,7
DA:255,6
DA:267,0
DA:270,0
DA:272,0
DA:275,0
DA:278,0
DA:283,0
DA:284,0
DA:285,0
DA:289,0
DA:290,0
DA:291,0
DA:295,0
DA:296,0
DA:298,0
DA:299,0
DA:302,0
DA:305,0
DA:306,0
DA:307,0
DA:311,0
DA:312,0
DA:314,0
DA:315,0
DA:318,0
DA:321,0
DA:322,0
DA:323,0
DA:333,0
DA:337,0
DA:338,0
DA:344,0
DA:355,0
DA:356,0
DA:358,0
DA:359,0
DA:365,0
DA:376,0
DA:379,0
DA:380,0
DA:382,0
DA:383,0
DA:390,0
DA:401,0
DA:404,0
DA:406,0
DA:407,0
DA:413,0
DA:424,0
DA:427,0
DA:428,0
DA:430,0
DA:431,0
DA:437,0
DA:448,0
DA:451,0
DA:452,0
DA:454,0
DA:455,0
DA:460,0
DA:471,0
DA:474,0
DA:475,0
DA:476,0
DA:477,0
DA:480,0
DA:481,0
DA:483,0
DA:484,0
DA:495,22
DA:497,0
DA:498,0
DA:499,0
DA:500,0
DA:501,0
DA:502,0
DA:503,0
DA:504,0
DA:505,0
DA:506,0
DA:507,0
DA:508,0
DA:511,0
DA:513,0
DA:529,1587
DA:534,2
DA:535,43
DA:538,8
DA:549,16
DA:550,66
DA:551,5
DA:553,0
DA:554,0
DA:557,0
DA:558,0
DA:562,0
DA:563,0
DA:564,0
DA:565,0
DA:566,0
DA:569,0
DA:570,0
DA:571,0
DA:572,0
DA:573,0
DA:574,0
DA:579,0
DA:580,0
DA:584,0
DA:585,0
DA:586,0
DA:587,0
DA:591,0
DA:596,0
DA:597,0
DA:598,0
DA:599,0
DA:602,0
DA:603,0
DA:604,0
DA:605,0
end_of_record

