TN:
SF:/src/contracts/interfaces/INofeeswap.sol
DA:1,0
end_of_record

SF:/src/contracts/interfaces/ISentinel.sol
end_of_record

SF:/src/contracts/interfaces/IStorageAccess.sol
end_of_record

SF:/src/contracts/interfaces/ITransientAccess.sol
end_of_record

SF:/src/contracts/utilities/Calldata.sol
DA:401,2
DA:411,5
DA:415,4
DA:416,3
DA:419,4
DA:425,4
DA:426,3
DA:429,19
DA:430,18
DA:431,4
DA:437,4
DA:440,5
DA:443,5
DA:447,5
DA:450,5
DA:452,28
DA:482,4
DA:483,4
DA:484,5
DA:485,13
DA:486,1
DA:488,8
DA:489,4
DA:490,4
end_of_record

SF:/src/contracts/utilities/Curve.sol
DA:61,0
end_of_record

SF:/src/contracts/utilities/Errors.sol
end_of_record

SF:/src/contracts/utilities/Events.sol
end_of_record

SF:/src/contracts/utilities/FullMath.sol
DA:9,0
end_of_record

SF:/src/contracts/utilities/Index.sol
DA:121,0
end_of_record

SF:/src/contracts/utilities/Kernel.sol
DA:86,0
end_of_record

SF:/src/contracts/utilities/KernelCompact.sol
DA:73,0
end_of_record

SF:/src/contracts/utilities/Memory.sol
DA:42,34
DA:5470,167
DA:5527,2
DA:5530,2
DA:5565,2
DA:5568,2
DA:5573,2
DA:5576,12
DA:5595,2
DA:5598,2
DA:5980,2
DA:5983,2
DA:5996,2
DA:5999,2
DA:6056,2
DA:6059,12
DA:6500,2
DA:6503,2
end_of_record

SF:/src/contracts/utilities/PoolId.sol
end_of_record

SF:/src/contracts/utilities/Price.sol
DA:8,0
end_of_record

SF:/src/contracts/utilities/SentinelCalls.sol
end_of_record

SF:/src/contracts/utilities/Storage.sol
end_of_record

SF:/src/contracts/utilities/Tag.sol
DA:99,0
end_of_record

SF:/src/contracts/utilities/X111.sol
DA:127,0
end_of_record

SF:/src/contracts/utilities/X127.sol
DA:155,0
end_of_record

SF:/src/contracts/utilities/X15.sol
end_of_record

SF:/src/contracts/utilities/X208.sol
DA:111,0
end_of_record

SF:/src/contracts/utilities/X216.sol
DA:320,0
end_of_record

SF:/src/contracts/utilities/X23.sol
end_of_record

SF:/src/contracts/utilities/X47.sol
end_of_record

SF:/src/contracts/utilities/X59.sol
DA:154,0
end_of_record

SF:/src/contracts/utilities/X74.sol
DA:62,0
end_of_record

SF:/src/echidna/ReadDonateInputTest.sol
DA:23,546
DA:26,2
DA:27,9
DA:31,4
DA:32,5
DA:33,5
DA:34,5
DA:35,5
DA:36,5
DA:37,5
DA:38,5
DA:41,25
DA:55,42
DA:56,4
DA:57,4
DA:58,4
DA:59,4
DA:60,4
DA:61,4
DA:62,10
DA:68,0
DA:72,9
DA:78,63
DA:81,16
DA:82,22
DA:90,5
DA:91,12
DA:92,22
DA:94,6
DA:95,35
DA:96,59
DA:99,29
DA:103,6
DA:104,13
DA:109,5
DA:112,4
DA:119,30
DA:122,16
DA:123,22
DA:150,8
DA:151,26
DA:154,8
DA:155,40
DA:158,11
DA:165,4
DA:166,5
DA:167,5
DA:168,5
DA:170,5
DA:171,5
DA:172,5
DA:173,5
DA:177,12
DA:179,12
DA:181,28
DA:182,6
DA:183,1
DA:184,1
DA:185,1
DA:186,6
DA:192,1552
DA:196,2
DA:197,43
DA:200,6
DA:209,6
DA:214,10
DA:218,17
DA:222,28
DA:224,6
DA:227,16
DA:234,18
DA:238,19
DA:239,18
DA:242,9
DA:243,13
DA:245,12
DA:246,54
DA:247,8
DA:250,19
DA:251,18
DA:252,19
DA:253,18
DA:254,18
DA:256,4
DA:257,4
DA:261,18
DA:268,9
DA:277,7
DA:282,11
DA:284,5
DA:286,15
DA:290,25
DA:292,4
DA:299,8
DA:308,7
DA:313,9
DA:316,5
DA:317,14
DA:321,25
DA:323,9
end_of_record

