TN:
SF:/src/contracts/interfaces/INofeeswap.sol
DA:1,0
end_of_record

SF:/src/contracts/interfaces/ISentinel.sol
end_of_record

SF:/src/contracts/interfaces/IStorageAccess.sol
end_of_record

SF:/src/contracts/interfaces/ITransientAccess.sol
end_of_record

SF:/src/contracts/utilities/Calldata.sol
DA:401,2
DA:411,5
DA:415,4
DA:416,3
DA:419,4
DA:425,4
DA:426,3
DA:429,19
DA:430,18
DA:431,4
DA:437,4
DA:440,5
DA:443,5
DA:447,5
DA:450,5
DA:452,28
DA:482,4
DA:483,4
DA:484,5
DA:485,13
DA:486,1
DA:488,8
DA:489,4
DA:490,4
end_of_record

SF:/src/contracts/utilities/Curve.sol
DA:61,0
end_of_record

SF:/src/contracts/utilities/Errors.sol
end_of_record

SF:/src/contracts/utilities/Events.sol
end_of_record

SF:/src/contracts/utilities/FullMath.sol
DA:9,0
end_of_record

SF:/src/contracts/utilities/Index.sol
DA:121,0
end_of_record

SF:/src/contracts/utilities/Kernel.sol
DA:86,0
end_of_record

SF:/src/contracts/utilities/KernelCompact.sol
DA:73,0
end_of_record

SF:/src/contracts/utilities/Memory.sol
DA:5527,2
DA:5530,2
DA:5565,2
DA:5568,2
DA:5573,2
DA:5576,12
DA:5595,2
DA:5598,2
DA:5980,2
DA:5983,2
DA:5996,2
DA:5999,2
DA:6056,2
DA:6059,12
DA:6500,2
DA:6503,2
end_of_record

SF:/src/contracts/utilities/PoolId.sol
end_of_record

SF:/src/contracts/utilities/Price.sol
DA:8,0
end_of_record

SF:/src/contracts/utilities/SentinelCalls.sol
end_of_record

SF:/src/contracts/utilities/Storage.sol
end_of_record

SF:/src/contracts/utilities/Tag.sol
DA:99,0
end_of_record

SF:/src/contracts/utilities/X111.sol
DA:127,0
end_of_record

SF:/src/contracts/utilities/X127.sol
DA:155,0
end_of_record

SF:/src/contracts/utilities/X15.sol
end_of_record

SF:/src/contracts/utilities/X208.sol
DA:111,0
end_of_record

SF:/src/contracts/utilities/X216.sol
DA:320,0
end_of_record

SF:/src/contracts/utilities/X23.sol
end_of_record

SF:/src/contracts/utilities/X47.sol
end_of_record

SF:/src/contracts/utilities/X59.sol
DA:154,0
end_of_record

SF:/src/contracts/utilities/X74.sol
DA:62,0
end_of_record

SF:/src/echidna/ReadDonateInputTest.sol
DA:20,350
DA:23,2
DA:24,9
DA:28,4
DA:29,5
DA:30,7
DA:35,13
DA:36,4
DA:42,0
DA:46,9
DA:52,63
DA:55,16
DA:56,22
DA:64,5
DA:65,12
DA:66,22
DA:68,6
DA:69,35
DA:70,59
DA:73,29
DA:77,6
DA:78,13
DA:91,8
DA:92,26
DA:95,11
DA:102,4
DA:103,5
DA:104,5
DA:105,5
DA:107,5
DA:108,5
DA:109,5
DA:110,5
DA:114,12
DA:116,12
DA:118,28
DA:119,6
DA:120,1
DA:121,1
DA:122,1
DA:123,6
DA:129,1400
DA:133,2
DA:134,43
DA:137,7
DA:146,7
DA:151,9
DA:155,15
DA:159,24
DA:161,5
DA:164,3
DA:165,16
DA:169,13
DA:170,3
end_of_record

