TN:
SF:/src/contracts/interfaces/INofeeswap.sol
DA:1,0
end_of_record

SF:/src/contracts/interfaces/ISentinel.sol
end_of_record

SF:/src/contracts/interfaces/IStorageAccess.sol
end_of_record

SF:/src/contracts/interfaces/ITransientAccess.sol
end_of_record

SF:/src/contracts/utilities/Calldata.sol
DA:401,2
DA:411,5
DA:415,4
DA:416,3
DA:419,4
DA:425,4
DA:426,3
DA:429,19
DA:430,18
DA:431,4
DA:437,4
DA:440,5
DA:443,5
DA:447,5
DA:450,5
DA:452,28
DA:482,4
DA:483,4
DA:484,5
DA:485,13
DA:486,1
DA:488,8
DA:489,4
DA:490,4
end_of_record

SF:/src/contracts/utilities/Curve.sol
DA:61,0
end_of_record

SF:/src/contracts/utilities/Errors.sol
end_of_record

SF:/src/contracts/utilities/Events.sol
end_of_record

SF:/src/contracts/utilities/FullMath.sol
DA:9,0
end_of_record

SF:/src/contracts/utilities/Index.sol
DA:121,0
end_of_record

SF:/src/contracts/utilities/Kernel.sol
DA:86,0
end_of_record

SF:/src/contracts/utilities/KernelCompact.sol
DA:73,0
end_of_record

SF:/src/contracts/utilities/Memory.sol
DA:5519,3
DA:5520,4
DA:5522,3
DA:5527,2
DA:5530,2
DA:5565,2
DA:5568,2
DA:5573,2
DA:5576,12
DA:5595,2
DA:5598,2
DA:5980,2
DA:5983,2
DA:5996,2
DA:5999,2
DA:6056,2
DA:6059,12
DA:6500,2
DA:6503,2
end_of_record

SF:/src/contracts/utilities/PoolId.sol
end_of_record

SF:/src/contracts/utilities/Price.sol
DA:8,0
end_of_record

SF:/src/contracts/utilities/SentinelCalls.sol
end_of_record

SF:/src/contracts/utilities/Storage.sol
end_of_record

SF:/src/contracts/utilities/Tag.sol
DA:99,0
end_of_record

SF:/src/contracts/utilities/X111.sol
DA:127,0
end_of_record

SF:/src/contracts/utilities/X127.sol
DA:155,0
end_of_record

SF:/src/contracts/utilities/X15.sol
end_of_record

SF:/src/contracts/utilities/X208.sol
DA:111,0
end_of_record

SF:/src/contracts/utilities/X216.sol
DA:320,0
end_of_record

SF:/src/contracts/utilities/X23.sol
end_of_record

SF:/src/contracts/utilities/X47.sol
end_of_record

SF:/src/contracts/utilities/X59.sol
DA:154,0
end_of_record

SF:/src/contracts/utilities/X74.sol
DA:62,0
end_of_record

SF:/src/echidna/ReadDonateInputTest.sol
DA:16,226
DA:18,3
DA:19,9
DA:22,4
DA:27,0
DA:31,9
DA:37,63
DA:40,16
DA:41,22
DA:49,5
DA:50,12
DA:51,22
DA:53,6
DA:54,35
DA:55,59
DA:58,29
DA:62,6
DA:63,13
DA:70,8
DA:71,26
DA:74,11
DA:81,4
DA:82,5
DA:83,5
DA:84,5
DA:86,5
DA:87,5
DA:88,5
DA:89,5
DA:93,12
DA:95,12
DA:97,28
DA:98,6
DA:99,1
DA:100,1
DA:101,1
DA:102,6
DA:108,1364
DA:112,2
DA:113,43
DA:116,8
DA:130,9
DA:134,15
DA:138,25
DA:140,4
DA:142,5
end_of_record

