TN:
SF:/src/contracts/interfaces/INofeeswap.sol
DA:1,0
end_of_record

SF:/src/contracts/interfaces/ISentinel.sol
end_of_record

SF:/src/contracts/interfaces/IStorageAccess.sol
end_of_record

SF:/src/contracts/interfaces/ITransientAccess.sol
end_of_record

SF:/src/contracts/utilities/Calldata.sol
end_of_record

SF:/src/contracts/utilities/Curve.sol
DA:61,0
end_of_record

SF:/src/contracts/utilities/Errors.sol
end_of_record

SF:/src/contracts/utilities/Events.sol
end_of_record

SF:/src/contracts/utilities/FullMath.sol
DA:9,0
end_of_record

SF:/src/contracts/utilities/Index.sol
DA:121,0
end_of_record

SF:/src/contracts/utilities/Kernel.sol
DA:86,0
end_of_record

SF:/src/contracts/utilities/KernelCompact.sol
DA:73,0
end_of_record

SF:/src/contracts/utilities/Memory.sol
end_of_record

SF:/src/contracts/utilities/PoolId.sol
end_of_record

SF:/src/contracts/utilities/Price.sol
DA:8,0
end_of_record

SF:/src/contracts/utilities/SentinelCalls.sol
end_of_record

SF:/src/contracts/utilities/Storage.sol
end_of_record

SF:/src/contracts/utilities/Tag.sol
DA:99,0
end_of_record

SF:/src/contracts/utilities/X111.sol
DA:127,0
end_of_record

SF:/src/contracts/utilities/X127.sol
DA:155,0
end_of_record

SF:/src/contracts/utilities/X15.sol
end_of_record

SF:/src/contracts/utilities/X208.sol
DA:111,0
end_of_record

SF:/src/contracts/utilities/X216.sol
DA:320,0
end_of_record

SF:/src/contracts/utilities/X23.sol
end_of_record

SF:/src/contracts/utilities/X47.sol
end_of_record

SF:/src/contracts/utilities/X59.sol
DA:154,0
end_of_record

SF:/src/contracts/utilities/X74.sol
DA:62,0
end_of_record

SF:/src/echidna/CallDataUtility.sol
DA:5,0
DA:8,9
DA:14,63
DA:17,16
DA:18,22
DA:23,6
DA:24,13
DA:31,0
DA:43,8
DA:45,4
DA:46,5
DA:48,5
DA:49,5
end_of_record

SF:/src/echidna/ReadModifyPoolGrowth.sol
DA:19,287
DA:21,2
DA:22,4
DA:25,5
DA:26,5
DA:27,5
DA:28,5
DA:30,12
DA:39,8
DA:40,7
DA:41,7
DA:42,7
DA:48,775
DA:53,2
DA:54,43
DA:59,5
DA:65,2
DA:66,7
DA:68,27
DA:69,5
DA:70,1
DA:71,1
DA:74,25
DA:76,4
DA:77,4
end_of_record

