TN:
SF:/src/contracts/interfaces/INofeeswap.sol
DA:1,0
end_of_record

SF:/src/contracts/interfaces/ISentinel.sol
end_of_record

SF:/src/contracts/interfaces/IStorageAccess.sol
end_of_record

SF:/src/contracts/interfaces/ITransientAccess.sol
end_of_record

SF:/src/contracts/utilities/Calldata.sol
DA:608,2
DA:616,5
DA:619,4
DA:620,3
DA:623,4
DA:627,4
DA:628,3
DA:631,5
DA:632,10
DA:633,1
DA:635,4
DA:640,4
DA:641,6
DA:646,4
DA:649,12
DA:654,0
DA:661,0
DA:662,0
DA:665,0
DA:669,0
DA:670,0
DA:675,0
DA:678,0
end_of_record

SF:/src/contracts/utilities/Curve.sol
DA:61,0
end_of_record

SF:/src/contracts/utilities/Errors.sol
end_of_record

SF:/src/contracts/utilities/Events.sol
end_of_record

SF:/src/contracts/utilities/FullMath.sol
DA:9,0
end_of_record

SF:/src/contracts/utilities/Index.sol
DA:121,0
end_of_record

SF:/src/contracts/utilities/Kernel.sol
DA:86,0
end_of_record

SF:/src/contracts/utilities/KernelCompact.sol
DA:73,0
end_of_record

SF:/src/contracts/utilities/Memory.sol
DA:42,73
DA:5470,24
DA:5527,2
DA:5530,2
DA:5565,2
DA:5568,2
DA:5573,2
DA:5576,12
DA:5595,2
DA:5598,2
DA:6368,2
DA:6371,12
end_of_record

SF:/src/contracts/utilities/PoolId.sol
end_of_record

SF:/src/contracts/utilities/Price.sol
DA:8,0
end_of_record

SF:/src/contracts/utilities/SentinelCalls.sol
end_of_record

SF:/src/contracts/utilities/Storage.sol
end_of_record

SF:/src/contracts/utilities/Tag.sol
DA:99,0
end_of_record

SF:/src/contracts/utilities/X111.sol
DA:127,0
end_of_record

SF:/src/contracts/utilities/X127.sol
DA:155,0
end_of_record

SF:/src/contracts/utilities/X15.sol
end_of_record

SF:/src/contracts/utilities/X208.sol
DA:111,0
end_of_record

SF:/src/contracts/utilities/X216.sol
DA:320,0
end_of_record

SF:/src/contracts/utilities/X23.sol
end_of_record

SF:/src/contracts/utilities/X47.sol
DA:12,76
DA:54,3
DA:58,4
DA:60,2
DA:65,3
DA:69,4
DA:71,12
end_of_record

SF:/src/contracts/utilities/X59.sol
DA:154,0
end_of_record

SF:/src/contracts/utilities/X74.sol
DA:62,0
end_of_record

SF:/src/echidna/CallDataUtility.sol
DA:5,0
DA:8,9
DA:14,63
DA:17,16
DA:18,22
DA:23,6
DA:24,13
DA:28,6
DA:30,31
DA:37,0
DA:46,8
DA:48,4
DA:49,5
DA:51,5
DA:52,5
DA:57,0
end_of_record

SF:/src/echidna/ReadModifyPoolGrowth.sol
DA:19,351
DA:21,2
DA:22,9
DA:27,4
DA:28,5
DA:29,5
DA:30,5
DA:32,12
DA:41,8
DA:42,7
DA:43,7
DA:44,7
DA:49,0
DA:50,0
DA:55,0
DA:56,0
DA:57,0
DA:58,0
DA:64,0
DA:65,0
DA:66,0
DA:72,1036
DA:77,2
DA:78,43
DA:83,5
DA:89,3
DA:90,7
DA:92,27
DA:93,6
DA:94,1
DA:95,2
DA:98,25
DA:99,5
DA:101,4
DA:103,19
DA:104,7
DA:105,4
DA:106,4
DA:107,3
DA:108,17
DA:110,21
DA:111,21
DA:113,27
DA:114,8
DA:116,22
DA:117,21
DA:122,6
DA:128,3
DA:129,7
DA:131,5
DA:132,27
DA:133,6
DA:134,1
DA:135,1
DA:138,25
DA:140,9
DA:146,0
DA:151,0
DA:152,0
DA:155,0
DA:160,0
DA:162,0
DA:163,0
DA:167,0
DA:169,0
end_of_record

