TN:
SF:/src/contracts/helpers/CalldataWrapper.sol
DA:1,0
DA:14,56
DA:15,23
DA:16,1
DA:18,6
DA:19,7
DA:20,1
DA:21,4
DA:25,0
DA:26,0
DA:27,0
DA:28,0
DA:29,0
DA:33,0
DA:34,0
DA:35,0
DA:36,0
DA:37,0
DA:41,0
DA:42,0
DA:44,0
DA:45,0
DA:46,0
DA:47,0
DA:51,0
DA:52,0
DA:53,0
DA:54,0
DA:55,0
DA:59,0
DA:60,0
DA:61,0
DA:62,0
DA:63,0
DA:67,0
DA:68,0
DA:69,0
DA:70,0
DA:71,0
DA:72,0
DA:73,0
DA:74,0
DA:79,0
DA:80,0
DA:81,0
DA:82,0
DA:83,0
end_of_record

SF:/src/contracts/interfaces/INofeeswap.sol
end_of_record

SF:/src/contracts/interfaces/ISentinel.sol
end_of_record

SF:/src/contracts/interfaces/IStorageAccess.sol
end_of_record

SF:/src/contracts/interfaces/ITransientAccess.sol
end_of_record

SF:/src/contracts/utilities/Calldata.sol
DA:67,4
DA:83,5
DA:85,2
DA:88,1
DA:89,1
DA:90,1
DA:92,4
DA:94,7
DA:96,5
DA:99,6
DA:102,5
DA:105,11
DA:106,1
DA:110,8
DA:111,11
DA:112,11
DA:116,9
DA:118,13
DA:121,2
DA:123,1
DA:125,4
DA:127,5
DA:130,1
DA:132,4
DA:134,5
DA:137,15
DA:140,1
DA:142,1
DA:144,4
DA:147,5
DA:148,5
DA:149,1
DA:151,5
DA:154,3
DA:156,1
DA:159,1
DA:162,1
DA:165,6
DA:168,3
DA:171,6
DA:181,9
DA:183,5
DA:185,3
DA:188,1
DA:191,1
DA:194,1
DA:197,6
DA:200,5
DA:203,6
DA:205,7
DA:206,5
DA:208,4
DA:210,1
DA:213,1
DA:217,1
DA:220,1
DA:222,1
DA:225,4
DA:229,7
DA:232,4
DA:235,5
DA:239,2
DA:240,5
DA:243,1
DA:244,1
DA:246,3
DA:247,1
DA:249,1
DA:250,1
DA:252,3
DA:253,1
DA:255,1
DA:256,1
DA:258,3
DA:259,1
DA:262,5
DA:263,5
DA:264,6
DA:265,1
DA:267,5
DA:268,5
DA:269,5
DA:277,0
DA:289,0
DA:291,0
DA:293,0
DA:295,0
DA:297,0
DA:300,0
DA:303,0
DA:305,0
DA:307,0
DA:308,0
DA:309,0
DA:310,0
DA:311,0
DA:314,0
DA:316,0
DA:318,0
DA:319,0
DA:320,0
DA:321,0
DA:322,0
DA:325,0
DA:328,0
DA:330,0
DA:333,0
DA:334,0
DA:335,0
DA:336,0
DA:339,0
DA:342,0
DA:345,0
DA:348,0
DA:352,0
DA:355,0
DA:357,0
DA:360,0
DA:364,0
DA:367,0
DA:370,0
DA:373,0
DA:376,0
DA:377,0
DA:380,0
DA:381,0
DA:383,0
DA:384,0
DA:387,0
DA:388,0
DA:389,0
DA:390,0
DA:391,0
DA:393,0
DA:394,0
DA:395,0
DA:401,0
DA:411,0
DA:413,0
DA:415,0
DA:417,0
DA:419,0
DA:422,0
DA:425,0
DA:427,0
DA:429,0
DA:430,0
DA:431,0
DA:434,0
DA:437,0
DA:440,0
DA:443,0
DA:447,0
DA:450,0
DA:452,0
DA:455,0
DA:459,0
DA:462,0
DA:465,0
DA:468,0
DA:471,0
DA:472,0
DA:475,0
DA:476,0
DA:478,0
DA:479,0
DA:482,0
DA:483,0
DA:484,0
DA:485,0
DA:486,0
DA:488,0
DA:489,0
DA:490,0
DA:500,0
DA:511,0
DA:514,0
DA:516,0
DA:518,0
DA:521,0
DA:524,0
DA:527,0
DA:530,0
DA:533,0
DA:536,0
DA:546,0
DA:548,0
DA:551,0
DA:554,0
DA:558,0
DA:561,0
DA:563,0
DA:566,0
DA:569,0
DA:572,0
DA:575,0
DA:579,0
DA:580,0
DA:583,0
DA:584,0
DA:586,0
DA:587,0
DA:589,0
DA:590,0
DA:592,0
DA:593,0
DA:596,0
DA:597,0
DA:598,0
DA:599,0
DA:601,0
DA:602,0
DA:603,0
DA:608,0
DA:616,0
DA:619,0
DA:621,0
DA:623,0
DA:625,0
DA:627,0
DA:629,0
DA:631,0
DA:632,0
DA:633,0
DA:635,0
DA:640,0
DA:643,0
DA:644,0
DA:646,0
DA:649,0
DA:654,0
DA:661,0
DA:663,0
DA:665,0
DA:669,0
DA:672,0
DA:673,0
DA:675,0
DA:678,0
DA:683,0
DA:695,0
DA:698,0
DA:700,0
DA:702,0
DA:706,0
DA:708,0
DA:709,0
DA:710,0
DA:712,0
DA:713,0
DA:715,0
DA:717,0
DA:720,0
DA:722,0
DA:724,0
DA:727,0
DA:729,0
DA:730,0
DA:731,0
DA:734,0
DA:737,0
DA:738,0
DA:739,0
DA:740,0
DA:742,0
DA:745,0
DA:747,0
DA:750,0
DA:753,0
DA:757,0
DA:759,0
DA:762,0
DA:765,0
DA:768,0
DA:771,0
DA:775,0
DA:778,0
DA:779,0
DA:781,0
DA:782,0
DA:785,0
DA:786,0
DA:787,0
DA:788,0
DA:790,0
DA:791,0
DA:792,0
DA:798,0
DA:805,0
DA:807,0
DA:809,0
DA:812,0
end_of_record

SF:/src/contracts/utilities/Curve.sol
DA:61,0
end_of_record

SF:/src/contracts/utilities/Errors.sol
end_of_record

SF:/src/contracts/utilities/Events.sol
end_of_record

SF:/src/contracts/utilities/FullMath.sol
DA:9,0
DA:144,7
DA:149,1
DA:152,5
DA:157,3
DA:158,4
DA:161,6
DA:162,1
end_of_record

SF:/src/contracts/utilities/Index.sol
DA:121,0
end_of_record

SF:/src/contracts/utilities/Kernel.sol
DA:86,0
end_of_record

SF:/src/contracts/utilities/KernelCompact.sol
DA:73,0
end_of_record

SF:/src/contracts/utilities/Memory.sol
DA:2537,0
DA:5470,0
DA:5519,3
DA:5520,1
DA:5523,4
DA:5527,3
DA:5531,3
DA:5557,0
DA:5558,0
DA:5561,0
DA:5565,3
DA:5569,3
DA:5573,3
DA:5577,1
DA:5578,1
DA:5579,1
DA:5580,3
DA:5581,6
DA:5595,3
DA:5599,3
DA:5611,0
DA:5615,0
DA:5616,0
DA:5617,0
DA:5618,0
DA:5619,0
DA:5633,0
DA:5637,0
DA:5649,0
DA:5653,0
DA:5964,3
DA:5968,3
DA:5980,3
DA:5984,3
DA:5996,3
DA:6000,3
DA:6056,3
DA:6060,1
DA:6061,1
DA:6062,1
DA:6063,3
DA:6064,6
DA:6244,3
DA:6248,3
DA:6260,3
DA:6264,3
DA:6276,3
DA:6280,3
DA:6292,3
DA:6296,3
DA:6368,3
DA:6372,1
DA:6373,1
DA:6374,1
DA:6375,3
DA:6376,6
DA:6456,0
DA:6460,0
DA:6461,0
DA:6462,0
DA:6463,0
DA:6464,0
DA:6478,0
DA:6482,0
DA:6483,0
DA:6484,0
DA:6485,0
DA:6486,0
DA:6500,0
DA:6504,0
DA:6516,0
DA:6520,0
DA:6532,0
DA:6536,0
end_of_record

SF:/src/contracts/utilities/PoolId.sol
DA:7,5
DA:10,1
DA:18,11
DA:28,5
DA:31,1
DA:34,5
DA:35,3
DA:36,9
end_of_record

SF:/src/contracts/utilities/Price.sol
DA:8,0
end_of_record

SF:/src/contracts/utilities/SentinelCalls.sol
end_of_record

SF:/src/contracts/utilities/Storage.sol
DA:87,6
DA:89,4
DA:1089,5
DA:1092,1
DA:1103,3
DA:1104,3
DA:1105,5
end_of_record

SF:/src/contracts/utilities/Tag.sol
DA:70,6
DA:74,1
DA:77,5
DA:99,0
end_of_record

SF:/src/contracts/utilities/X111.sol
DA:127,0
end_of_record

SF:/src/contracts/utilities/X127.sol
DA:155,0
end_of_record

SF:/src/contracts/utilities/X15.sol
end_of_record

SF:/src/contracts/utilities/X208.sol
DA:111,0
end_of_record

SF:/src/contracts/utilities/X216.sol
DA:320,0
end_of_record

SF:/src/contracts/utilities/X23.sol
end_of_record

SF:/src/contracts/utilities/X47.sol
DA:12,1
DA:54,6
DA:58,1
DA:61,5
DA:65,6
DA:69,1
DA:71,9
end_of_record

SF:/src/contracts/utilities/X59.sol
DA:15,1
DA:21,0
DA:22,0
DA:25,8
DA:26,2
DA:59,6
DA:63,1
DA:66,5
DA:70,6
DA:74,1
DA:77,5
DA:112,6
DA:116,1
DA:119,5
DA:154,0
DA:418,5
DA:421,1
DA:425,4
DA:429,17
DA:433,6
DA:439,16
DA:445,3
DA:446,5
DA:447,3
DA:449,11
DA:450,11
DA:451,11
DA:452,11
DA:453,11
DA:454,11
DA:455,11
DA:456,11
DA:457,11
DA:458,11
DA:459,11
DA:460,11
DA:461,11
DA:462,11
DA:463,11
DA:464,11
DA:465,11
DA:466,11
DA:467,11
DA:468,11
DA:469,11
DA:470,11
DA:471,11
DA:472,11
DA:473,11
DA:474,11
DA:475,11
DA:476,11
DA:477,11
DA:478,11
DA:479,11
DA:480,11
DA:481,11
DA:482,11
DA:483,11
DA:484,11
DA:485,11
DA:486,11
DA:487,11
DA:488,11
DA:489,11
DA:490,11
DA:491,11
DA:492,11
DA:493,11
DA:494,11
DA:495,11
DA:498,5
DA:507,5
DA:510,1
DA:517,12
DA:520,1
DA:524,3
DA:526,1
DA:528,5
DA:530,1
DA:531,1
DA:532,3
DA:534,1
DA:538,1
end_of_record

SF:/src/contracts/utilities/X74.sol
DA:62,0
end_of_record

SF:/src/echidna/ReadInitializePositiveAssertionTest.sol
DA:9,0
DA:14,9
DA:20,44
DA:23,7
DA:24,13
DA:29,9
DA:32,7
DA:34,0
DA:37,21
DA:44,6
DA:45,10
DA:52,6
DA:53,18
DA:54,25
DA:56,50
DA:57,22
DA:58,52
DA:61,28
DA:62,7
DA:69,6
DA:70,18
DA:71,25
DA:73,50
DA:74,22
DA:75,52
DA:78,28
DA:79,7
DA:86,6
DA:87,11
DA:88,18
DA:90,50
DA:91,22
DA:92,52
DA:95,30
DA:99,6
DA:100,10
DA:109,12
DA:118,1
DA:119,31
DA:120,3
DA:121,1
DA:122,3
DA:123,3
DA:128,14
DA:129,11
DA:130,19
DA:131,19
DA:133,33
DA:134,12
DA:135,51
DA:136,51
DA:137,51
DA:183,13
DA:193,4
DA:194,4
DA:196,14
DA:197,22
DA:198,13
DA:199,12
DA:200,12
DA:201,12
DA:202,13
DA:204,4
DA:219,0
DA:222,0
DA:224,0
DA:227,0
DA:230,0
DA:235,0
DA:236,0
DA:237,0
DA:241,0
DA:242,0
DA:243,0
DA:247,0
DA:248,0
DA:250,0
DA:251,0
DA:254,0
DA:257,0
DA:258,0
DA:259,0
DA:263,0
DA:264,0
DA:266,0
DA:267,0
DA:270,0
DA:273,0
DA:274,0
DA:275,0
DA:286,46
DA:290,7
DA:291,43
DA:296,30
DA:305,3
DA:307,16
DA:308,50
DA:310,78
DA:311,7
end_of_record

