TN:
SF:/src/contracts/Nofeeswap.sol
DA:1,0
DA:115,526
DA:119,4
DA:120,7
DA:121,2
DA:122,17
DA:126,0
DA:128,0
DA:131,0
DA:135,0
DA:139,0
DA:141,0
DA:145,0
DA:150,0
DA:152,0
DA:156,0
DA:160,0
DA:162,0
DA:166,0
DA:171,0
DA:173,0
DA:174,0
DA:178,0
DA:184,0
DA:187,0
DA:188,0
DA:189,0
DA:193,0
DA:198,0
DA:200,0
DA:201,0
DA:202,0
DA:206,0
DA:210,0
DA:212,0
DA:213,0
DA:214,0
DA:218,0
DA:225,0
DA:227,0
DA:229,0
DA:232,0
DA:235,0
DA:238,0
DA:242,0
DA:251,0
DA:253,0
DA:254,0
DA:256,0
DA:260,0
DA:263,0
DA:266,0
DA:269,0
DA:270,0
DA:271,0
DA:272,0
DA:276,0
DA:280,0
DA:284,0
DA:287,0
DA:290,0
DA:293,0
DA:294,0
DA:295,0
DA:296,0
DA:300,0
DA:304,0
DA:306,0
DA:307,0
DA:309,0
DA:311,0
DA:312,0
DA:313,0
DA:314,0
DA:315,0
DA:318,0
DA:320,0
DA:321,0
DA:322,0
DA:323,0
DA:324,0
DA:330,0
DA:334,0
DA:336,0
DA:356,0
DA:357,0
DA:402,0
DA:406,0
DA:413,0
DA:418,0
DA:419,0
DA:421,0
DA:423,0
DA:427,0
DA:433,0
DA:434,0
DA:438,0
DA:445,0
DA:446,0
DA:450,0
DA:458,0
DA:459,0
DA:463,0
DA:466,0
DA:467,0
DA:471,0
DA:475,0
DA:476,0
DA:477,0
DA:481,0
DA:482,0
DA:486,0
DA:491,0
DA:493,0
DA:494,0
DA:495,0
DA:496,0
DA:498,0
DA:499,0
DA:500,0
DA:501,0
DA:502,0
DA:504,0
DA:505,0
DA:507,0
DA:508,0
DA:511,0
DA:515,0
DA:524,0
DA:526,0
DA:527,0
DA:529,0
DA:534,3
DA:537,4
DA:538,5
DA:540,2
DA:541,32
DA:576,0
DA:583,0
DA:584,0
DA:586,0
DA:595,0
DA:598,0
DA:599,0
DA:606,0
DA:612,0
DA:615,0
DA:616,0
DA:618,0
DA:620,0
DA:621,0
DA:624,0
DA:625,0
DA:627,0
DA:630,0
DA:634,0
DA:635,0
DA:636,0
DA:638,0
DA:639,0
DA:645,0
DA:650,0
DA:651,0
DA:653,0
DA:655,0
DA:657,0
DA:659,0
DA:663,0
DA:664,0
DA:670,0
DA:674,0
DA:675,0
DA:678,0
DA:679,0
DA:682,0
DA:688,0
DA:692,0
DA:698,0
DA:699,0
DA:703,0
DA:709,0
DA:710,0
DA:713,0
DA:719,0
DA:722,0
DA:723,0
DA:724,0
DA:727,0
DA:731,0
DA:732,0
DA:734,0
DA:737,0
DA:738,0
DA:742,0
DA:745,0
end_of_record

SF:/src/contracts/NofeeswapDelegatee.sol
DA:194,1902
DA:197,2
DA:198,2
DA:202,15
DA:203,52
DA:204,8
DA:208,30
DA:220,4
DA:224,4
DA:226,16
DA:230,6
DA:233,13
DA:244,8
DA:249,11
DA:252,6
DA:256,8
DA:264,20
DA:276,13
DA:278,22
DA:281,8
DA:287,6
DA:291,0
DA:298,0
DA:299,0
DA:309,0
DA:310,0
DA:312,0
DA:313,0
DA:317,0
DA:318,0
DA:325,0
DA:329,0
DA:333,0
DA:334,0
DA:337,0
DA:338,0
DA:339,0
DA:340,0
DA:342,0
DA:343,0
DA:344,0
DA:346,0
DA:347,0
DA:348,0
DA:352,0
DA:353,0
DA:355,0
DA:356,0
DA:365,0
DA:366,0
DA:369,0
DA:370,0
DA:372,0
DA:373,0
DA:376,0
DA:377,0
DA:381,0
DA:382,0
DA:383,0
DA:384,0
DA:385,0
DA:386,0
DA:387,0
DA:390,0
DA:393,0
DA:394,0
DA:396,0
DA:400,0
DA:401,0
DA:402,0
DA:403,0
DA:404,0
DA:405,0
DA:406,0
DA:409,0
DA:412,0
DA:413,0
DA:415,0
DA:420,0
DA:429,0
DA:430,0
DA:431,0
DA:434,0
DA:435,0
DA:438,0
DA:441,0
DA:444,0
DA:447,0
DA:448,0
DA:452,0
DA:453,0
DA:455,0
DA:456,0
DA:461,0
DA:466,0
DA:467,0
DA:477,0
DA:480,0
DA:483,0
DA:484,0
DA:488,0
DA:492,0
DA:497,0
DA:501,0
DA:504,0
DA:507,0
DA:510,0
DA:511,0
DA:512,0
DA:513,0
DA:514,0
DA:515,0
DA:516,0
DA:519,0
DA:520,0
DA:521,0
DA:522,0
DA:523,0
DA:524,0
DA:525,0
DA:532,0
DA:535,0
DA:536,0
DA:537,0
DA:538,0
DA:539,0
DA:541,0
DA:542,0
DA:544,0
DA:545,0
DA:546,0
DA:547,0
DA:549,0
DA:550,0
DA:555,0
DA:558,0
DA:559,0
DA:560,0
DA:561,0
DA:564,0
DA:570,0
DA:574,0
DA:581,0
DA:584,0
DA:588,0
DA:589,0
DA:593,0
DA:596,0
DA:597,0
DA:604,0
DA:610,0
DA:613,0
DA:617,0
DA:625,0
DA:635,0
DA:636,0
DA:638,0
DA:639,0
DA:644,0
DA:645,0
DA:646,0
DA:647,0
DA:648,0
DA:649,0
DA:650,0
DA:652,0
DA:655,0
DA:656,0
DA:663,0
DA:669,0
DA:673,10
DA:676,8
DA:677,20
DA:678,4
DA:679,21
DA:683,2
DA:686,5
DA:687,4
DA:688,10
DA:691,4
DA:692,10
DA:697,5
DA:700,4
DA:704,0
DA:707,0
DA:708,0
DA:711,0
DA:714,0
DA:717,0
DA:721,0
DA:725,0
DA:726,0
DA:727,0
DA:728,0
DA:731,0
DA:734,0
DA:738,0
DA:747,0
DA:748,0
DA:749,0
DA:753,0
DA:754,0
DA:758,0
DA:759,0
DA:766,0
DA:770,0
DA:774,0
DA:788,0
DA:789,0
DA:791,0
DA:792,0
DA:794,0
DA:795,0
DA:796,0
DA:797,0
DA:798,0
DA:799,0
DA:800,0
DA:802,0
DA:806,0
DA:807,0
DA:808,0
DA:809,0
DA:810,0
DA:811,0
DA:812,0
DA:814,0
DA:820,0
DA:827,0
DA:835,0
DA:836,0
DA:843,0
DA:847,0
DA:848,0
DA:856,0
DA:857,0
DA:859,0
DA:869,0
DA:870,0
DA:872,0
DA:873,0
DA:875,0
DA:876,0
DA:877,0
DA:878,0
DA:879,0
DA:880,0
DA:881,0
DA:883,0
DA:887,0
DA:888,0
DA:889,0
DA:890,0
DA:891,0
DA:892,0
DA:893,0
DA:895,0
DA:902,0
DA:909,0
DA:912,0
DA:913,0
DA:920,0
DA:921,0
DA:926,0
DA:931,0
DA:932,0
DA:937,0
DA:938,0
DA:939,0
DA:940,0
DA:944,0
DA:945,0
DA:946,0
DA:947,0
DA:948,0
DA:951,0
DA:954,0
DA:958,0
DA:961,0
DA:962,0
DA:969,0
DA:970,0
DA:975,0
DA:982,0
DA:983,0
DA:988,0
DA:989,0
DA:990,0
DA:991,0
DA:995,0
DA:996,0
DA:997,0
DA:998,0
DA:999,0
DA:1002,0
DA:1005,0
DA:1010,0
DA:1011,0
DA:1019,0
DA:1020,0
DA:1021,0
DA:1024,0
DA:1025,0
DA:1026,0
DA:1027,0
DA:1028,0
DA:1029,0
DA:1030,0
DA:1031,0
end_of_record

SF:/src/contracts/StorageAccess.sol
DA:7,0
DA:9,1
DA:11,4
DA:12,7
DA:21,0
DA:24,0
DA:25,0
DA:59,0
DA:61,0
DA:62,0
end_of_record

SF:/src/contracts/TransientAccess.sol
DA:7,0
DA:9,0
DA:11,0
DA:12,0
DA:21,0
DA:24,0
DA:25,0
DA:60,0
DA:62,0
DA:63,0
end_of_record

SF:/src/contracts/callback/IUnlockCallback.sol
end_of_record

SF:/src/contracts/helpers/Access.sol
DA:62,987
DA:65,0
DA:68,0
DA:70,0
DA:71,0
DA:80,0
DA:83,0
DA:85,0
DA:86,0
DA:94,0
DA:100,0
DA:102,0
DA:103,0
DA:113,0
DA:117,0
DA:119,0
DA:120,0
DA:134,0
DA:138,0
DA:139,0
DA:140,0
DA:141,0
DA:143,0
DA:144,0
DA:146,0
DA:157,0
DA:162,0
DA:164,0
DA:165,0
DA:175,0
DA:179,0
DA:181,0
DA:182,0
DA:192,0
DA:197,0
DA:199,0
DA:200,0
DA:210,9
DA:214,4
DA:215,5
DA:216,5
DA:217,5
DA:218,5
DA:219,5
DA:220,5
DA:222,1
DA:223,92
DA:224,2
DA:228,82
DA:229,4
DA:233,95
DA:234,4
DA:238,90
DA:239,4
DA:244,4
DA:245,5
DA:246,5
DA:247,5
DA:248,5
DA:249,5
DA:250,5
DA:256,0
DA:261,0
DA:263,0
DA:264,0
DA:291,6
DA:296,4
DA:297,5
DA:298,5
DA:299,5
DA:300,5
DA:301,5
DA:304,12
DA:306,4
DA:307,5
DA:308,5
DA:309,5
DA:310,15
DA:311,15
DA:319,6
DA:324,4
DA:325,5
DA:326,5
DA:327,5
DA:328,5
DA:329,5
DA:330,5
DA:333,12
DA:335,4
DA:336,5
DA:337,5
DA:338,5
DA:339,5
DA:340,5
DA:341,5
DA:350,0
DA:355,0
DA:357,0
DA:358,0
DA:359,0
DA:360,0
DA:362,0
DA:363,0
DA:364,0
DA:369,0
DA:370,0
DA:372,0
end_of_record

SF:/src/contracts/interfaces/IHook.sol
end_of_record

SF:/src/contracts/interfaces/INofeeswap.sol
end_of_record

SF:/src/contracts/interfaces/INofeeswapDelegatee.sol
end_of_record

SF:/src/contracts/interfaces/ISentinel.sol
end_of_record

SF:/src/contracts/interfaces/IStorageAccess.sol
end_of_record

SF:/src/contracts/interfaces/ITransientAccess.sol
end_of_record

SF:/src/contracts/utilities/Amount.sol
DA:42,0
DA:66,0
DA:67,0
DA:68,0
DA:69,0
DA:70,0
DA:72,0
DA:73,0
DA:77,0
DA:78,0
DA:79,0
DA:80,0
DA:81,0
DA:83,0
DA:84,0
DA:88,0
DA:110,0
DA:114,0
DA:117,0
DA:118,0
DA:125,0
DA:129,0
DA:130,0
DA:134,0
DA:138,0
DA:140,0
DA:148,0
DA:149,0
DA:150,0
DA:156,0
DA:159,0
DA:162,0
DA:163,0
DA:164,0
DA:166,0
DA:170,0
DA:171,4
DA:172,0
DA:178,0
DA:194,0
DA:200,0
DA:201,0
DA:203,0
DA:204,0
DA:208,0
DA:209,0
DA:212,0
DA:216,0
DA:217,0
DA:222,0
DA:223,0
DA:227,0
DA:231,0
DA:236,0
DA:251,0
DA:257,0
DA:259,0
DA:262,0
DA:263,0
DA:264,0
DA:265,0
DA:266,0
DA:268,0
DA:269,0
DA:271,0
DA:274,0
DA:275,0
end_of_record

SF:/src/contracts/utilities/Calldata.sol
DA:67,6
DA:83,7
DA:88,4
DA:90,5
DA:91,3
DA:94,5
DA:96,6
DA:99,20
DA:102,5
DA:105,24
DA:106,1
DA:110,5
DA:111,16
DA:112,16
DA:116,11
DA:118,20
DA:123,4
DA:124,3
DA:127,6
DA:130,4
DA:131,3
DA:134,6
DA:137,13
DA:142,4
DA:143,3
DA:147,5
DA:148,10
DA:149,1
DA:151,5
DA:156,4
DA:159,5
DA:162,5
DA:164,20
DA:183,6
DA:188,4
DA:191,5
DA:194,5
DA:196,13
DA:205,21
DA:206,6
DA:210,4
DA:213,5
DA:217,5
DA:220,5
DA:222,39
DA:262,5
DA:263,5
DA:264,15
DA:265,1
DA:267,10
DA:268,5
DA:269,5
DA:277,0
DA:289,0
DA:293,0
DA:294,0
DA:297,0
DA:300,0
DA:303,0
DA:304,0
DA:307,0
DA:308,0
DA:309,0
DA:310,0
DA:311,0
DA:314,0
DA:315,0
DA:318,0
DA:319,0
DA:320,0
DA:321,0
DA:322,0
DA:328,0
DA:329,0
DA:333,0
DA:334,0
DA:335,0
DA:336,0
DA:342,0
DA:345,0
DA:348,0
DA:352,0
DA:355,0
DA:357,0
DA:387,0
DA:388,0
DA:389,0
DA:390,0
DA:391,0
DA:393,0
DA:394,0
DA:395,0
DA:401,0
DA:411,0
DA:415,0
DA:416,0
DA:419,0
DA:425,0
DA:426,0
DA:429,0
DA:430,0
DA:431,0
DA:437,0
DA:440,0
DA:443,0
DA:447,0
DA:450,0
DA:452,0
DA:482,0
DA:483,0
DA:484,0
DA:485,0
DA:486,0
DA:488,0
DA:489,0
DA:490,0
DA:500,0
DA:511,0
DA:514,0
DA:515,0
DA:518,0
DA:521,0
DA:524,0
DA:527,0
DA:529,0
DA:548,0
DA:551,0
DA:554,0
DA:558,0
DA:561,0
DA:563,0
DA:596,0
DA:597,0
DA:598,0
DA:599,0
DA:601,0
DA:602,0
DA:603,0
DA:608,0
DA:616,0
DA:619,0
DA:620,0
DA:623,0
DA:627,0
DA:628,0
DA:631,0
DA:632,0
DA:633,0
DA:635,0
DA:640,0
DA:641,0
DA:646,0
DA:649,0
DA:654,0
DA:661,0
DA:662,0
DA:665,0
DA:669,0
DA:670,0
DA:675,0
DA:678,0
DA:683,0
DA:695,0
DA:698,0
DA:699,0
DA:702,0
DA:706,0
DA:707,0
DA:717,0
DA:720,0
DA:721,0
DA:724,0
DA:727,0
DA:728,0
DA:734,0
DA:737,0
DA:747,0
DA:750,0
DA:753,0
DA:757,0
DA:759,0
DA:785,0
DA:786,0
DA:787,0
DA:788,0
DA:790,0
DA:791,0
DA:792,0
DA:798,0
DA:805,0
DA:806,0
DA:809,0
DA:812,0
end_of_record

SF:/src/contracts/utilities/Curve.sol
DA:61,0
DA:66,4
DA:70,4
DA:72,7
DA:91,3
DA:94,4
DA:95,5
DA:100,11
DA:101,10
DA:107,21
DA:109,1
DA:113,2
DA:116,4
DA:117,5
DA:124,11
DA:125,10
DA:130,15
DA:134,7
DA:138,14
DA:142,16
DA:143,5
DA:144,7
DA:145,2
DA:150,5
DA:151,15
DA:152,2
DA:155,4
DA:156,7
DA:159,7
DA:164,24
DA:173,0
DA:174,0
DA:175,0
DA:181,0
DA:182,0
DA:185,0
DA:189,16
DA:193,4
DA:198,4
DA:206,4
DA:211,8
DA:224,8
DA:231,0
DA:238,0
DA:239,0
DA:244,0
DA:245,0
DA:246,0
DA:248,0
DA:249,0
DA:250,0
DA:254,0
DA:263,0
DA:264,0
DA:269,0
DA:271,0
DA:273,0
DA:275,0
DA:277,0
DA:280,0
DA:288,0
DA:293,0
DA:298,0
end_of_record

SF:/src/contracts/utilities/Errors.sol
end_of_record

SF:/src/contracts/utilities/Events.sol
DA:27,0
DA:34,0
DA:37,0
DA:42,0
DA:45,0
DA:51,0
DA:54,0
DA:61,0
DA:63,0
DA:64,0
DA:65,0
DA:66,0
DA:70,0
DA:76,0
DA:79,0
DA:84,0
DA:87,2
DA:90,27
DA:93,0
DA:97,0
DA:100,0
DA:105,0
DA:108,3
DA:109,4
DA:110,4
DA:111,5
DA:112,4
DA:113,2
DA:114,63
DA:174,0
DA:175,0
DA:176,0
DA:177,0
DA:208,0
DA:209,0
DA:210,0
DA:211,0
DA:227,0
DA:228,0
DA:229,0
DA:230,0
DA:231,0
DA:232,0
DA:271,0
DA:272,0
DA:273,0
DA:274,0
DA:275,0
DA:334,0
DA:335,0
DA:336,0
DA:337,0
DA:355,0
DA:356,0
DA:357,0
DA:358,0
end_of_record

SF:/src/contracts/utilities/FullMath.sol
DA:9,0
DA:92,5
DA:96,4
DA:97,5
DA:99,16
DA:144,5
DA:149,4
DA:151,15
DA:175,4
DA:178,4
DA:183,18
DA:187,22
DA:188,22
DA:189,22
DA:190,22
DA:191,22
DA:192,23
DA:204,0
DA:209,0
DA:210,0
DA:211,0
DA:225,0
DA:226,0
DA:227,0
DA:228,0
DA:229,0
DA:252,0
DA:259,0
DA:264,0
DA:273,0
DA:276,0
DA:277,0
DA:278,0
DA:282,0
DA:283,0
DA:293,0
DA:303,0
DA:309,0
DA:310,0
DA:342,0
DA:346,0
DA:347,0
DA:348,0
DA:353,0
DA:376,0
DA:384,0
DA:385,0
DA:390,0
DA:399,0
DA:403,0
DA:404,0
DA:408,0
DA:409,0
DA:419,0
DA:433,0
DA:437,0
DA:438,0
DA:461,0
DA:465,0
DA:466,0
DA:467,0
DA:472,0
DA:482,1
DA:487,4
DA:496,11
DA:503,15
DA:504,0
DA:507,0
DA:518,9
DA:519,2
DA:524,8
DA:532,14
DA:534,4
DA:540,2
DA:546,7
DA:549,6
DA:560,5
DA:569,5
DA:570,2
end_of_record

SF:/src/contracts/utilities/Growth.sol
DA:24,0
DA:29,0
DA:33,0
DA:34,0
DA:35,0
DA:37,0
DA:54,0
DA:59,0
DA:62,0
DA:63,0
DA:64,0
DA:65,0
DA:66,0
DA:92,0
DA:93,0
DA:98,0
DA:99,0
DA:106,0
end_of_record

SF:/src/contracts/utilities/GrowthPortion.sol
DA:34,0
DA:39,0
DA:40,0
DA:43,0
DA:44,0
DA:48,0
DA:50,0
DA:160,0
DA:161,0
DA:162,0
DA:167,0
DA:168,0
DA:169,0
DA:172,0
DA:175,0
DA:200,0
DA:201,0
DA:202,0
end_of_record

SF:/src/contracts/utilities/Hooks.sol
DA:15,5
DA:17,24
DA:21,0
DA:26,0
DA:30,0
DA:33,0
DA:37,0
DA:39,0
DA:72,0
DA:73,0
DA:77,0
DA:78,0
DA:82,0
DA:83,0
DA:87,0
DA:88,0
DA:92,0
DA:93,0
DA:97,0
DA:98,0
DA:102,0
DA:103,0
DA:107,0
DA:108,0
DA:112,0
DA:113,0
DA:117,0
DA:118,0
DA:122,0
DA:123,0
DA:127,0
DA:128,0
DA:132,0
DA:133,0
DA:137,0
DA:138,0
DA:142,0
DA:143,0
DA:147,0
DA:148,0
DA:152,0
DA:153,0
DA:182,9
DA:183,1
DA:184,43
DA:185,21
DA:187,22
DA:189,22
DA:191,22
DA:193,22
DA:195,22
DA:197,32
DA:202,4
DA:203,5
DA:207,12
DA:224,4
DA:232,7
DA:233,5
DA:234,6
DA:240,7
DA:241,5
DA:242,6
DA:248,0
DA:249,0
DA:250,0
DA:256,0
DA:257,0
DA:258,0
DA:264,0
DA:265,0
DA:266,0
DA:272,0
DA:273,0
DA:274,0
DA:280,0
DA:281,0
DA:282,0
DA:288,0
DA:289,0
DA:290,0
DA:296,0
DA:297,0
DA:298,0
DA:304,0
DA:305,0
DA:306,0
DA:312,0
DA:313,0
DA:314,0
DA:320,7
DA:321,5
DA:322,6
DA:328,7
DA:329,5
DA:330,6
DA:336,7
DA:337,5
DA:338,6
DA:344,7
DA:345,5
DA:346,6
DA:352,7
DA:353,5
DA:354,6
DA:360,7
DA:361,5
DA:362,6
DA:370,7
DA:371,5
DA:372,6
DA:380,0
DA:381,0
DA:382,0
DA:390,7
DA:391,5
DA:392,6
end_of_record

SF:/src/contracts/utilities/Index.sol
DA:7,8
DA:8,24
DA:9,8
DA:11,14
DA:12,33
DA:19,0
DA:23,0
DA:25,0
DA:30,0
DA:34,0
DA:36,0
DA:39,3
DA:43,4
DA:45,2
DA:50,0
DA:54,4
DA:56,2
DA:61,3
DA:65,4
DA:67,12
DA:80,3
DA:84,4
DA:86,2
DA:92,3
DA:96,4
DA:98,2
DA:112,0
DA:116,0
DA:118,0
DA:121,0
DA:126,3
DA:129,4
DA:131,4
DA:143,3
DA:146,4
DA:148,12
DA:165,3
DA:168,4
DA:170,12
end_of_record

SF:/src/contracts/utilities/Integral.sol
DA:14,0
DA:99,5
DA:105,4
DA:109,6
DA:110,7
DA:111,5
DA:112,27
DA:154,2
DA:167,3
DA:170,4
DA:172,4
DA:183,3
DA:187,11
DA:207,3
DA:211,7
DA:237,0
DA:241,0
DA:296,0
DA:300,0
DA:305,0
DA:309,0
DA:314,0
DA:315,0
DA:324,0
DA:338,0
DA:339,0
DA:348,0
DA:366,0
DA:367,0
DA:368,0
DA:373,0
DA:569,3
DA:574,4
DA:577,5
DA:578,5
DA:579,5
DA:580,5
DA:581,5
DA:582,5
DA:585,6
DA:586,6
DA:590,9
DA:593,4
DA:595,12
DA:599,5
DA:602,6
DA:606,27
DA:611,7
DA:616,8
DA:617,7
DA:618,7
DA:640,13
DA:641,0
DA:644,0
DA:648,5
DA:665,11
DA:666,40
DA:667,42
DA:673,30
DA:676,70
DA:972,5
DA:977,4
DA:980,5
DA:981,5
DA:982,5
DA:983,5
DA:984,5
DA:985,5
DA:988,6
DA:989,6
DA:993,10
DA:997,4
DA:999,12
DA:1003,5
DA:1007,24
DA:1010,6
DA:1016,8
DA:1017,12
DA:1018,12
DA:1022,6
DA:1044,9
DA:1045,0
DA:1048,0
DA:1054,6
DA:1071,10
DA:1072,22
DA:1073,20
DA:1075,21
DA:1076,19
DA:1084,30
DA:1087,71
end_of_record

SF:/src/contracts/utilities/Interval.sol
DA:97,2
DA:99,4
DA:111,7
DA:125,17
DA:131,13
DA:143,6
DA:148,7
DA:205,27
DA:219,12
DA:220,21
DA:221,21
DA:222,21
DA:223,21
DA:226,21
DA:227,21
DA:238,2
DA:400,21
DA:466,19
DA:468,4
DA:470,5
DA:473,13
DA:475,5
DA:487,0
DA:629,0
DA:711,0
DA:713,0
DA:715,0
DA:718,0
DA:725,0
DA:746,6
DA:807,22
DA:808,21
DA:809,34
DA:885,15
DA:888,4
DA:889,12
DA:984,17
DA:986,4
DA:988,5
DA:991,11
DA:993,2
DA:995,15
DA:997,5
DA:999,5
DA:1003,1
DA:1033,0
DA:1046,0
DA:1065,0
DA:1089,0
DA:1099,0
DA:1100,0
DA:1112,0
DA:1122,0
DA:1146,0
DA:1405,1
DA:1406,4
DA:1407,5
DA:1413,22
DA:1452,31
DA:1462,17
DA:1465,0
DA:1476,0
DA:1477,0
DA:1478,0
DA:1487,0
DA:1495,0
DA:1507,0
DA:1515,0
DA:1516,0
DA:1517,0
DA:1635,0
DA:1652,0
DA:1663,0
DA:1691,0
DA:1693,0
DA:1765,0
DA:1766,0
DA:1767,0
DA:1779,0
DA:1780,0
DA:1781,0
DA:1802,0
DA:1803,0
DA:1809,0
DA:1820,0
DA:1829,0
DA:1842,0
DA:1846,0
DA:1852,0
DA:1863,0
DA:1876,0
DA:1881,0
DA:1883,0
DA:2134,0
DA:2135,0
DA:2136,0
DA:2143,0
DA:2182,0
DA:2192,0
DA:2195,0
DA:2206,0
DA:2207,0
DA:2208,0
DA:2217,0
DA:2225,0
DA:2236,0
DA:2244,0
DA:2245,0
DA:2246,0
DA:2297,0
DA:2308,0
DA:2310,0
DA:2311,0
DA:2323,0
DA:2326,0
DA:2394,0
DA:2395,0
DA:2396,0
DA:2408,0
DA:2409,0
DA:2410,0
DA:2431,0
DA:2432,0
DA:2438,0
DA:2449,0
DA:2450,0
DA:2459,0
DA:2472,0
DA:2476,0
DA:2482,0
DA:2493,0
DA:2506,0
DA:2511,0
DA:2513,0
DA:2570,5
DA:2571,4
DA:2620,39
DA:2623,4
DA:2754,34
DA:2806,9
DA:2807,43
DA:2812,4
DA:2838,45
DA:2839,21
DA:2861,18
DA:2862,56
DA:2875,4
DA:2876,22
DA:2879,6
DA:2885,35
DA:2895,13
DA:2898,5
DA:2900,13
DA:2931,0
DA:2944,0
DA:2976,6
DA:2989,32
DA:3008,14
DA:3013,12
DA:3026,0
DA:3031,0
DA:3038,12
DA:3085,2
DA:3096,4
DA:3097,4
DA:3110,21
DA:3113,4
DA:3114,5
DA:3118,10
DA:3139,5
DA:3142,21
DA:3150,29
DA:3155,6
DA:3159,4
DA:3160,4
DA:3202,4
DA:3203,21
DA:3209,5
DA:3235,4
DA:3236,8
DA:3244,8
DA:3288,12
DA:3289,31
DA:3314,2
DA:3318,13
DA:3321,5
DA:3324,14
DA:3327,21
DA:3335,28
DA:3340,6
DA:3345,10
DA:3346,12
DA:3347,12
DA:3349,0
DA:3350,0
DA:3352,4
DA:3353,4
DA:3458,0
DA:3462,0
DA:3465,0
DA:3493,0
DA:3494,0
DA:3495,0
DA:3496,0
DA:3497,0
DA:3498,0
DA:3499,0
DA:3500,0
DA:3501,0
DA:3509,0
DA:3510,0
DA:3511,0
DA:3521,0
DA:3522,0
DA:3523,0
DA:3525,0
DA:3528,0
DA:3529,0
DA:3531,0
DA:3622,0
DA:3626,0
DA:3685,0
DA:3734,0
DA:3737,0
DA:3870,0
DA:3920,0
DA:3921,0
DA:3926,0
DA:3952,0
DA:3953,0
DA:3971,0
DA:3972,0
DA:3975,0
DA:3987,0
DA:3988,0
DA:4004,0
DA:4005,0
DA:4031,0
DA:4032,0
DA:4044,0
DA:4049,0
DA:4054,0
DA:4059,0
DA:4065,0
DA:4066,0
DA:4067,0
DA:4068,0
DA:4069,0
DA:4070,0
DA:4071,0
DA:4077,0
DA:4082,0
DA:4084,0
DA:4310,0
DA:4314,0
DA:4315,0
DA:4316,0
DA:4317,0
DA:4319,0
DA:4320,0
DA:4322,0
DA:4324,0
DA:4368,0
DA:4407,0
DA:4415,0
DA:4416,0
DA:4417,0
DA:4418,0
DA:4421,0
DA:4439,0
DA:4440,0
DA:4442,0
DA:4443,0
DA:4444,0
DA:4445,0
DA:4446,0
DA:4448,0
DA:4449,0
DA:4450,0
DA:4476,0
DA:4477,0
DA:4478,0
DA:4479,0
DA:4482,0
DA:4502,0
DA:4522,0
DA:4556,0
DA:4557,0
DA:4585,0
DA:4604,0
DA:4605,0
DA:4607,0
DA:4612,0
DA:4613,0
DA:4614,0
DA:4615,0
DA:4617,0
DA:4619,0
DA:4620,0
DA:4622,0
DA:4623,0
DA:4625,0
DA:4627,0
DA:4628,0
DA:4636,0
DA:4637,0
DA:4639,0
DA:4643,0
DA:4648,0
DA:4652,0
DA:4653,0
DA:4656,0
DA:4657,0
DA:4702,0
DA:4706,0
DA:4707,0
DA:4709,0
DA:4710,0
DA:4711,0
DA:4712,0
DA:4756,0
DA:4795,0
DA:4813,0
DA:4814,0
DA:4815,0
DA:4816,0
DA:4817,0
DA:4818,0
DA:4819,0
DA:4820,0
DA:4829,0
DA:4830,0
DA:4831,0
DA:4832,0
DA:4835,0
DA:4859,0
DA:4861,0
DA:4862,0
DA:4865,0
DA:4868,0
DA:4870,0
DA:4918,0
DA:4922,0
DA:4923,0
DA:4925,0
DA:4928,0
DA:4929,0
DA:4930,0
DA:4931,0
DA:4932,0
DA:4933,0
DA:4935,0
DA:4937,0
DA:4938,0
DA:4939,0
DA:4940,0
DA:4955,0
DA:4956,0
DA:4957,0
DA:4965,0
DA:4969,0
DA:4972,0
DA:4974,0
DA:4975,0
DA:4976,0
DA:4981,0
DA:4982,0
DA:4983,0
DA:4984,0
DA:4989,0
DA:4990,0
DA:4991,0
DA:4994,0
DA:4995,0
DA:4997,0
DA:5002,0
DA:5003,0
DA:5008,2
DA:5009,10
end_of_record

SF:/src/contracts/utilities/Kernel.sol
DA:86,0
DA:91,3
DA:95,4
DA:96,4
DA:97,4
DA:98,5
DA:103,21
DA:104,7
DA:105,6
DA:133,6
DA:134,6
DA:135,8
DA:136,7
DA:139,9
DA:140,4
DA:141,2
DA:164,8
DA:172,6
DA:173,4
DA:197,21
DA:198,11
DA:199,12
DA:200,11
DA:202,13
DA:203,12
DA:204,11
DA:209,10
end_of_record

SF:/src/contracts/utilities/KernelCompact.sol
DA:73,0
DA:78,6
DA:82,4
DA:83,5
DA:88,19
DA:89,10
DA:90,6
DA:121,6
DA:122,5
DA:127,3
DA:130,4
DA:131,4
DA:133,5
DA:134,2
DA:157,5
DA:158,24
DA:165,11
DA:172,8
DA:182,5
DA:194,11
DA:199,9
DA:204,2
DA:207,12
DA:212,4
DA:216,5
DA:217,5
DA:221,5
DA:222,4
DA:225,8
DA:231,11
DA:238,15
DA:241,23
DA:245,14
DA:250,5
DA:251,7
DA:252,2
DA:256,5
DA:257,11
DA:258,3
DA:266,6
DA:267,48
DA:268,3
DA:276,5
DA:277,7
DA:278,2
DA:285,22
DA:289,5
DA:290,14
DA:296,5
DA:297,25
DA:303,1
DA:307,1
DA:308,1
DA:309,1
DA:313,10
DA:334,17
DA:339,9
DA:345,14
DA:350,4
end_of_record

SF:/src/contracts/utilities/Memory.sol
DA:2537,0
DA:2929,0
DA:2950,0
DA:4102,8
DA:4142,8
DA:4182,0
DA:4219,27
DA:4248,27
DA:4327,27
DA:4356,27
DA:4462,27
DA:4590,0
DA:4656,27
DA:4657,8
DA:4724,0
DA:4725,0
DA:4745,8
DA:4765,27
DA:4788,8
DA:4811,0
DA:4842,0
DA:4873,8
DA:5249,8
DA:5470,0
DA:5527,2
DA:5530,2
DA:5535,0
DA:5538,0
DA:5549,0
DA:5552,0
DA:5557,0
DA:5558,0
DA:5560,0
DA:5565,2
DA:5568,2
DA:5573,2
DA:5576,12
DA:5587,3
DA:5588,4
DA:5590,3
DA:5595,2
DA:5598,2
DA:5603,0
DA:5604,0
DA:5606,0
DA:5611,0
DA:5614,0
DA:5625,0
DA:5626,0
DA:5628,0
DA:5633,0
DA:5636,0
DA:5641,0
DA:5642,0
DA:5644,0
DA:5649,0
DA:5652,0
DA:5657,3
DA:5658,4
DA:5660,5
DA:5665,2
DA:5668,12
DA:5679,3
DA:5680,4
DA:5682,5
DA:5687,2
DA:5690,4
DA:5695,3
DA:5696,4
DA:5698,5
DA:5703,0
DA:5706,0
DA:5711,3
DA:5712,4
DA:5714,5
DA:5719,2
DA:5722,12
DA:5733,0
DA:5734,0
DA:5736,0
DA:5741,0
DA:5744,0
DA:5755,0
DA:5756,0
DA:5758,0
DA:5763,0
DA:5766,0
DA:5771,0
DA:5772,0
DA:5774,0
DA:5779,0
DA:5782,0
DA:5787,0
DA:5788,0
DA:5790,0
DA:5795,0
DA:5798,0
DA:5803,0
DA:5804,0
DA:5806,0
DA:5811,0
DA:5814,0
DA:5819,3
DA:5820,4
DA:5822,5
DA:5827,2
DA:5830,4
DA:5843,2
DA:5846,12
DA:5857,3
DA:5858,4
DA:5860,5
DA:5866,2
DA:5869,12
DA:5880,0
DA:5881,0
DA:5883,0
DA:5888,0
DA:5891,0
DA:5896,0
DA:5897,0
DA:5899,0
DA:5904,0
DA:5907,0
DA:5912,0
DA:5913,0
DA:5915,0
DA:5920,0
DA:5923,0
DA:5934,0
DA:5935,0
DA:5937,0
DA:5942,0
DA:5945,0
DA:5956,3
DA:5957,4
DA:5959,3
DA:5964,2
DA:5967,2
DA:5972,3
DA:5973,4
DA:5975,3
DA:5980,2
DA:5983,2
DA:5988,3
DA:5989,4
DA:5991,3
DA:5996,2
DA:5999,2
DA:6004,3
DA:6005,4
DA:6007,5
DA:6012,2
DA:6015,12
DA:6026,3
DA:6027,4
DA:6029,5
DA:6034,2
DA:6037,12
DA:6056,2
DA:6059,12
DA:6070,3
DA:6071,4
DA:6073,3
DA:6079,0
DA:6082,0
DA:6090,3
DA:6091,4
DA:6093,5
DA:6098,2
DA:6101,12
DA:6112,3
DA:6113,4
DA:6115,5
DA:6120,2
DA:6123,12
DA:6134,3
DA:6135,4
DA:6137,5
DA:6142,2
DA:6145,12
DA:6156,3
DA:6157,4
DA:6159,5
DA:6164,0
DA:6167,0
DA:6178,3
DA:6179,4
DA:6181,5
DA:6186,2
DA:6189,12
DA:6200,3
DA:6201,4
DA:6203,5
DA:6208,2
DA:6211,12
DA:6222,2
DA:6225,12
DA:6236,3
DA:6237,4
DA:6239,3
DA:6244,2
DA:6247,2
DA:6252,3
DA:6253,4
DA:6255,3
DA:6260,2
DA:6263,2
DA:6268,3
DA:6269,4
DA:6271,3
DA:6276,2
DA:6279,2
DA:6284,3
DA:6285,4
DA:6287,3
DA:6292,2
DA:6295,2
DA:6300,3
DA:6301,4
DA:6303,5
DA:6308,2
DA:6311,12
DA:6322,3
DA:6323,4
DA:6325,3
DA:6330,2
DA:6333,2
DA:6338,3
DA:6339,4
DA:6341,5
DA:6346,2
DA:6349,12
DA:6360,3
DA:6361,4
DA:6363,5
DA:6368,2
DA:6371,12
DA:6382,3
DA:6383,4
DA:6385,5
DA:6390,2
DA:6393,12
DA:6404,3
DA:6405,4
DA:6407,5
DA:6412,2
DA:6415,12
DA:6426,3
DA:6427,4
DA:6429,5
DA:6434,0
DA:6437,0
DA:6448,0
DA:6449,0
DA:6451,0
DA:6456,0
DA:6459,0
DA:6470,0
DA:6471,0
DA:6473,0
DA:6478,0
DA:6481,0
DA:6492,0
DA:6493,0
DA:6495,0
DA:6500,0
DA:6503,0
DA:6508,0
DA:6509,0
DA:6511,0
DA:6516,0
DA:6519,0
DA:6524,0
DA:6525,0
DA:6527,0
DA:6532,0
DA:6535,0
DA:6548,0
DA:6551,0
DA:6564,0
DA:6567,0
end_of_record

SF:/src/contracts/utilities/PoolId.sol
DA:7,3
DA:10,4
DA:12,9
DA:28,3
DA:31,4
DA:33,15
end_of_record

SF:/src/contracts/utilities/Price.sol
DA:8,0
DA:31,3
DA:37,19
DA:137,4
DA:143,5
DA:154,9
DA:180,4
DA:187,23
DA:299,4
DA:302,4
DA:304,6
DA:352,3
DA:355,4
DA:357,4
DA:384,4
DA:388,4
DA:390,10
DA:465,4
DA:469,2
DA:495,4
DA:499,6
DA:530,0
DA:533,0
DA:534,0
DA:535,0
DA:536,0
DA:538,0
DA:539,0
DA:543,0
DA:546,0
DA:547,0
end_of_record

SF:/src/contracts/utilities/SafeCast.sol
DA:6,0
DA:8,0
DA:9,0
DA:10,0
end_of_record

SF:/src/contracts/utilities/SentinelCalls.sol
DA:15,31
DA:19,4
DA:20,4
DA:21,5
DA:26,5
DA:27,5
DA:30,5
DA:35,17
DA:40,0
DA:44,0
DA:48,0
DA:50,0
DA:84,4
DA:86,4
DA:90,17
DA:95,0
DA:99,0
DA:103,0
DA:105,0
DA:106,0
DA:135,0
DA:136,0
DA:144,4
DA:146,4
DA:151,17
DA:157,0
DA:162,0
DA:166,0
DA:168,0
DA:169,0
DA:200,0
DA:201,0
end_of_record

SF:/src/contracts/utilities/Storage.sol
DA:78,2
DA:79,1
DA:87,7
DA:88,2
DA:96,3
DA:97,5
DA:100,0
DA:101,0
DA:113,3
DA:114,8
DA:119,1
DA:120,4
DA:122,11
DA:128,2
DA:131,4
DA:139,11
DA:149,4
DA:152,4
DA:153,5
DA:161,9
DA:169,0
DA:170,0
DA:177,7
DA:178,3
DA:189,4
DA:194,4
DA:198,23
DA:204,8
DA:208,18
DA:209,3
DA:214,18
DA:215,3
DA:220,6
DA:221,4
DA:234,0
DA:238,0
DA:240,0
DA:273,0
DA:278,0
DA:282,0
DA:283,0
DA:284,0
DA:286,0
DA:294,0
DA:299,0
DA:300,0
DA:301,0
DA:302,0
DA:305,0
DA:307,0
DA:324,0
DA:328,0
DA:329,0
DA:355,0
DA:358,0
DA:359,0
DA:361,0
DA:362,0
DA:374,0
DA:379,0
DA:380,0
DA:381,0
DA:396,0
DA:410,0
DA:411,0
DA:418,0
DA:419,0
DA:422,0
DA:423,0
DA:438,0
DA:441,0
DA:450,0
DA:470,0
DA:475,0
DA:485,0
DA:502,0
DA:509,0
DA:512,0
DA:513,0
DA:514,0
DA:515,0
DA:516,0
DA:517,0
DA:519,0
DA:522,0
DA:539,3
DA:541,4
DA:542,9
DA:561,0
DA:563,0
DA:564,0
DA:571,0
DA:575,0
DA:588,0
DA:590,0
DA:591,0
DA:621,0
DA:622,0
DA:623,0
DA:624,0
DA:625,0
DA:626,0
DA:627,0
DA:636,0
DA:637,0
DA:638,0
DA:639,0
DA:644,0
DA:645,0
DA:646,0
DA:647,0
DA:649,0
DA:650,0
DA:651,0
DA:653,0
DA:654,0
DA:656,0
DA:657,0
DA:658,0
DA:664,0
DA:680,4
DA:683,4
DA:684,11
DA:704,0
DA:707,0
DA:709,0
DA:750,4
DA:753,4
DA:757,6
DA:775,9
DA:776,1
DA:777,23
DA:817,4
DA:820,4
DA:824,7
DA:842,9
DA:843,1
DA:844,23
DA:858,0
DA:861,0
DA:864,0
DA:867,0
DA:871,0
DA:873,0
DA:876,0
DA:890,0
DA:893,0
DA:896,0
DA:899,0
DA:903,0
DA:905,0
DA:908,0
DA:918,2
DA:922,1
DA:935,4
DA:939,4
DA:944,8
DA:945,10
DA:951,6
DA:952,10
DA:966,0
DA:969,0
DA:971,0
DA:996,0
DA:1000,0
DA:1002,0
DA:1022,0
DA:1025,0
DA:1027,0
DA:1035,0
DA:1038,0
DA:1039,0
DA:1042,0
DA:1043,0
DA:1044,0
DA:1049,0
DA:1050,0
DA:1051,0
DA:1057,0
DA:1058,0
DA:1059,0
DA:1060,0
DA:1076,0
DA:1089,3
DA:1092,4
DA:1094,9
DA:1111,0
DA:1113,0
DA:1116,0
DA:1125,0
DA:1130,0
DA:1131,0
DA:1132,0
DA:1137,0
DA:1144,2
DA:1146,8
DA:1151,24
DA:1152,0
DA:1155,0
DA:1158,12
DA:1164,22
DA:1181,3
DA:1184,4
DA:1186,9
DA:1206,0
DA:1207,0
DA:1208,0
DA:1211,0
DA:1213,0
DA:1214,0
DA:1216,0
DA:1220,0
DA:1221,0
DA:1222,0
DA:1226,0
DA:1228,0
DA:1232,0
DA:1241,0
DA:1243,0
DA:1300,5
DA:1302,8
DA:1306,4
DA:1309,4
DA:1311,17
DA:1341,2
DA:1342,4
DA:1343,4
DA:1344,16
DA:1358,21
DA:1361,5
DA:1362,4
DA:1363,16
DA:1372,4
DA:1375,4
DA:1376,8
DA:1388,4
DA:1398,0
DA:1401,0
DA:1403,0
DA:1404,0
DA:1407,0
DA:1409,0
DA:1410,0
DA:1423,5
DA:1428,4
DA:1430,42
DA:1471,2
DA:1474,7
DA:1489,0
DA:1492,0
DA:1493,0
DA:1494,0
DA:1495,0
DA:1503,0
DA:1506,0
DA:1508,0
DA:1533,0
DA:1538,0
DA:1550,0
DA:1555,0
DA:1556,0
DA:1560,0
DA:1564,0
DA:1568,0
DA:1569,0
DA:1573,0
DA:1574,0
DA:1577,0
DA:1580,0
DA:1581,0
DA:1584,0
DA:1587,0
DA:1588,0
DA:1591,0
DA:1592,0
DA:1598,0
DA:1602,0
DA:1603,0
DA:1607,0
end_of_record

SF:/src/contracts/utilities/Swap.sol
DA:120,0
DA:155,0
DA:156,0
DA:158,0
DA:165,0
DA:170,0
DA:171,0
DA:172,0
DA:174,0
DA:175,0
DA:177,0
DA:178,0
DA:182,0
DA:183,0
DA:184,0
DA:189,0
DA:191,0
DA:196,0
DA:200,0
DA:201,0
DA:204,0
DA:205,0
DA:209,0
DA:212,0
DA:217,0
DA:223,0
DA:225,0
DA:226,0
DA:229,0
DA:230,0
DA:231,0
DA:232,0
DA:236,0
DA:237,0
DA:241,0
DA:246,0
DA:251,0
DA:252,0
DA:253,0
DA:255,0
DA:256,0
DA:258,0
DA:267,0
DA:268,0
DA:272,0
DA:280,0
DA:281,0
DA:284,0
DA:289,0
DA:293,0
DA:294,0
DA:295,0
DA:296,0
DA:302,0
DA:303,0
DA:307,0
DA:312,0
DA:319,0
DA:326,0
DA:342,0
DA:343,0
DA:345,0
DA:346,0
DA:349,0
DA:350,0
DA:351,0
DA:353,0
DA:354,0
DA:356,0
DA:357,0
DA:358,0
DA:359,0
DA:360,0
DA:362,0
DA:363,0
DA:364,0
DA:365,0
DA:366,0
DA:387,0
DA:403,0
DA:405,0
DA:406,0
DA:410,0
DA:411,0
DA:416,0
DA:417,0
DA:418,0
DA:419,0
DA:420,0
DA:424,0
DA:425,0
DA:428,0
DA:430,0
DA:432,0
DA:433,0
DA:439,0
DA:440,0
DA:441,0
DA:442,0
DA:443,0
DA:447,0
DA:448,0
DA:451,0
DA:453,0
DA:455,0
DA:456,0
DA:461,0
DA:462,0
DA:466,0
DA:469,0
DA:477,0
DA:485,0
DA:486,0
DA:487,0
DA:488,0
DA:489,0
DA:490,0
DA:492,0
DA:498,0
DA:499,0
DA:500,0
DA:502,0
DA:503,0
DA:504,0
DA:505,0
DA:506,0
DA:508,0
DA:509,0
DA:510,0
DA:517,0
DA:518,0
DA:519,0
DA:521,0
DA:522,0
DA:523,0
DA:524,0
DA:525,0
DA:527,0
DA:528,0
DA:529,0
DA:534,0
DA:535,0
DA:538,0
DA:543,0
DA:546,0
DA:549,0
DA:550,0
DA:551,0
DA:552,0
DA:553,0
DA:554,0
DA:556,0
DA:557,0
DA:559,0
DA:560,0
DA:564,0
DA:565,0
DA:566,0
DA:567,0
DA:568,0
DA:569,0
DA:571,0
DA:572,0
DA:574,0
DA:575,0
DA:585,0
DA:586,0
DA:587,0
DA:588,0
DA:593,0
DA:597,0
DA:598,0
DA:602,0
DA:605,0
DA:608,0
DA:613,0
DA:617,0
DA:618,0
DA:619,0
DA:621,0
DA:622,0
DA:623,0
DA:624,0
DA:625,0
DA:626,0
DA:628,0
DA:629,0
DA:630,0
DA:631,0
DA:632,0
DA:635,0
DA:636,0
DA:637,0
DA:638,0
DA:639,0
DA:641,0
DA:642,0
DA:643,0
DA:644,0
DA:645,0
DA:651,0
DA:652,0
DA:653,0
DA:654,0
DA:655,0
DA:662,0
DA:663,0
DA:664,0
DA:665,0
DA:670,0
DA:673,0
DA:675,0
DA:676,0
DA:677,0
DA:681,0
DA:682,0
DA:683,0
DA:684,0
DA:685,0
DA:687,0
DA:688,0
DA:690,0
DA:691,0
DA:692,0
DA:693,0
DA:695,0
DA:696,0
DA:701,0
DA:705,0
DA:706,0
DA:712,0
DA:713,0
DA:715,0
DA:718,0
DA:719,0
DA:721,0
DA:722,0
DA:725,0
DA:729,0
DA:730,0
DA:731,0
DA:732,0
DA:734,0
DA:735,0
DA:736,0
DA:738,0
DA:742,0
DA:744,0
DA:745,0
DA:746,0
DA:748,0
DA:749,0
DA:750,0
DA:752,0
DA:754,0
DA:759,0
DA:760,0
DA:762,0
DA:763,0
DA:764,0
DA:770,0
DA:771,0
DA:772,0
DA:773,0
DA:780,0
DA:781,0
DA:785,0
DA:786,0
DA:787,0
DA:794,0
DA:803,0
DA:807,0
DA:808,0
DA:809,0
DA:810,0
DA:811,0
DA:813,0
DA:815,0
DA:816,0
end_of_record

SF:/src/contracts/utilities/Tag.sol
DA:30,0
DA:70,3
DA:74,4
DA:76,2
DA:99,0
DA:103,0
DA:106,0
DA:108,0
DA:117,0
DA:121,0
DA:123,0
DA:136,0
DA:141,0
DA:143,0
end_of_record

SF:/src/contracts/utilities/Token.sol
DA:11,0
DA:16,0
DA:21,0
DA:22,0
DA:35,0
DA:36,0
DA:99,0
DA:107,0
DA:108,0
DA:180,0
DA:187,0
DA:188,0
DA:241,0
DA:244,0
DA:247,0
DA:248,0
DA:287,0
DA:291,0
DA:295,0
DA:299,0
DA:300,0
DA:349,0
end_of_record

SF:/src/contracts/utilities/Transient.sol
DA:22,2
DA:23,1
DA:31,0
DA:32,0
DA:40,0
DA:41,0
DA:49,0
DA:50,0
DA:58,0
DA:59,0
DA:70,3
DA:72,4
DA:73,2
DA:81,0
DA:83,0
DA:84,0
DA:92,0
DA:94,0
DA:95,0
DA:103,0
DA:105,0
DA:106,0
DA:114,0
DA:116,0
DA:117,0
DA:125,0
DA:126,0
DA:129,0
DA:130,0
DA:136,0
DA:138,0
DA:139,0
DA:142,0
DA:145,0
DA:149,0
DA:151,0
DA:154,0
DA:158,0
DA:159,0
DA:163,7
DA:164,5
DA:165,8
DA:189,3
DA:191,25
DA:194,7
DA:200,3
DA:201,10
DA:207,0
DA:208,0
DA:211,0
DA:212,0
DA:216,0
DA:220,0
DA:226,0
DA:230,0
DA:245,0
DA:248,0
DA:249,0
DA:279,0
DA:282,0
DA:283,0
DA:291,0
DA:296,0
DA:299,0
DA:302,0
DA:305,0
DA:309,0
DA:310,0
DA:313,0
DA:319,0
DA:320,0
DA:323,0
DA:324,0
DA:327,0
DA:328,0
DA:337,0
DA:338,0
DA:339,0
DA:340,0
DA:341,0
DA:344,0
DA:347,0
DA:350,0
DA:353,0
DA:355,0
DA:357,0
DA:361,0
DA:369,0
DA:374,0
DA:380,0
DA:381,0
DA:382,0
DA:384,0
DA:392,0
DA:396,0
DA:402,0
DA:407,0
DA:425,0
DA:431,0
DA:432,0
DA:461,0
DA:462,0
DA:463,0
DA:464,0
DA:467,0
DA:473,0
DA:474,10
DA:488,0
DA:499,0
DA:504,0
DA:505,0
DA:511,0
DA:512,0
DA:518,0
DA:519,0
DA:525,0
DA:526,0
DA:532,0
DA:533,0
DA:539,0
DA:540,0
DA:546,0
DA:547,0
DA:551,0
DA:552,0
DA:553,0
DA:554,0
DA:577,0
DA:592,0
DA:593,0
DA:594,0
DA:595,0
DA:596,0
DA:597,0
DA:598,0
DA:599,0
DA:605,0
DA:606,0
DA:611,0
DA:614,0
DA:615,0
DA:619,0
DA:620,0
DA:625,0
DA:626,0
DA:631,0
DA:632,0
DA:637,0
DA:638,0
DA:643,0
DA:644,0
DA:648,0
DA:649,0
DA:650,0
DA:651,0
DA:652,0
DA:653,0
DA:654,0
DA:655,0
end_of_record

SF:/src/contracts/utilities/X111.sol
DA:13,0
DA:14,33
DA:15,0
DA:25,0
DA:29,0
DA:31,0
DA:36,0
DA:40,0
DA:42,0
DA:45,0
DA:49,0
DA:51,0
DA:56,0
DA:60,0
DA:62,0
DA:67,0
DA:71,0
DA:73,0
DA:76,0
DA:80,0
DA:82,0
DA:86,0
DA:90,0
DA:92,0
DA:98,0
DA:102,0
DA:104,0
DA:118,0
DA:122,0
DA:124,0
DA:127,0
DA:132,0
DA:136,0
DA:138,0
DA:149,0
DA:153,0
DA:155,0
DA:166,0
DA:170,0
DA:174,0
DA:176,0
DA:178,0
DA:180,0
DA:182,0
end_of_record

SF:/src/contracts/utilities/X127.sol
DA:16,0
DA:19,0
DA:29,0
DA:33,0
DA:35,0
DA:49,0
DA:53,0
DA:55,0
DA:60,0
DA:64,0
DA:66,0
DA:71,0
DA:75,0
DA:77,0
DA:80,0
DA:84,0
DA:86,0
DA:90,0
DA:94,0
DA:96,0
DA:102,0
DA:106,0
DA:108,0
DA:114,0
DA:118,0
DA:121,0
DA:131,0
DA:132,0
DA:133,0
DA:137,0
DA:141,0
DA:143,0
DA:146,0
DA:150,0
DA:152,0
DA:155,0
DA:159,0
DA:163,0
DA:166,0
DA:174,0
DA:179,0
DA:181,0
DA:183,0
DA:187,0
DA:188,0
DA:189,0
DA:190,0
DA:198,0
DA:201,0
DA:203,0
DA:212,0
DA:215,0
DA:220,0
end_of_record

SF:/src/contracts/utilities/X15.sol
DA:12,27
DA:13,14
DA:23,3
DA:27,4
DA:29,2
DA:34,3
DA:38,4
DA:40,12
DA:54,3
DA:58,4
DA:60,2
DA:65,3
DA:69,4
DA:71,12
DA:96,3
DA:100,4
DA:102,2
end_of_record

SF:/src/contracts/utilities/X208.sol
DA:13,0
DA:15,7
DA:16,1
DA:27,0
DA:31,0
DA:33,0
DA:88,0
DA:92,0
DA:94,0
DA:100,0
DA:104,0
DA:106,0
DA:111,0
DA:115,6
DA:120,4
DA:124,4
DA:125,5
DA:126,5
DA:127,9
DA:128,9
DA:136,0
DA:140,0
DA:142,0
DA:144,0
DA:145,0
DA:148,0
DA:153,0
end_of_record

SF:/src/contracts/utilities/X216.sol
DA:11,9
DA:12,8
DA:13,27
DA:15,26
DA:16,1
DA:29,0
DA:33,0
DA:35,0
DA:40,0
DA:44,0
DA:46,0
DA:49,0
DA:53,0
DA:55,0
DA:60,3
DA:64,4
DA:66,2
DA:71,3
DA:75,4
DA:77,12
DA:80,0
DA:84,0
DA:86,0
DA:90,0
DA:94,0
DA:96,0
DA:102,3
DA:106,4
DA:108,2
DA:116,3
DA:120,4
DA:126,38
DA:160,4
DA:164,4
DA:171,28
DA:191,5
DA:195,4
DA:200,13
DA:231,5
DA:235,4
DA:240,15
DA:266,0
DA:270,0
DA:272,0
DA:275,0
DA:279,0
DA:281,0
DA:290,0
DA:296,0
DA:297,0
DA:298,0
DA:300,0
DA:301,0
DA:302,0
DA:306,0
DA:307,0
DA:308,0
DA:310,0
DA:311,0
DA:312,0
DA:314,0
DA:315,0
DA:316,0
DA:317,0
DA:320,0
DA:324,4
DA:327,4
DA:333,10
DA:353,3
DA:356,4
DA:358,12
DA:384,0
DA:389,0
DA:391,0
DA:393,0
DA:395,0
DA:396,0
DA:397,0
DA:398,0
DA:407,0
DA:412,0
DA:414,0
DA:416,0
DA:419,0
DA:421,0
DA:422,0
DA:423,0
end_of_record

SF:/src/contracts/utilities/X23.sol
DA:9,0
DA:10,0
DA:27,0
DA:31,0
DA:33,0
end_of_record

SF:/src/contracts/utilities/X47.sol
DA:10,0
DA:12,76
DA:14,8
DA:23,0
DA:27,0
DA:29,0
DA:34,0
DA:38,0
DA:40,0
DA:43,0
DA:47,0
DA:49,0
DA:54,3
DA:58,4
DA:60,2
DA:65,3
DA:69,4
DA:71,12
DA:83,0
DA:87,0
DA:89,0
end_of_record

SF:/src/contracts/utilities/X59.sol
DA:15,55
DA:16,27
DA:18,8
DA:21,4
DA:22,44
DA:23,21
DA:24,53
DA:25,49
DA:26,74
DA:39,3
DA:43,4
DA:45,2
DA:50,3
DA:54,4
DA:56,12
DA:59,3
DA:63,4
DA:65,2
DA:70,3
DA:74,4
DA:76,2
DA:81,3
DA:85,4
DA:87,12
DA:90,3
DA:94,4
DA:96,12
DA:100,3
DA:104,4
DA:106,2
DA:112,3
DA:116,4
DA:118,2
DA:125,0
DA:129,0
DA:131,0
DA:136,2
DA:140,4
DA:142,21
DA:145,1
DA:149,4
DA:151,21
DA:154,0
DA:157,3
DA:161,4
DA:163,2
DA:171,0
DA:176,0
DA:186,0
DA:187,0
DA:188,0
DA:189,0
DA:197,0
DA:202,0
DA:204,0
DA:250,2
DA:253,4
DA:257,9
DA:260,7
DA:263,8
DA:266,4
DA:267,19
DA:284,5
DA:285,11
DA:298,47
DA:299,11
DA:300,11
DA:301,13
DA:302,8
DA:308,40
DA:309,11
DA:310,11
DA:313,21
DA:336,32
DA:341,140
DA:361,2
DA:370,4
DA:373,4
DA:374,5
DA:377,5
DA:388,23
DA:390,1
DA:391,2
DA:392,1
DA:397,19
DA:418,2
DA:421,4
DA:425,9
DA:429,36
DA:433,11
DA:439,32
DA:444,480
DA:498,2
DA:507,4
DA:510,4
DA:517,13
DA:520,14
end_of_record

SF:/src/contracts/utilities/X74.sol
DA:39,0
DA:43,0
DA:45,0
DA:51,0
DA:55,0
DA:57,0
DA:62,0
DA:65,0
DA:68,0
DA:70,0
end_of_record

SF:/src/echidna/InitializeTest.sol
DA:19,0
DA:25,62
DA:26,118
DA:27,56
DA:29,17
DA:31,80
DA:39,7
DA:41,63
DA:44,39
DA:48,7
DA:50,30
DA:51,16
DA:52,24
DA:58,4
DA:59,9
DA:61,52
DA:62,24
DA:68,6
DA:69,13
DA:73,6
DA:74,31
DA:80,6
DA:81,45
DA:85,5
DA:86,12
DA:87,30
DA:88,15
DA:89,25
DA:115,6
DA:116,4
DA:118,11
DA:119,19
DA:121,10
DA:123,57
DA:135,6
DA:136,4
DA:138,10
DA:139,43
DA:153,2982
DA:160,100
DA:161,382
DA:163,4
DA:173,15
DA:175,36
DA:176,50
DA:178,21
DA:180,5
DA:181,5
DA:182,39
DA:185,71
DA:186,32
DA:187,5
DA:188,16
DA:189,14
DA:190,13
DA:199,7
DA:202,52
DA:203,6
DA:204,6
DA:205,1
DA:211,10
DA:218,4
DA:219,33
DA:220,6
DA:221,1
DA:222,5
DA:223,5
DA:224,5
DA:225,1
DA:226,1
DA:227,5
DA:229,24
DA:230,39
DA:235,6
DA:236,9
DA:237,57
DA:243,14
DA:253,4
DA:254,5
DA:255,7
DA:256,5
DA:257,7
DA:259,7
DA:260,7
DA:262,13
DA:265,15
DA:267,5
DA:270,13
DA:278,142
DA:281,5
DA:282,5
DA:283,5
DA:284,5
DA:286,4
DA:287,122
DA:290,5
DA:291,5
DA:292,5
DA:293,5
DA:294,5
DA:295,5
DA:297,8
DA:299,146
DA:304,44
DA:307,18
DA:310,18
DA:311,18
DA:314,23
DA:317,34
DA:320,23
DA:321,23
DA:324,23
DA:325,26
DA:326,26
DA:329,24
DA:330,24
DA:333,5
DA:334,23
DA:335,22
DA:337,5
DA:338,23
DA:339,22
DA:344,29
DA:350,10
DA:351,11
DA:352,57
DA:353,54
DA:359,7
DA:367,4
DA:368,8
DA:369,5
DA:370,7
DA:372,12
DA:373,5
DA:375,19
DA:377,14
DA:379,17
DA:380,9
DA:386,8
DA:394,4
DA:395,8
DA:396,5
DA:397,7
DA:399,12
DA:400,5
DA:402,15
DA:403,9
DA:409,8
DA:417,4
DA:418,8
DA:419,5
DA:420,7
DA:422,12
DA:423,5
DA:426,15
DA:427,9
DA:433,8
DA:442,4
DA:443,8
DA:444,5
DA:445,5
DA:446,7
DA:448,12
DA:449,5
DA:451,11
DA:452,9
end_of_record

SF:/src/lib/openzeppelin-contracts/contracts/interfaces/IERC1155.sol
end_of_record

SF:/src/lib/openzeppelin-contracts/contracts/interfaces/IERC20.sol
end_of_record

SF:/src/lib/openzeppelin-contracts/contracts/interfaces/draft-IERC6909.sol
end_of_record

SF:/src/lib/openzeppelin-contracts/contracts/token/ERC1155/IERC1155.sol
end_of_record

SF:/src/lib/openzeppelin-contracts/contracts/token/ERC1155/IERC1155Receiver.sol
end_of_record

SF:/src/lib/openzeppelin-contracts/contracts/token/ERC20/IERC20.sol
end_of_record

SF:/src/lib/openzeppelin-contracts/contracts/utils/introspection/IERC165.sol
end_of_record

