TN:
SF:/src/contracts/interfaces/INofeeswap.sol
DA:1,0
end_of_record

SF:/src/contracts/interfaces/ISentinel.sol
end_of_record

SF:/src/contracts/interfaces/IStorageAccess.sol
end_of_record

SF:/src/contracts/interfaces/ITransientAccess.sol
end_of_record

SF:/src/contracts/utilities/Calldata.sol
DA:401,0
DA:411,0
DA:415,0
DA:416,0
DA:419,0
DA:425,0
DA:426,0
DA:429,0
DA:430,0
DA:431,0
DA:437,0
DA:440,0
DA:443,0
DA:447,0
DA:450,0
DA:452,0
DA:482,0
DA:483,0
DA:484,0
DA:485,0
DA:486,0
DA:488,0
DA:489,0
DA:490,0
DA:500,6
DA:511,6
DA:514,4
DA:515,3
DA:518,4
DA:521,4
DA:524,5
DA:527,5
DA:529,19
DA:548,5
DA:551,4
DA:554,5
DA:558,5
DA:561,5
DA:563,33
DA:596,4
DA:597,5
DA:598,13
DA:599,1
DA:601,8
DA:602,4
DA:603,4
end_of_record

SF:/src/contracts/utilities/Curve.sol
DA:61,0
end_of_record

SF:/src/contracts/utilities/Errors.sol
end_of_record

SF:/src/contracts/utilities/Events.sol
end_of_record

SF:/src/contracts/utilities/FullMath.sol
DA:9,0
end_of_record

SF:/src/contracts/utilities/Index.sol
DA:121,0
end_of_record

SF:/src/contracts/utilities/Kernel.sol
DA:86,0
end_of_record

SF:/src/contracts/utilities/KernelCompact.sol
DA:73,0
end_of_record

SF:/src/contracts/utilities/Memory.sol
DA:42,0
DA:5470,24
DA:5527,2
DA:5530,2
DA:5565,2
DA:5568,2
DA:5573,2
DA:5576,12
DA:5595,2
DA:5598,2
DA:5964,2
DA:5967,2
DA:5980,0
DA:5983,0
DA:5996,2
DA:5999,2
DA:6056,2
DA:6059,12
DA:6500,0
DA:6503,0
end_of_record

SF:/src/contracts/utilities/PoolId.sol
end_of_record

SF:/src/contracts/utilities/Price.sol
DA:8,0
end_of_record

SF:/src/contracts/utilities/SentinelCalls.sol
end_of_record

SF:/src/contracts/utilities/Storage.sol
end_of_record

SF:/src/contracts/utilities/Tag.sol
DA:99,0
end_of_record

SF:/src/contracts/utilities/X111.sol
DA:127,0
end_of_record

SF:/src/contracts/utilities/X127.sol
DA:155,0
end_of_record

SF:/src/contracts/utilities/X15.sol
end_of_record

SF:/src/contracts/utilities/X208.sol
DA:111,0
end_of_record

SF:/src/contracts/utilities/X216.sol
DA:320,0
end_of_record

SF:/src/contracts/utilities/X23.sol
end_of_record

SF:/src/contracts/utilities/X47.sol
end_of_record

SF:/src/contracts/utilities/X59.sol
DA:154,0
end_of_record

SF:/src/contracts/utilities/X74.sol
DA:62,0
end_of_record

SF:/src/echidna/ReadDonateInputTest.sol
DA:23,0
DA:26,0
DA:27,0
DA:31,0
DA:32,0
DA:33,0
DA:34,0
DA:35,0
DA:36,0
DA:37,0
DA:38,0
DA:41,0
DA:55,0
DA:56,0
DA:57,0
DA:58,0
DA:59,0
DA:60,0
DA:61,0
DA:62,0
DA:68,0
DA:72,9
DA:78,63
DA:81,16
DA:82,22
DA:90,5
DA:91,12
DA:92,22
DA:94,6
DA:95,35
DA:96,59
DA:99,29
DA:103,6
DA:104,13
DA:109,0
DA:112,0
DA:119,0
DA:122,0
DA:123,0
DA:150,0
DA:151,0
DA:154,0
DA:155,0
DA:158,0
DA:165,0
DA:166,0
DA:167,0
DA:168,0
DA:170,0
DA:171,0
DA:172,0
DA:173,0
DA:177,0
DA:179,0
DA:181,0
DA:182,0
DA:183,0
DA:184,0
DA:185,0
DA:186,0
DA:192,0
DA:196,0
DA:197,0
DA:200,0
DA:209,0
DA:214,0
DA:218,0
DA:222,0
DA:224,0
DA:227,0
DA:234,0
DA:238,0
DA:239,0
DA:242,0
DA:243,0
DA:245,0
DA:246,0
DA:247,0
DA:250,0
DA:251,0
DA:252,0
DA:253,0
DA:254,0
DA:256,0
DA:257,0
DA:261,0
DA:268,0
DA:277,0
DA:282,0
DA:284,0
DA:286,0
DA:290,0
DA:292,0
DA:299,0
DA:308,0
DA:313,0
DA:316,0
DA:317,0
DA:321,0
DA:323,0
DA:328,0
DA:337,0
DA:342,0
DA:345,0
DA:346,0
DA:350,0
DA:352,0
DA:358,0
DA:367,0
DA:372,0
DA:376,0
DA:377,0
DA:378,0
DA:379,0
DA:381,0
DA:384,0
DA:388,0
DA:390,0
end_of_record

SF:/src/echidna/ReadModifyKernelInputTest.sol
DA:20,301
DA:22,2
DA:23,4
DA:25,6
DA:27,4
DA:28,5
DA:29,5
DA:34,8
DA:35,7
DA:41,0
DA:53,6
DA:54,22
DA:55,30
DA:57,6
DA:58,33
DA:59,59
DA:62,27
DA:63,2
DA:67,11
DA:74,4
DA:75,5
DA:76,5
DA:77,5
DA:78,5
DA:80,5
DA:81,5
DA:82,5
DA:83,5
DA:84,54
DA:88,9
DA:96,4
DA:99,12
DA:100,18
DA:102,28
DA:103,6
DA:104,1
DA:105,1
DA:106,1
DA:107,6
DA:108,6
DA:119,1555
DA:124,2
DA:125,43
DA:134,8
DA:144,9
DA:148,9
DA:151,17
DA:152,25
DA:155,5
DA:158,4
DA:159,13
DA:160,21
DA:162,21
DA:164,25
end_of_record

